NP_114079.1	843	837	25.568	75	259	2.66e-73	XP_030828737.1 metabotropic glutamate receptor 3 isoform X1 [Strongylocentrotus purpuratus]
NP_114079.1	843	836	25.598	73	258	2.75e-73	XP_030828738.1 metabotropic glutamate receptor 3 isoform X2 [Strongylocentrotus purpuratus]
NP_114073.1	842	839	24.672	85	240	7.40e-67	XP_030828738.1 metabotropic glutamate receptor 3 isoform X2 [Strongylocentrotus purpuratus]
NP_114073.1	842	839	24.672	85	240	1.08e-66	XP_030828737.1 metabotropic glutamate receptor 3 isoform X1 [Strongylocentrotus purpuratus]
NP_114073.1	842	771	24.773	42	237	5.93e-65	XP_030838076.1 metabotropic glutamate receptor 3 isoform X3 [Strongylocentrotus purpuratus]
NP_114073.1	842	771	24.773	42	236	9.74e-65	XP_030838075.1 metabotropic glutamate receptor 3 isoform X2 [Strongylocentrotus purpuratus]
NP_114073.1	842	771	24.773	42	236	1.37e-64	XP_030838074.1 metabotropic glutamate receptor 3 isoform X1 [Strongylocentrotus purpuratus]
NP_114078.1	858	830	24.819	66	231	9.10e-63	XP_030838075.1 metabotropic glutamate receptor 3 isoform X2 [Strongylocentrotus purpuratus]
NP_114078.1	858	830	24.819	66	231	7.71e-63	XP_030838074.1 metabotropic glutamate receptor 3 isoform X1 [Strongylocentrotus purpuratus]
NP_114078.1	858	830	24.819	66	231	7.14e-63	XP_030838076.1 metabotropic glutamate receptor 3 isoform X3 [Strongylocentrotus purpuratus]
NP_114078.1	858	850	25.294	69	220	1.23e-59	XP_030828737.1 metabotropic glutamate receptor 3 isoform X1 [Strongylocentrotus purpuratus]
NP_114078.1	858	850	25.294	69	219	1.31e-59	XP_030828738.1 metabotropic glutamate receptor 3 isoform X2 [Strongylocentrotus purpuratus]
NP_114078.1	858	700	24.857	73	209	1.21e-56	XP_030851355.1 extracellular calcium-sensing receptor-like [Strongylocentrotus purpuratus]
NP_114073.1	842	793	25.221	92	207	4.44e-56	XP_030851355.1 extracellular calcium-sensing receptor-like [Strongylocentrotus purpuratus]
NP_114079.1	843	845	24.024	82	202	2.82e-53	XP_030838075.1 metabotropic glutamate receptor 3 isoform X2 [Strongylocentrotus purpuratus]
NP_114079.1	843	845	24.024	82	202	2.42e-53	XP_030838074.1 metabotropic glutamate receptor 3 isoform X1 [Strongylocentrotus purpuratus]
NP_114079.1	843	845	24.024	82	202	1.61e-53	XP_030838076.1 metabotropic glutamate receptor 3 isoform X3 [Strongylocentrotus purpuratus]
NP_114073.1	842	763	24.771	67	192	1.69e-50	XP_030828743.1 metabotropic glutamate receptor 3, partial [Strongylocentrotus purpuratus]
NP_114078.1	858	866	22.055	87	187	1.15e-48	XP_780058.3 metabotropic glutamate receptor 2-like [Strongylocentrotus purpuratus]
NP_114079.1	843	856	24.065	128	186	1.90e-48	XP_030851890.1 metabotropic glutamate receptor 2-like [Strongylocentrotus purpuratus]
NP_114079.1	843	845	24.024	106	186	2.89e-48	XP_780058.3 metabotropic glutamate receptor 2-like [Strongylocentrotus purpuratus]
NP_114078.1	858	861	22.067	77	186	2.99e-48	XP_030851890.1 metabotropic glutamate receptor 2-like [Strongylocentrotus purpuratus]
NP_114073.1	842	763	24.771	67	186	9.30e-49	XP_030850267.1 metabotropic glutamate receptor 3-like, partial [Strongylocentrotus purpuratus]
NP_114079.1	843	790	23.797	100	185	2.02e-48	XP_030851355.1 extracellular calcium-sensing receptor-like [Strongylocentrotus purpuratus]
NP_114073.1	842	825	23.879	78	181	6.19e-47	XP_030851890.1 metabotropic glutamate receptor 2-like [Strongylocentrotus purpuratus]
NP_114073.1	842	825	22.909	78	181	1.06e-46	XP_780058.3 metabotropic glutamate receptor 2-like [Strongylocentrotus purpuratus]
NP_114078.1	858	808	22.772	82	179	4.03e-46	XP_030828743.1 metabotropic glutamate receptor 3, partial [Strongylocentrotus purpuratus]
NP_114078.1	858	808	22.772	82	174	1.80e-44	XP_030850267.1 metabotropic glutamate receptor 3-like, partial [Strongylocentrotus purpuratus]
NP_114079.1	843	642	25.078	75	164	6.46e-42	XP_030855903.1 metabotropic glutamate receptor 7 [Strongylocentrotus purpuratus]
NP_114073.1	842	880	24.091	128	164	3.12e-41	XP_030843273.1 metabotropic glutamate receptor 8 [Strongylocentrotus purpuratus]
NP_114078.1	858	874	24.371	112	160	2.83e-40	XP_030843273.1 metabotropic glutamate receptor 8 [Strongylocentrotus purpuratus]
NP_114079.1	843	487	28.131	51	157	2.21e-40	XP_030829440.1 LOW QUALITY PROTEIN: extracellular calcium-sensing receptor [Strongylocentrotus purpuratus]
NP_114073.1	842	646	22.601	62	155	6.76e-39	XP_030851338.1 metabotropic glutamate receptor 1 [Strongylocentrotus purpuratus]
NP_114073.1	842	493	25.558	46	155	8.07e-40	XP_030829440.1 LOW QUALITY PROTEIN: extracellular calcium-sensing receptor [Strongylocentrotus purpuratus]
NP_114079.1	843	714	22.829	80	150	6.80e-37	XP_030828743.1 metabotropic glutamate receptor 3, partial [Strongylocentrotus purpuratus]
NP_114079.1	843	903	22.924	140	147	7.10e-36	XP_011680409.2 metabotropic glutamate receptor 3 [Strongylocentrotus purpuratus]
NP_114073.1	842	640	23.594	72	146	5.96e-36	XP_030855903.1 metabotropic glutamate receptor 7 [Strongylocentrotus purpuratus]
NP_114079.1	843	713	23.001	78	144	3.34e-35	XP_030850267.1 metabotropic glutamate receptor 3-like, partial [Strongylocentrotus purpuratus]
NP_114078.1	858	527	23.719	61	144	5.37e-36	XP_030829440.1 LOW QUALITY PROTEIN: extracellular calcium-sensing receptor [Strongylocentrotus purpuratus]
NP_114078.1	858	281	32.028	20	142	7.00e-37	XP_030850155.1 metabotropic glutamate receptor 7 [Strongylocentrotus purpuratus]
NP_114079.1	843	609	22.660	57	140	5.65e-34	XP_030851338.1 metabotropic glutamate receptor 1 [Strongylocentrotus purpuratus]
NP_114073.1	842	809	24.722	111	137	7.67e-33	XP_011680409.2 metabotropic glutamate receptor 3 [Strongylocentrotus purpuratus]
NP_114079.1	843	708	22.881	80	130	2.09e-30	XP_011678302.2 extracellular calcium-sensing receptor-like [Strongylocentrotus purpuratus]
NP_114078.1	858	670	22.537	145	126	2.34e-29	XP_011680409.2 metabotropic glutamate receptor 3 [Strongylocentrotus purpuratus]
NP_114079.1	843	297	28.956	37	120	1.52e-29	XP_030850155.1 metabotropic glutamate receptor 7 [Strongylocentrotus purpuratus]
NP_114078.1	858	448	23.661	30	116	2.05e-26	XP_030855903.1 metabotropic glutamate receptor 7 [Strongylocentrotus purpuratus]
NP_114073.1	842	277	27.437	23	116	4.19e-28	XP_030850155.1 metabotropic glutamate receptor 7 [Strongylocentrotus purpuratus]
NP_114073.1	842	367	24.251	32	115	1.03e-25	XP_011678302.2 extracellular calcium-sensing receptor-like [Strongylocentrotus purpuratus]
NP_114078.1	858	656	23.171	85	114	8.75e-26	XP_030851338.1 metabotropic glutamate receptor 1 [Strongylocentrotus purpuratus]
NP_114078.1	858	222	31.081	22	114	6.43e-28	XP_030855904.1 metabotropic glutamate receptor 7-like [Strongylocentrotus purpuratus]
NP_114073.1	842	487	25.667	47	112	8.81e-25	XP_030835366.1 uncharacterized protein LOC582405 [Strongylocentrotus purpuratus]
NP_114073.1	842	223	30.045	22	109	2.34e-26	XP_030855904.1 metabotropic glutamate receptor 7-like [Strongylocentrotus purpuratus]
NP_114079.1	843	349	26.648	58	108	1.09e-23	XP_030843273.1 metabotropic glutamate receptor 8 [Strongylocentrotus purpuratus]
NP_114079.1	843	243	29.218	36	108	9.87e-26	XP_030855904.1 metabotropic glutamate receptor 7-like [Strongylocentrotus purpuratus]
NP_114079.1	843	405	24.198	30	105	1.05e-22	XP_030843273.1 metabotropic glutamate receptor 8 [Strongylocentrotus purpuratus]
NP_114078.1	858	355	25.634	30	101	2.06e-21	XP_011678302.2 extracellular calcium-sensing receptor-like [Strongylocentrotus purpuratus]
NP_114073.1	842	189	32.804	23	100	1.63e-23	XP_030828911.1 extracellular calcium-sensing receptor-like, partial [Strongylocentrotus purpuratus]
NP_114078.1	858	313	27.796	21	97.4	4.88e-20	XP_030835366.1 uncharacterized protein LOC582405 [Strongylocentrotus purpuratus]
NP_114079.1	843	283	23.675	28	95.9	1.15e-19	XP_030835366.1 uncharacterized protein LOC582405 [Strongylocentrotus purpuratus]
NP_114079.1	843	181	32.044	15	92.4	1.08e-20	XP_030828911.1 extracellular calcium-sensing receptor-like, partial [Strongylocentrotus purpuratus]
NP_114079.1	843	206	29.612	22	90.1	9.60e-20	XP_001196473.3 metabotropic glutamate receptor 1-like [Strongylocentrotus purpuratus]
NP_114078.1	858	158	32.278	1	88.2	3.26e-19	XP_030828911.1 extracellular calcium-sensing receptor-like, partial [Strongylocentrotus purpuratus]
NP_114079.1	843	431	22.970	49	87.8	1.74e-17	XP_030849958.1 metabotropic glutamate receptor 3-like [Strongylocentrotus purpuratus]
NP_114078.1	858	253	24.506	10	86.3	1.29e-16	XP_030835366.1 uncharacterized protein LOC582405 [Strongylocentrotus purpuratus]
NP_114078.1	858	225	25.778	26	85.1	4.61e-18	XP_001196473.3 metabotropic glutamate receptor 1-like [Strongylocentrotus purpuratus]
NP_114073.1	842	264	26.515	17	85.1	2.51e-16	XP_030835366.1 uncharacterized protein LOC582405 [Strongylocentrotus purpuratus]
NP_114078.1	858	209	28.230	13	84.7	3.41e-16	XP_030835366.1 uncharacterized protein LOC582405 [Strongylocentrotus purpuratus]
NP_114073.1	842	513	22.027	84	84.0	6.39e-16	XP_030835366.1 uncharacterized protein LOC582405 [Strongylocentrotus purpuratus]
NP_114073.1	842	445	23.146	75	81.3	2.21e-15	XP_030849958.1 metabotropic glutamate receptor 3-like [Strongylocentrotus purpuratus]
NP_114078.1	858	357	25.210	47	80.9	5.36e-15	XP_030830834.1 uncharacterized protein LOC115918357 [Strongylocentrotus purpuratus]
NP_114078.1	858	261	26.820	30	80.1	7.53e-15	XP_030848027.1 uncharacterized protein LOC575563 [Strongylocentrotus purpuratus]
NP_114079.1	843	570	23.684	97	79.3	1.62e-14	XP_030835366.1 uncharacterized protein LOC582405 [Strongylocentrotus purpuratus]
NP_114073.1	842	215	26.047	45	79.0	6.16e-16	XP_001196473.3 metabotropic glutamate receptor 1-like [Strongylocentrotus purpuratus]
NP_114078.1	858	148	31.081	8	74.3	5.05e-13	XP_030848027.1 uncharacterized protein LOC575563 [Strongylocentrotus purpuratus]
NP_114078.1	858	148	31.081	8	73.2	1.26e-12	XP_030830834.1 uncharacterized protein LOC115918357 [Strongylocentrotus purpuratus]
NP_114078.1	858	374	23.529	70	70.9	6.55e-12	XP_030848027.1 uncharacterized protein LOC575563 [Strongylocentrotus purpuratus]
NP_114078.1	858	374	23.529	70	70.9	6.23e-12	XP_030830834.1 uncharacterized protein LOC115918357 [Strongylocentrotus purpuratus]
NP_114079.1	843	651	20.891	110	70.1	1.07e-11	XP_030835366.1 uncharacterized protein LOC582405 [Strongylocentrotus purpuratus]
NP_114073.1	842	183	29.508	11	69.3	1.86e-11	XP_030830834.1 uncharacterized protein LOC115918357 [Strongylocentrotus purpuratus]
NP_114078.1	858	387	20.930	49	68.9	1.62e-11	XP_030849958.1 metabotropic glutamate receptor 3-like [Strongylocentrotus purpuratus]
NP_114073.1	842	147	30.612	7	68.9	2.14e-11	XP_030848027.1 uncharacterized protein LOC575563 [Strongylocentrotus purpuratus]
NP_114073.1	842	459	22.440	74	67.4	7.34e-11	XP_030848027.1 uncharacterized protein LOC575563 [Strongylocentrotus purpuratus]
NP_114073.1	842	459	22.440	74	65.5	2.41e-10	XP_030830834.1 uncharacterized protein LOC115918357 [Strongylocentrotus purpuratus]
NP_114073.1	842	304	21.711	46	65.5	2.67e-10	XP_030830834.1 uncharacterized protein LOC115918357 [Strongylocentrotus purpuratus]
NP_114073.1	842	304	21.711	46	64.7	4.63e-10	XP_030848027.1 uncharacterized protein LOC575563 [Strongylocentrotus purpuratus]
NP_114079.1	843	247	23.077	26	59.3	2.13e-08	XP_030848027.1 uncharacterized protein LOC575563 [Strongylocentrotus purpuratus]
NP_114079.1	843	247	23.077	26	59.3	1.94e-08	XP_030830834.1 uncharacterized protein LOC115918357 [Strongylocentrotus purpuratus]
NP_114079.1	843	510	21.961	99	57.8	5.64e-08	XP_030848027.1 uncharacterized protein LOC575563 [Strongylocentrotus purpuratus]
NP_114079.1	843	88	37.500	3	57.4	7.39e-08	XP_030848027.1 uncharacterized protein LOC575563 [Strongylocentrotus purpuratus]
NP_114078.1	858	242	23.967	31	57.0	1.17e-07	XP_030835366.1 uncharacterized protein LOC582405 [Strongylocentrotus purpuratus]
NP_114079.1	843	97	32.990	3	55.1	3.96e-07	XP_030830834.1 uncharacterized protein LOC115918357 [Strongylocentrotus purpuratus]
NP_114079.1	843	247	21.053	24	55.1	3.51e-07	XP_030835366.1 uncharacterized protein LOC582405 [Strongylocentrotus purpuratus]
NP_114079.1	843	512	22.070	103	54.3	6.05e-07	XP_030830834.1 uncharacterized protein LOC115918357 [Strongylocentrotus purpuratus]
NP_114078.1	858	95	31.579	1	53.5	9.54e-07	XP_030831073.1 receptor-type guanylate cyclase gcy-8 [Strongylocentrotus purpuratus]
NP_114078.1	858	95	32.632	0	51.6	2.81e-06	XP_030838912.1 gamma-aminobutyric acid type B receptor subunit 1 [Strongylocentrotus purpuratus]
NP_114078.1	858	119	27.731	19	48.9	2.68e-06	XP_030840996.1 guanylate cyclase 32E-like [Strongylocentrotus purpuratus]
There are 27 unique query sequences with significant hits 17 contain the term metabotropic 0 contain taste and 0 contain vomeronasal
