NP_114078.1	858	858	100.000	0	1761	0.0	NP_114078.1 taste receptor type 1 member 3 precursor [Mus musculus]
NP_114079.1	843	843	100.000	0	1749	0.0	NP_114079.1 taste receptor type 1 member 2 precursor [Mus musculus]
NP_114073.1	842	842	100.000	0	1737	0.0	NP_114073.1 taste receptor type 1 member 1 precursor [Mus musculus]
NP_114073.1	842	684	99.123	0	1394	0.0	XP_006538537.1 taste receptor type 1 member 1 isoform X1 [Mus musculus]
NP_114073.1	842	818	38.386	16	543	0.0	NP_114079.1 taste receptor type 1 member 2 precursor [Mus musculus]
NP_114079.1	843	818	38.386	16	538	4.49e-179	NP_114073.1 taste receptor type 1 member 1 precursor [Mus musculus]
NP_114079.1	843	690	37.246	12	436	4.04e-141	XP_006538537.1 taste receptor type 1 member 1 isoform X1 [Mus musculus]
NP_114078.1	858	823	32.564	38	420	2.32e-133	NP_114073.1 taste receptor type 1 member 1 precursor [Mus musculus]
NP_114073.1	842	825	32.727	42	420	2.94e-133	NP_114078.1 taste receptor type 1 member 3 precursor [Mus musculus]
NP_114073.1	842	853	30.481	65	413	1.70e-128	XP_006521795.1 extracellular calcium-sensing receptor isoform X1 [Mus musculus]
NP_114073.1	842	853	30.481	65	413	1.70e-128	XP_006521794.1 extracellular calcium-sensing receptor isoform X1 [Mus musculus]
NP_114073.1	842	853	30.481	65	413	1.70e-128	XP_006521793.1 extracellular calcium-sensing receptor isoform X1 [Mus musculus]
NP_114073.1	842	853	30.481	65	413	1.70e-128	XP_006521792.1 extracellular calcium-sensing receptor isoform X1 [Mus musculus]
NP_114073.1	842	853	30.481	65	413	1.70e-128	NP_038831.2 extracellular calcium-sensing receptor precursor [Mus musculus]
NP_114073.1	842	874	29.519	62	397	9.46e-124	NP_694711.1 G-protein coupled receptor family C group 6 member A precursor [Mus musculus]
NP_114078.1	858	830	29.880	38	396	1.78e-123	NP_694711.1 G-protein coupled receptor family C group 6 member A precursor [Mus musculus]
NP_114078.1	858	859	28.871	63	383	4.27e-117	XP_006521795.1 extracellular calcium-sensing receptor isoform X1 [Mus musculus]
NP_114078.1	858	859	28.871	63	383	4.27e-117	XP_006521794.1 extracellular calcium-sensing receptor isoform X1 [Mus musculus]
NP_114078.1	858	859	28.871	63	383	4.27e-117	XP_006521793.1 extracellular calcium-sensing receptor isoform X1 [Mus musculus]
NP_114078.1	858	859	28.871	63	383	4.27e-117	XP_006521792.1 extracellular calcium-sensing receptor isoform X1 [Mus musculus]
NP_114078.1	858	859	28.871	63	383	4.27e-117	NP_038831.2 extracellular calcium-sensing receptor precursor [Mus musculus]
NP_114073.1	842	839	28.963	62	383	8.38e-119	NP_064302.2 vomeronasal type-2 receptor 1 precursor [Mus musculus]
NP_114078.1	858	832	30.889	50	380	4.65e-118	NP_114079.1 taste receptor type 1 member 2 precursor [Mus musculus]
NP_114073.1	842	839	28.963	63	374	5.95e-116	XP_030108615.1 vomeronasal receptor Vmn2r5 isoform X1 [Mus musculus]
NP_114073.1	842	811	29.100	62	374	3.97e-116	XP_006501820.1 vomeronasal type-2 receptor 1 isoform X1 [Mus musculus]
NP_114079.1	843	832	30.889	50	371	1.06e-114	NP_114078.1 taste receptor type 1 member 3 precursor [Mus musculus]
NP_114079.1	843	868	29.263	75	369	4.64e-112	XP_006521795.1 extracellular calcium-sensing receptor isoform X1 [Mus musculus]
NP_114079.1	843	868	29.263	75	369	4.64e-112	XP_006521794.1 extracellular calcium-sensing receptor isoform X1 [Mus musculus]
NP_114079.1	843	868	29.263	75	369	4.64e-112	XP_006521793.1 extracellular calcium-sensing receptor isoform X1 [Mus musculus]
NP_114079.1	843	868	29.263	75	369	4.64e-112	XP_006521792.1 extracellular calcium-sensing receptor isoform X1 [Mus musculus]
NP_114079.1	843	868	29.263	75	369	4.64e-112	NP_038831.2 extracellular calcium-sensing receptor precursor [Mus musculus]
NP_114073.1	842	839	29.559	65	369	1.00e-113	XP_006500873.1 vomeronasal 2, receptor 2 isoform X3 [Mus musculus]
NP_114079.1	843	844	30.450	56	367	1.34e-112	NP_694711.1 G-protein coupled receptor family C group 6 member A precursor [Mus musculus]
NP_114073.1	842	842	29.454	68	365	6.96e-112	XP_030108190.1 vomeronasal 2, receptor 2 isoform X4 [Mus musculus]
NP_114073.1	842	799	29.537	61	363	2.95e-112	NP_001098088.1 vomeronasal receptor Vmn2r5 [Mus musculus]
NP_114073.1	842	801	29.963	65	356	1.32e-109	NP_001098062.1 vomeronasal 2, receptor 2 [Mus musculus]
NP_114078.1	858	846	28.605	57	344	2.46e-104	XP_030108615.1 vomeronasal receptor Vmn2r5 isoform X1 [Mus musculus]
NP_114078.1	858	682	31.672	31	339	5.17e-104	XP_006538537.1 taste receptor type 1 member 1 isoform X1 [Mus musculus]
NP_114078.1	858	849	28.740	64	338	6.91e-102	NP_064302.2 vomeronasal type-2 receptor 1 precursor [Mus musculus]
NP_114073.1	842	715	29.510	55	337	2.81e-101	XP_006521798.1 extracellular calcium-sensing receptor isoform X2 [Mus musculus]
NP_114073.1	842	824	27.670	109	334	2.86e-101	XP_006501821.1 vomeronasal type-2 receptor 1 isoform X2 [Mus musculus]
NP_114078.1	858	805	28.571	55	332	2.27e-100	NP_001098088.1 vomeronasal receptor Vmn2r5 [Mus musculus]
NP_114078.1	858	881	27.355	60	331	3.86e-99	XP_006500873.1 vomeronasal 2, receptor 2 isoform X3 [Mus musculus]
NP_114078.1	858	819	28.571	56	330	2.40e-99	XP_006501820.1 vomeronasal type-2 receptor 1 isoform X1 [Mus musculus]
NP_114073.1	842	837	27.240	61	330	8.32e-99	XP_006501959.1 vomeronasal receptor Vmn2r6 isoform X1 [Mus musculus]
NP_114073.1	842	846	27.069	73	327	8.05e-98	NP_001098084.1 vomeronasal 2, receptor 3 [Mus musculus]
NP_114073.1	842	840	27.262	67	327	7.87e-98	XP_006501918.1 vomeronasal receptor Vmn2r4 isoform X1 [Mus musculus]
NP_114073.1	842	837	26.882	63	327	3.21e-98	XP_006501917.1 vomeronasal 2, receptor 3 isoform X1 [Mus musculus]
NP_114078.1	858	884	27.149	63	324	1.51e-96	XP_030108190.1 vomeronasal 2, receptor 2 isoform X4 [Mus musculus]
NP_114073.1	842	799	27.785	61	320	3.88e-96	NP_001098089.1 vomeronasal receptor Vmn2r6 [Mus musculus]
NP_114073.1	842	804	27.985	71	317	1.17e-94	NP_001098085.1 vomeronasal receptor Vmn2r4 [Mus musculus]
NP_114078.1	858	853	26.729	75	316	5.07e-94	XP_006501917.1 vomeronasal 2, receptor 3 isoform X1 [Mus musculus]
NP_114073.1	842	799	27.284	61	313	2.56e-93	NP_783605.2 vomeronasal 2, receptor 7 [Mus musculus]
NP_114078.1	858	853	26.495	73	311	8.50e-92	XP_006501918.1 vomeronasal receptor Vmn2r4 isoform X1 [Mus musculus]
NP_114078.1	858	845	27.101	57	311	1.18e-91	XP_006501959.1 vomeronasal receptor Vmn2r6 isoform X1 [Mus musculus]
NP_114078.1	858	803	27.397	51	311	9.00e-93	NP_001098062.1 vomeronasal 2, receptor 2 [Mus musculus]
NP_114073.1	842	786	29.135	51	311	5.24e-93	NP_001098118.1 vomeronasal receptor Vmn2r56 [Mus musculus]
NP_114073.1	842	781	29.193	47	310	1.35e-92	XP_011248971.1 vomeronasal receptor Vmn2r56 isoform X1 [Mus musculus]
NP_114078.1	858	873	26.575	107	307	1.71e-90	NP_001098084.1 vomeronasal 2, receptor 3 [Mus musculus]
NP_114073.1	842	780	29.103	47	306	1.76e-91	XP_011248705.1 vomeronasal 2, receptor 55 isoform X1 [Mus musculus]
NP_114073.1	842	789	29.278	56	303	8.16e-90	NP_001074918.2 vomeronasal 2, receptor 54 [Mus musculus]
NP_114078.1	858	814	26.536	73	298	9.91e-88	NP_001098085.1 vomeronasal receptor Vmn2r4 [Mus musculus]
NP_114078.1	858	812	26.847	69	298	1.02e-87	NP_783605.2 vomeronasal 2, receptor 7 [Mus musculus]
NP_114078.1	858	806	27.295	57	298	8.34e-88	NP_001098089.1 vomeronasal receptor Vmn2r6 [Mus musculus]
NP_114073.1	842	803	28.269	55	295	4.43e-87	NP_001098114.1 vomeronasal 2, receptor 53 [Mus musculus]
NP_114079.1	843	732	27.732	67	294	1.63e-85	XP_006521798.1 extracellular calcium-sensing receptor isoform X2 [Mus musculus]
NP_114078.1	858	718	27.855	60	294	1.86e-85	XP_006521798.1 extracellular calcium-sensing receptor isoform X2 [Mus musculus]
NP_114079.1	843	852	25.352	86	286	9.79e-83	NP_064302.2 vomeronasal type-2 receptor 1 precursor [Mus musculus]
NP_114079.1	843	857	26.138	95	281	3.03e-81	XP_030108615.1 vomeronasal receptor Vmn2r5 isoform X1 [Mus musculus]
NP_114079.1	843	901	26.526	117	279	4.06e-80	XP_017176787.1 metabotropic glutamate receptor 7 isoform X1 [Mus musculus]
NP_114079.1	843	901	26.526	117	279	4.06e-80	XP_006505359.1 metabotropic glutamate receptor 7 isoform X1 [Mus musculus]
NP_114079.1	843	901	26.526	117	278	8.30e-80	XP_006505363.1 metabotropic glutamate receptor 7 isoform X3 [Mus musculus]
NP_114079.1	843	901	26.526	117	278	7.25e-80	XP_006505361.1 metabotropic glutamate receptor 7 isoform X2 [Mus musculus]
NP_114079.1	843	901	26.526	117	278	7.25e-80	NP_001333569.1 metabotropic glutamate receptor 7 isoform 2 precursor [Mus musculus]
NP_114079.1	843	901	26.526	117	278	6.47e-80	XP_006505364.1 metabotropic glutamate receptor 7 isoform X4 [Mus musculus]
NP_114079.1	843	901	26.526	117	278	4.94e-80	NP_796302.2 metabotropic glutamate receptor 7 isoform 1 precursor [Mus musculus]
NP_114079.1	843	855	26.082	95	278	7.33e-80	XP_006500873.1 vomeronasal 2, receptor 2 isoform X3 [Mus musculus]
NP_114079.1	843	826	25.303	85	278	1.48e-80	XP_006501820.1 vomeronasal type-2 receptor 1 isoform X1 [Mus musculus]
NP_114079.1	843	818	28.851	80	276	7.20e-80	NP_001074918.2 vomeronasal 2, receptor 54 [Mus musculus]
NP_114073.1	842	827	27.207	53	276	1.44e-79	NP_001098108.1 vomeronasal 2, receptor 23 precursor [Mus musculus]
NP_114079.1	843	880	27.273	111	273	4.88e-78	XP_011244777.1 metabotropic glutamate receptor 4 isoform X1 [Mus musculus]
NP_114079.1	843	880	27.273	111	273	4.88e-78	XP_006524380.1 metabotropic glutamate receptor 4 isoform X1 [Mus musculus]
NP_114079.1	843	880	27.273	111	273	4.88e-78	NP_001277974.1 metabotropic glutamate receptor 4 isoform 1 precursor [Mus musculus]
NP_114079.1	843	858	25.874	98	273	3.94e-78	XP_030108190.1 vomeronasal 2, receptor 2 isoform X4 [Mus musculus]
NP_114079.1	843	853	25.088	89	271	2.84e-77	XP_006501918.1 vomeronasal receptor Vmn2r4 isoform X1 [Mus musculus]
NP_114079.1	843	814	26.290	88	271	7.25e-78	NP_001098088.1 vomeronasal receptor Vmn2r5 [Mus musculus]
NP_114073.1	842	846	27.305	65	269	5.90e-77	NP_001098109.1 vomeronasal receptor Vmn2r24 precursor [Mus musculus]
NP_114079.1	843	816	26.225	92	267	1.62e-76	NP_001098062.1 vomeronasal 2, receptor 2 [Mus musculus]
NP_114073.1	842	860	26.860	90	267	2.92e-75	XP_006507247.1 metabotropic glutamate receptor 5 isoform X2 [Mus musculus]
NP_114073.1	842	856	27.687	87	267	1.87e-76	NP_001098111.1 vomeronasal receptor Vmn2r25 precursor [Mus musculus]
NP_114073.1	842	860	26.860	90	266	2.01e-74	NP_001074883.1 metabotropic glutamate receptor 5 isoform a precursor [Mus musculus]
NP_114073.1	842	789	27.376	57	266	1.06e-76	NP_001098115.1 vomeronasal 2, receptor 55 [Mus musculus]
NP_114079.1	843	848	26.651	104	265	7.58e-76	XP_006505365.1 metabotropic glutamate receptor 7 isoform X5 [Mus musculus]
NP_114079.1	843	801	28.090	68	265	5.52e-76	NP_001098118.1 vomeronasal receptor Vmn2r56 [Mus musculus]
NP_114073.1	842	860	26.860	90	265	3.66e-74	XP_011239945.1 metabotropic glutamate receptor 5 isoform X1 [Mus musculus]
NP_114073.1	842	860	26.860	90	265	3.66e-74	NP_001137306.1 metabotropic glutamate receptor 5 isoform b precursor [Mus musculus]
NP_114079.1	843	847	26.564	94	264	4.40e-75	NP_862898.1 metabotropic glutamate receptor 3 precursor [Mus musculus]
NP_114073.1	842	841	26.754	72	264	8.00e-75	XP_006512614.1 metabotropic glutamate receptor 1 isoform X3 [Mus musculus]
NP_114079.1	843	810	28.025	70	263	4.73e-75	NP_001098114.1 vomeronasal 2, receptor 53 [Mus musculus]
NP_114073.1	842	841	26.754	72	263	1.02e-74	NP_001107805.1 metabotropic glutamate receptor 1 isoform beta precursor [Mus musculus]
NP_114073.1	842	835	27.305	45	263	8.59e-75	NP_064301.2 vomeronasal type-2 receptor 26 precursor [Mus musculus]
NP_114079.1	843	800	28.000	62	262	5.66e-75	XP_011248971.1 vomeronasal receptor Vmn2r56 isoform X1 [Mus musculus]
NP_114079.1	843	827	27.328	101	261	3.07e-74	NP_001013403.1 metabotropic glutamate receptor 4 isoform 2 precursor [Mus musculus]
NP_114079.1	843	814	27.764	91	261	1.20e-74	XP_011248705.1 vomeronasal 2, receptor 55 isoform X1 [Mus musculus]
NP_114073.1	842	875	26.400	76	261	1.30e-72	XP_006512612.1 metabotropic glutamate receptor 1 isoform X1 [Mus musculus]
NP_114073.1	842	875	26.400	76	261	1.30e-72	NP_058672.1 metabotropic glutamate receptor 1 isoform alpha precursor [Mus musculus]
NP_114073.1	842	854	24.941	61	260	6.40e-74	NP_001098019.1 vomeronasal receptor Vmn2r97 precursor [Mus musculus]
NP_114073.1	842	837	25.329	67	260	9.01e-74	NP_001098042.1 vomeronasal receptor Vmn2r110 precursor [Mus musculus]
NP_114073.1	842	867	25.490	67	259	2.06e-73	NP_001098107.1 vomeronasal receptor Vmn2r22 precursor [Mus musculus]
NP_114073.1	842	857	25.204	63	259	1.26e-73	XP_006524642.1 vomeronasal 2, receptor 96 isoform X1 [Mus musculus]
NP_114073.1	842	853	24.853	63	259	1.13e-73	XP_017173085.1 vomeronasal receptor Vmn2r97 isoform X1 [Mus musculus]
NP_114073.1	842	843	25.267	49	259	1.84e-73	NP_001098525.1 vomeronasal receptor Vmn2r58 precursor [Mus musculus]
NP_114073.1	842	840	25.357	67	259	2.00e-73	NP_001096051.1 vomeronasal 2, receptor 95 precursor [Mus musculus]
NP_114079.1	843	852	24.648	140	258	2.19e-73	XP_006501821.1 vomeronasal type-2 receptor 1 isoform X2 [Mus musculus]
NP_114073.1	842	850	25.294	67	258	5.37e-73	NP_001098041.1 vomeronasal 2, receptor 109 precursor [Mus musculus]
NP_114079.1	843	852	24.883	87	257	1.57e-72	XP_006501959.1 vomeronasal receptor Vmn2r6 isoform X1 [Mus musculus]
NP_114079.1	843	814	25.061	86	257	4.44e-73	NP_001098085.1 vomeronasal receptor Vmn2r4 [Mus musculus]
NP_114073.1	842	851	25.617	78	257	7.91e-73	NP_001098102.1 vomeronasal receptor Vmn2r19 precursor [Mus musculus]
NP_114073.1	842	851	25.617	77	257	1.04e-72	XP_030105800.1 vomeronasal 2, receptor 92 isoform X1 [Mus musculus]
NP_114073.1	842	843	24.318	63	257	9.20e-73	NP_808432.2 vomeronasal 2, receptor 57 precursor [Mus musculus]
NP_114079.1	843	848	24.882	81	255	6.03e-72	XP_006501917.1 vomeronasal 2, receptor 3 isoform X1 [Mus musculus]
NP_114073.1	842	872	25.000	77	255	5.81e-72	NP_001098105.1 vomeronasal receptor Vmn2r21 precursor [Mus musculus]
NP_114073.1	842	848	25.000	65	255	5.17e-72	NP_001098036.1 vomeronasal 2, receptor 104 precursor [Mus musculus]
NP_114073.1	842	836	25.957	57	255	4.03e-72	NP_001098527.1 vomeronasal 2, receptor 60 precursor [Mus musculus]
NP_114079.1	843	874	26.316	111	254	2.91e-71	XP_006505054.1 metabotropic glutamate receptor 8 isoform X1 [Mus musculus]
NP_114079.1	843	874	26.316	111	254	2.91e-71	XP_006505053.1 metabotropic glutamate receptor 8 isoform X1 [Mus musculus]
NP_114079.1	843	874	26.316	111	254	2.91e-71	XP_006505052.1 metabotropic glutamate receptor 8 isoform X1 [Mus musculus]
NP_114079.1	843	874	26.316	111	254	2.91e-71	NP_032200.2 metabotropic glutamate receptor 8 isoform 1 precursor [Mus musculus]
NP_114079.1	843	874	26.316	111	254	2.91e-71	NP_001348054.1 metabotropic glutamate receptor 8 isoform 1 precursor [Mus musculus]
NP_114073.1	842	852	25.704	78	254	1.00e-71	NP_001098011.1 vomeronasal 2, receptor 92 precursor [Mus musculus]
NP_114073.1	842	845	25.917	73	254	7.18e-72	NP_001098021.2 vomeronasal 2, receptor 99 precursor [Mus musculus]
NP_114073.1	842	837	25.568	71	254	9.34e-72	XP_030105846.1 vomeronasal receptor Vmn2r91 isoform X1 [Mus musculus]
NP_114079.1	843	874	26.316	111	253	5.89e-71	XP_030111034.1 metabotropic glutamate receptor 8 isoform X2 [Mus musculus]
NP_114079.1	843	874	26.316	111	253	5.89e-71	NP_001298001.1 metabotropic glutamate receptor 8 isoform 2 precursor [Mus musculus]
NP_114078.1	858	797	30.364	65	253	1.21e-71	NP_001098118.1 vomeronasal receptor Vmn2r56 [Mus musculus]
NP_114073.1	842	876	24.886	76	253	1.88e-71	NP_001098039.1 vomeronasal 2, receptor 107 precursor [Mus musculus]
NP_114073.1	842	863	25.029	77	253	2.39e-71	NP_001098104.1 vomeronasal receptor Vmn2r20 precursor [Mus musculus]
NP_114073.1	842	852	25.000	81	253	2.96e-71	NP_001098033.1 vomeronasal 2, receptor 101 precursor [Mus musculus]
NP_114078.1	858	797	30.489	71	251	5.81e-71	XP_011248971.1 vomeronasal receptor Vmn2r56 isoform X1 [Mus musculus]
NP_114073.1	842	843	25.030	63	251	1.27e-70	NP_001098529.1 vomeronasal 2, receptor 62 precursor [Mus musculus]
NP_114073.1	842	838	25.656	72	251	1.06e-70	NP_001098010.1 vomeronasal receptor Vmn2r91 precursor [Mus musculus]
NP_114073.1	842	782	25.703	45	251	7.63e-71	XP_017173039.1 vomeronasal 2, receptor 118 isoform X1 [Mus musculus]
NP_114079.1	843	815	25.153	88	250	1.54e-70	NP_783605.2 vomeronasal 2, receptor 7 [Mus musculus]
NP_114078.1	858	784	30.357	45	250	9.87e-71	XP_011248705.1 vomeronasal 2, receptor 55 isoform X1 [Mus musculus]
NP_114073.1	842	829	25.332	61	250	2.25e-70	NP_001098530.1 vomeronasal 2, receptor 63 precursor [Mus musculus]
NP_114073.1	842	880	24.545	78	249	4.16e-70	NP_001098012.1 vomeronasal receptor Vmn2r93 precursor [Mus musculus]
NP_114073.1	842	845	25.207	92	249	1.11e-69	NP_862898.1 metabotropic glutamate receptor 3 precursor [Mus musculus]
NP_114079.1	843	842	25.178	81	248	2.17e-69	NP_001098529.1 vomeronasal 2, receptor 62 precursor [Mus musculus]
NP_114078.1	858	790	30.127	54	248	6.75e-70	NP_001098114.1 vomeronasal 2, receptor 53 [Mus musculus]
NP_114073.1	842	784	25.510	46	247	3.59e-69	NP_001098052.1 vomeronasal 2, receptor 118 precursor [Mus musculus]
NP_114079.1	843	859	24.796	95	246	1.36e-68	NP_001098084.1 vomeronasal 2, receptor 3 [Mus musculus]
NP_114073.1	842	841	24.138	65	246	6.47e-69	NP_001098032.1 vomeronasal receptor Vmn2r100 precursor [Mus musculus]
NP_114079.1	843	813	24.969	84	245	8.73e-69	NP_001098089.1 vomeronasal receptor Vmn2r6 [Mus musculus]
NP_114073.1	842	865	24.162	73	245	1.32e-68	NP_001098020.1 vomeronasal receptor Vmn2r98 precursor [Mus musculus]
NP_114073.1	842	846	24.232	69	245	1.48e-68	NP_001098034.1 vomeronasal receptor Vmn2r102 precursor [Mus musculus]
NP_114079.1	843	848	26.533	104	244	3.82e-68	NP_001153825.1 metabotropic glutamate receptor 2 precursor [Mus musculus]
NP_114079.1	843	834	25.060	65	244	3.59e-68	NP_001098530.1 vomeronasal 2, receptor 63 precursor [Mus musculus]
NP_114078.1	858	854	25.878	70	244	3.30e-68	NP_001098527.1 vomeronasal 2, receptor 60 precursor [Mus musculus]
NP_114073.1	842	847	24.439	71	244	2.39e-68	NP_001098035.1 vomeronasal receptor Vmn2r103 precursor [Mus musculus]
NP_114073.1	842	861	24.855	67	243	1.12e-67	NP_001098040.1 vomeronasal receptor Vmn2r108 precursor [Mus musculus]
NP_114073.1	842	848	24.292	57	242	1.64e-67	XP_030105536.1 vomeronasal receptor Vmn2r106 isoform X1 [Mus musculus]
NP_114073.1	842	839	24.791	75	242	2.16e-67	NP_001258812.1 vomeronasal 2, receptor 124 precursor [Mus musculus]
NP_114079.1	843	841	24.970	68	241	3.35e-67	NP_001098011.1 vomeronasal 2, receptor 92 precursor [Mus musculus]
NP_114079.1	843	838	25.060	65	241	5.39e-67	NP_001098525.1 vomeronasal receptor Vmn2r58 precursor [Mus musculus]
NP_114073.1	842	831	24.428	62	241	3.05e-67	NP_001098659.1 vomeronasal 2, receptor 78 precursor [Mus musculus]
NP_114073.1	842	828	24.638	49	241	4.41e-67	NP_001098526.1 vomeronasal receptor Vmn2r59 precursor [Mus musculus]
NP_114073.1	842	853	24.385	67	240	9.99e-67	NP_001356161.1 vomeronasal receptor Vmn2r105 [Mus musculus]
NP_114073.1	842	849	24.146	55	240	9.53e-67	NP_001098038.1 vomeronasal receptor Vmn2r106 precursor [Mus musculus]
NP_114073.1	842	842	24.941	66	240	7.08e-67	NP_001098531.1 vomeronasal 2, receptor 126 precursor [Mus musculus]
NP_114073.1	842	833	24.130	69	240	2.37e-66	XP_011244777.1 metabotropic glutamate receptor 4 isoform X1 [Mus musculus]
NP_114073.1	842	833	24.130	69	240	2.37e-66	XP_006524380.1 metabotropic glutamate receptor 4 isoform X1 [Mus musculus]
NP_114073.1	842	833	24.130	69	240	2.37e-66	NP_001277974.1 metabotropic glutamate receptor 4 isoform 1 precursor [Mus musculus]
NP_114079.1	843	851	24.207	75	239	2.32e-66	NP_001356161.1 vomeronasal receptor Vmn2r105 [Mus musculus]
NP_114079.1	843	840	25.238	77	239	2.01e-66	NP_808432.2 vomeronasal 2, receptor 57 precursor [Mus musculus]
NP_114079.1	843	836	25.359	62	239	1.59e-66	NP_001096838.1 vomeronasal 2, receptor 80 precursor [Mus musculus]
NP_114078.1	858	787	29.479	42	239	1.17e-66	NP_001074918.2 vomeronasal 2, receptor 54 [Mus musculus]
NP_114073.1	842	863	23.407	55	239	1.31e-66	NP_001098660.1 vomeronasal receptor Vmn2r79 precursor [Mus musculus]
NP_114073.1	842	849	24.853	98	239	6.49e-66	XP_017176787.1 metabotropic glutamate receptor 7 isoform X1 [Mus musculus]
NP_114073.1	842	849	24.853	98	239	6.49e-66	XP_006505359.1 metabotropic glutamate receptor 7 isoform X1 [Mus musculus]
NP_114073.1	842	849	24.853	98	239	5.96e-66	NP_796302.2 metabotropic glutamate receptor 7 isoform 1 precursor [Mus musculus]
NP_114073.1	842	849	24.853	98	239	5.19e-66	XP_006505361.1 metabotropic glutamate receptor 7 isoform X2 [Mus musculus]
NP_114073.1	842	849	24.853	98	239	5.19e-66	NP_001333569.1 metabotropic glutamate receptor 7 isoform 2 precursor [Mus musculus]
NP_114073.1	842	849	24.853	98	239	3.58e-66	XP_006505363.1 metabotropic glutamate receptor 7 isoform X3 [Mus musculus]
NP_114073.1	842	849	24.617	98	239	3.87e-66	XP_006505364.1 metabotropic glutamate receptor 7 isoform X4 [Mus musculus]
NP_114079.1	843	843	24.792	88	238	3.59e-66	NP_001098531.1 vomeronasal 2, receptor 126 precursor [Mus musculus]
NP_114079.1	843	839	25.149	72	238	4.79e-66	NP_001098010.1 vomeronasal receptor Vmn2r91 precursor [Mus musculus]
NP_114079.1	843	838	25.060	67	238	6.13e-66	NP_001098007.1 vomeronasal 2, receptor 83 precursor [Mus musculus]
NP_114073.1	842	848	24.410	57	238	4.39e-66	NP_001098528.1 vomeronasal receptor Vmn2r61 precursor [Mus musculus]
NP_114073.1	842	808	24.629	58	238	2.98e-66	XP_030105847.1 vomeronasal receptor Vmn2r94 isoform X1 [Mus musculus]
NP_114073.1	842	808	24.629	58	238	2.98e-66	NP_001098013.1 vomeronasal receptor Vmn2r94 [Mus musculus]
NP_114079.1	843	841	24.970	69	237	1.33e-65	XP_030105800.1 vomeronasal 2, receptor 92 isoform X1 [Mus musculus]
NP_114079.1	843	835	26.228	94	237	1.58e-65	XP_030101325.1 metabotropic glutamate receptor 6 isoform X3 [Mus musculus]
NP_114079.1	843	835	26.228	94	237	1.58e-65	NP_775548.2 metabotropic glutamate receptor 6 precursor [Mus musculus]
NP_114079.1	843	830	24.940	58	237	1.20e-65	NP_787950.1 vomeronasal 2, receptor 81 precursor [Mus musculus]
NP_114079.1	843	814	27.518	83	237	3.14e-66	NP_001098115.1 vomeronasal 2, receptor 55 [Mus musculus]
NP_114079.1	843	839	24.672	63	235	6.75e-65	XP_006524642.1 vomeronasal 2, receptor 96 isoform X1 [Mus musculus]
NP_114079.1	843	780	26.026	89	235	1.26e-65	XP_017174901.1 vomeronasal 2, receptor 2 isoform X1 [Mus musculus]
NP_114079.1	843	854	24.239	66	234	8.97e-65	NP_001098019.1 vomeronasal receptor Vmn2r97 precursor [Mus musculus]
NP_114079.1	843	852	24.648	66	234	8.89e-65	XP_017173085.1 vomeronasal receptor Vmn2r97 isoform X1 [Mus musculus]
NP_114079.1	843	839	25.149	73	233	2.10e-64	XP_030105846.1 vomeronasal receptor Vmn2r91 isoform X1 [Mus musculus]
NP_114079.1	843	843	24.437	67	232	7.43e-64	NP_001098527.1 vomeronasal 2, receptor 60 precursor [Mus musculus]
NP_114079.1	843	834	24.341	58	232	7.33e-64	NP_001095042.1 vomeronasal 2, receptor 82 precursor [Mus musculus]
NP_114073.1	842	842	26.128	53	232	5.22e-64	NP_001098112.1 vomeronasal 2, receptor27 precursor [Mus musculus]
NP_114079.1	843	837	24.970	55	231	1.06e-63	NP_001098526.1 vomeronasal receptor Vmn2r59 precursor [Mus musculus]
NP_114079.1	843	776	26.031	89	231	2.50e-64	XP_017174902.1 vomeronasal 2, receptor 2 isoform X2 [Mus musculus]
NP_114073.1	842	849	26.384	100	231	2.59e-63	NP_001153825.1 metabotropic glutamate receptor 2 precursor [Mus musculus]
NP_114073.1	842	829	24.125	58	231	1.41e-63	NP_001098658.1 vomeronasal receptor Vmn2r77 precursor [Mus musculus]
NP_114073.1	842	785	24.076	64	231	1.22e-63	NP_001013403.1 metabotropic glutamate receptor 4 isoform 2 precursor [Mus musculus]
NP_114079.1	843	842	24.466	75	230	2.35e-63	NP_001096051.1 vomeronasal 2, receptor 95 precursor [Mus musculus]
NP_114073.1	842	796	23.367	76	230	3.18e-63	NP_001098061.1 vomeronasal receptor Vmn2r120 precursor [Mus musculus]
NP_114078.1	858	854	25.293	87	229	7.19e-63	NP_001098525.1 vomeronasal receptor Vmn2r58 precursor [Mus musculus]
NP_114073.1	842	833	24.970	51	229	7.75e-63	NP_001098009.1 vomeronasal receptor Vmn2r90 precursor [Mus musculus]
NP_114073.1	842	826	23.850	70	229	1.11e-62	NP_001098007.1 vomeronasal 2, receptor 83 precursor [Mus musculus]
NP_114073.1	842	798	24.436	87	229	5.97e-63	XP_006505365.1 metabotropic glutamate receptor 7 isoform X5 [Mus musculus]
NP_114078.1	858	847	23.731	79	227	4.15e-62	NP_001098033.1 vomeronasal 2, receptor 101 precursor [Mus musculus]
NP_114078.1	858	791	29.456	51	227	2.34e-62	NP_001098115.1 vomeronasal 2, receptor 55 [Mus musculus]
NP_114079.1	843	851	24.677	90	226	2.69e-61	XP_006507247.1 metabotropic glutamate receptor 5 isoform X2 [Mus musculus]
NP_114079.1	843	851	23.972	73	226	7.96e-62	NP_001098036.1 vomeronasal 2, receptor 104 precursor [Mus musculus]
NP_114079.1	843	839	24.195	71	226	5.67e-62	NP_001098041.1 vomeronasal 2, receptor 109 precursor [Mus musculus]
NP_114079.1	843	851	24.677	90	225	1.59e-60	NP_001074883.1 metabotropic glutamate receptor 5 isoform a precursor [Mus musculus]
NP_114079.1	843	851	24.677	90	225	1.38e-60	XP_011239945.1 metabotropic glutamate receptor 5 isoform X1 [Mus musculus]
NP_114079.1	843	851	24.677	90	225	1.38e-60	NP_001137306.1 metabotropic glutamate receptor 5 isoform b precursor [Mus musculus]
NP_114079.1	843	857	24.037	76	224	3.38e-61	NP_001098020.1 vomeronasal receptor Vmn2r98 precursor [Mus musculus]
NP_114079.1	843	855	24.327	74	224	2.97e-61	NP_001098039.1 vomeronasal 2, receptor 107 precursor [Mus musculus]
NP_114079.1	843	845	24.734	75	224	2.79e-61	NP_001098009.1 vomeronasal receptor Vmn2r90 precursor [Mus musculus]
NP_114079.1	843	840	23.810	73	224	3.25e-61	NP_001258812.1 vomeronasal 2, receptor 124 precursor [Mus musculus]
NP_114079.1	843	839	23.719	69	224	2.74e-61	NP_001098032.1 vomeronasal receptor Vmn2r100 precursor [Mus musculus]
NP_114079.1	843	841	23.543	75	223	7.43e-61	NP_001098033.1 vomeronasal 2, receptor 101 precursor [Mus musculus]
NP_114078.1	858	872	24.197	110	223	1.16e-60	NP_001098041.1 vomeronasal 2, receptor 109 precursor [Mus musculus]
NP_114078.1	858	849	23.793	83	223	8.02e-61	NP_001098021.2 vomeronasal 2, receptor 99 precursor [Mus musculus]
NP_114078.1	858	847	23.377	79	223	7.88e-61	NP_001098034.1 vomeronasal receptor Vmn2r102 precursor [Mus musculus]
NP_114073.1	842	825	23.758	67	223	1.03e-60	NP_001096838.1 vomeronasal 2, receptor 80 precursor [Mus musculus]
NP_114073.1	842	789	24.842	62	223	1.19e-60	NP_001098045.1 vomeronasal receptor Vmn2r112 precursor [Mus musculus]
NP_114079.1	843	839	23.600	71	222	2.03e-60	NP_001098528.1 vomeronasal receptor Vmn2r61 precursor [Mus musculus]
NP_114078.1	858	854	25.059	99	222	1.99e-60	NP_001098528.1 vomeronasal receptor Vmn2r61 precursor [Mus musculus]
NP_114073.1	842	860	23.488	78	222	4.24e-60	XP_030111034.1 metabotropic glutamate receptor 8 isoform X2 [Mus musculus]
NP_114073.1	842	860	23.488	78	222	4.24e-60	NP_001298001.1 metabotropic glutamate receptor 8 isoform 2 precursor [Mus musculus]
NP_114073.1	842	805	23.975	63	222	2.52e-60	NP_787950.1 vomeronasal 2, receptor 81 precursor [Mus musculus]
NP_114079.1	843	858	23.660	79	221	6.41e-60	NP_001098012.1 vomeronasal receptor Vmn2r93 precursor [Mus musculus]
NP_114073.1	842	860	23.488	78	221	4.89e-60	XP_006505054.1 metabotropic glutamate receptor 8 isoform X1 [Mus musculus]
NP_114073.1	842	860	23.488	78	221	4.89e-60	XP_006505053.1 metabotropic glutamate receptor 8 isoform X1 [Mus musculus]
NP_114073.1	842	860	23.488	78	221	4.89e-60	XP_006505052.1 metabotropic glutamate receptor 8 isoform X1 [Mus musculus]
NP_114073.1	842	860	23.488	78	221	4.89e-60	NP_032200.2 metabotropic glutamate receptor 8 isoform 1 precursor [Mus musculus]
NP_114073.1	842	860	23.488	78	221	4.89e-60	NP_001348054.1 metabotropic glutamate receptor 8 isoform 1 precursor [Mus musculus]
NP_114073.1	842	807	24.040	65	221	6.56e-60	NP_001095042.1 vomeronasal 2, receptor 82 precursor [Mus musculus]
NP_114073.1	842	788	24.365	47	221	3.57e-60	NP_001098050.1 vomeronasal type-2 receptor 116 precursor [Mus musculus]
NP_114079.1	843	852	23.474	67	220	7.26e-60	NP_001098034.1 vomeronasal receptor Vmn2r102 precursor [Mus musculus]
NP_114079.1	843	841	24.257	75	219	1.89e-59	NP_001098040.1 vomeronasal receptor Vmn2r108 precursor [Mus musculus]
NP_114079.1	843	837	24.014	65	219	1.92e-59	NP_001098021.2 vomeronasal 2, receptor 99 precursor [Mus musculus]
NP_114078.1	858	874	24.027	101	219	2.75e-59	NP_001098012.1 vomeronasal receptor Vmn2r93 precursor [Mus musculus]
NP_114078.1	858	864	23.611	93	219	2.68e-59	NP_001098039.1 vomeronasal 2, receptor 107 precursor [Mus musculus]
NP_114078.1	858	849	23.793	83	219	2.46e-59	XP_030105800.1 vomeronasal 2, receptor 92 isoform X1 [Mus musculus]
NP_114073.1	842	800	25.875	67	219	1.77e-59	XP_017171473.1 vomeronasal 2, receptor 89 isoform X1 [Mus musculus]
NP_114073.1	842	798	26.190	61	219	1.93e-59	XP_030103819.1 vomeronasal 2, receptor 88 isoform X2 [Mus musculus]
NP_114073.1	842	798	25.689	65	219	2.22e-59	XP_017171475.1 vomeronasal 2, receptor 89 isoform X3 [Mus musculus]
NP_114073.1	842	796	26.005	59	219	2.49e-59	NP_001355861.1 vomeronasal 2, receptor 88 isoform 1 precursor [Mus musculus]
NP_114073.1	842	794	24.811	58	219	1.63e-59	NP_001098049.1 vomeronasal receptor Vmn2r115 precursor [Mus musculus]
NP_114078.1	858	852	23.357	89	218	6.29e-59	XP_017173085.1 vomeronasal receptor Vmn2r97 isoform X1 [Mus musculus]
NP_114078.1	858	846	23.286	63	218	4.43e-59	NP_001356161.1 vomeronasal receptor Vmn2r105 [Mus musculus]
NP_114073.1	842	797	25.471	63	218	4.09e-59	NP_001096835.1 vomeronasal 2, receptor 86 precursor [Mus musculus]
NP_114073.1	842	796	25.251	60	218	4.64e-59	NP_001074917.1 vomeronasal receptor Vmn2r84 precursor [Mus musculus]
NP_114073.1	842	793	25.599	59	218	6.02e-59	NP_001096050.1 vomeronasal 2, receptor 76 precursor [Mus musculus]
NP_114079.1	843	831	22.984	55	217	9.19e-59	NP_001098035.1 vomeronasal receptor Vmn2r103 precursor [Mus musculus]
NP_114079.1	843	808	27.104	80	217	1.08e-58	NP_001096072.1 vomeronasal 2, receptor 85 precursor [Mus musculus]
NP_114078.1	858	875	25.143	106	217	1.23e-58	NP_862898.1 metabotropic glutamate receptor 3 precursor [Mus musculus]
NP_114078.1	858	875	25.143	100	217	1.29e-58	NP_001098526.1 vomeronasal receptor Vmn2r59 precursor [Mus musculus]
NP_114079.1	843	896	24.330	126	216	2.49e-58	XP_006512614.1 metabotropic glutamate receptor 1 isoform X3 [Mus musculus]
NP_114079.1	843	894	24.049	122	216	2.91e-58	NP_001107805.1 metabotropic glutamate receptor 1 isoform beta precursor [Mus musculus]
NP_114079.1	843	894	24.049	122	216	1.07e-57	XP_006512612.1 metabotropic glutamate receptor 1 isoform X1 [Mus musculus]
NP_114079.1	843	894	24.049	122	216	1.07e-57	NP_058672.1 metabotropic glutamate receptor 1 isoform alpha precursor [Mus musculus]
NP_114078.1	858	861	23.926	88	216	1.91e-58	NP_001098042.1 vomeronasal receptor Vmn2r110 precursor [Mus musculus]
NP_114078.1	858	857	23.104	77	216	3.44e-58	XP_006524642.1 vomeronasal 2, receptor 96 isoform X1 [Mus musculus]
NP_114078.1	858	850	23.765	84	216	2.57e-58	NP_001098011.1 vomeronasal 2, receptor 92 precursor [Mus musculus]
NP_114078.1	858	848	23.939	85	216	1.88e-58	NP_001098529.1 vomeronasal 2, receptor 62 precursor [Mus musculus]
NP_114078.1	858	846	23.286	77	216	2.21e-58	NP_001098020.1 vomeronasal receptor Vmn2r98 precursor [Mus musculus]
NP_114073.1	842	799	25.782	66	216	2.05e-58	XP_017171474.1 vomeronasal 2, receptor 89 isoform X2 [Mus musculus]
NP_114073.1	842	797	26.098	60	216	2.13e-58	XP_030103820.1 vomeronasal 2, receptor 88 isoform X3 [Mus musculus]
NP_114073.1	842	796	25.377	57	216	1.96e-58	NP_001096072.1 vomeronasal 2, receptor 85 precursor [Mus musculus]
NP_114073.1	842	786	25.827	52	216	8.10e-59	XP_030100634.1 vomeronasal type-2 receptor 116-like isoform X1 [Mus musculus]
NP_114073.1	842	781	24.072	46	216	1.52e-58	NP_001098043.1 vomeronasal receptor Vmn2r111 precursor [Mus musculus]
NP_114079.1	843	838	24.344	69	215	5.88e-58	NP_001098042.1 vomeronasal receptor Vmn2r110 precursor [Mus musculus]
NP_114078.1	858	890	24.270	142	215	7.32e-58	NP_796302.2 metabotropic glutamate receptor 7 isoform 1 precursor [Mus musculus]
NP_114078.1	858	890	24.270	142	215	1.27e-57	XP_006505363.1 metabotropic glutamate receptor 7 isoform X3 [Mus musculus]
NP_114078.1	858	890	24.270	142	215	1.23e-57	XP_006505364.1 metabotropic glutamate receptor 7 isoform X4 [Mus musculus]
NP_114078.1	858	890	24.270	142	215	1.14e-57	XP_017176787.1 metabotropic glutamate receptor 7 isoform X1 [Mus musculus]
NP_114078.1	858	890	24.270	142	215	1.14e-57	XP_006505361.1 metabotropic glutamate receptor 7 isoform X2 [Mus musculus]
NP_114078.1	858	890	24.270	142	215	1.14e-57	XP_006505359.1 metabotropic glutamate receptor 7 isoform X1 [Mus musculus]
NP_114078.1	858	890	24.270	142	215	1.14e-57	NP_001333569.1 metabotropic glutamate receptor 7 isoform 2 precursor [Mus musculus]
NP_114078.1	858	850	23.529	85	215	4.37e-58	NP_001098035.1 vomeronasal receptor Vmn2r103 precursor [Mus musculus]
NP_114079.1	843	800	27.250	82	214	1.50e-57	NP_001096835.1 vomeronasal 2, receptor 86 precursor [Mus musculus]
NP_114078.1	858	863	23.523	111	214	9.32e-58	NP_001098040.1 vomeronasal receptor Vmn2r108 precursor [Mus musculus]
NP_114078.1	858	860	23.721	88	214	1.36e-57	XP_030105846.1 vomeronasal receptor Vmn2r91 isoform X1 [Mus musculus]
NP_114078.1	858	854	23.185	89	214	8.25e-58	NP_001098019.1 vomeronasal receptor Vmn2r97 precursor [Mus musculus]
NP_114073.1	842	790	25.570	49	214	8.48e-58	NP_001096836.1 vomeronasal receptor Vmn2r87 precursor [Mus musculus]
NP_114079.1	843	840	23.452	73	213	2.76e-57	XP_030105536.1 vomeronasal receptor Vmn2r106 isoform X1 [Mus musculus]
NP_114079.1	843	835	25.988	75	213	1.67e-57	NP_001098108.1 vomeronasal 2, receptor 23 precursor [Mus musculus]
NP_114079.1	843	800	24.875	77	213	2.56e-57	NP_001098061.1 vomeronasal receptor Vmn2r120 precursor [Mus musculus]
NP_114078.1	858	844	24.171	73	213	3.07e-57	NP_001098032.1 vomeronasal receptor Vmn2r100 precursor [Mus musculus]
NP_114078.1	858	842	24.109	75	213	4.79e-57	NP_808432.2 vomeronasal 2, receptor 57 precursor [Mus musculus]
NP_114078.1	858	836	25.000	60	213	2.88e-57	NP_001095042.1 vomeronasal 2, receptor 82 precursor [Mus musculus]
NP_114073.1	842	792	24.116	56	213	2.55e-57	XP_006507656.1 vomeronasal receptor Vmn2r71 isoform X1 [Mus musculus]
NP_114078.1	858	861	23.693	89	211	2.13e-56	NP_001098010.1 vomeronasal receptor Vmn2r91 precursor [Mus musculus]
NP_114078.1	858	848	23.231	81	211	1.42e-56	NP_001258812.1 vomeronasal 2, receptor 124 precursor [Mus musculus]
NP_114078.1	858	844	23.697	77	211	3.13e-56	XP_011244777.1 metabotropic glutamate receptor 4 isoform X1 [Mus musculus]
NP_114078.1	858	844	23.697	77	211	3.13e-56	XP_006524380.1 metabotropic glutamate receptor 4 isoform X1 [Mus musculus]
NP_114078.1	858	844	23.697	77	211	3.13e-56	NP_001277974.1 metabotropic glutamate receptor 4 isoform 1 precursor [Mus musculus]
NP_114078.1	858	839	24.672	68	211	1.65e-56	NP_787950.1 vomeronasal 2, receptor 81 precursor [Mus musculus]
NP_114078.1	858	837	24.373	68	211	4.04e-56	XP_006507247.1 metabotropic glutamate receptor 5 isoform X2 [Mus musculus]
NP_114079.1	843	846	23.404	81	210	2.19e-56	NP_001098038.1 vomeronasal receptor Vmn2r106 precursor [Mus musculus]
NP_114078.1	858	853	22.978	91	210	2.38e-56	NP_001098036.1 vomeronasal 2, receptor 104 precursor [Mus musculus]
NP_114078.1	858	842	24.228	75	210	2.96e-56	NP_001098530.1 vomeronasal 2, receptor 63 precursor [Mus musculus]
NP_114078.1	858	836	24.641	66	210	1.76e-55	XP_011239945.1 metabotropic glutamate receptor 5 isoform X1 [Mus musculus]
NP_114078.1	858	836	24.641	66	210	1.76e-55	NP_001137306.1 metabotropic glutamate receptor 5 isoform b precursor [Mus musculus]
NP_114078.1	858	836	24.641	66	210	1.49e-55	NP_001074883.1 metabotropic glutamate receptor 5 isoform a precursor [Mus musculus]
NP_114073.1	842	786	25.700	59	210	2.65e-56	NP_001094086.1 vomeronasal 2, receptor 121 precursor [Mus musculus]
NP_114073.1	842	672	25.298	51	210	1.67e-57	NP_001098017.1 vomeronasal 2, receptor 96 [Mus musculus]
NP_114079.1	843	804	25.622	88	209	6.10e-56	NP_001098097.1 vomeronasal 2, receptor 16 precursor [Mus musculus]
NP_114078.1	858	851	23.854	85	209	7.95e-56	NP_001098038.1 vomeronasal receptor Vmn2r106 precursor [Mus musculus]
NP_114078.1	858	849	24.028	85	209	5.16e-56	XP_030105536.1 vomeronasal receptor Vmn2r106 isoform X1 [Mus musculus]
NP_114078.1	858	817	24.602	97	209	6.13e-56	XP_017173039.1 vomeronasal 2, receptor 118 isoform X1 [Mus musculus]
NP_114073.1	842	806	22.829	62	209	6.33e-56	NP_001029050.3 vomeronasal 2, receptor 66 precursor [Mus musculus]
NP_114073.1	842	800	24.000	70	209	6.68e-56	NP_001098051.1 vomeronasal receptor Vmn2r117 precursor [Mus musculus]
NP_114079.1	843	814	26.536	93	208	1.12e-55	NP_001074917.1 vomeronasal receptor Vmn2r84 precursor [Mus musculus]
NP_114079.1	843	802	26.559	86	208	1.09e-55	NP_001094086.1 vomeronasal 2, receptor 121 precursor [Mus musculus]
NP_114079.1	843	793	25.977	82	208	9.16e-56	NP_001098095.1 vomeronasal 2, receptor 14 precursor [Mus musculus]
NP_114078.1	858	789	25.095	48	208	1.35e-55	NP_001098045.1 vomeronasal receptor Vmn2r112 precursor [Mus musculus]
NP_114073.1	842	796	23.995	60	208	8.54e-56	NP_001098654.1 vomeronasal receptor Vmn2r71 precursor [Mus musculus]
NP_114073.1	842	788	26.015	65	208	1.42e-55	XP_030107839.1 vomeronasal 2, receptor family protein isoform X1 [Mus musculus]
NP_114079.1	843	826	25.061	104	207	3.57e-55	NP_001098092.1 vomeronasal 2, receptor 11 precursor [Mus musculus]
NP_114079.1	843	803	26.152	88	207	2.37e-55	NP_001096836.1 vomeronasal receptor Vmn2r87 precursor [Mus musculus]
NP_114078.1	858	846	24.232	76	207	4.44e-55	NP_001107805.1 metabotropic glutamate receptor 1 isoform beta precursor [Mus musculus]
NP_114078.1	858	846	24.232	76	207	4.30e-55	XP_006512614.1 metabotropic glutamate receptor 1 isoform X3 [Mus musculus]
NP_114073.1	842	786	25.827	63	207	2.33e-55	XP_030107840.1 vomeronasal 2, receptor family protein isoform X2 [Mus musculus]
NP_114079.1	843	857	25.204	83	206	4.84e-55	NP_001098111.1 vomeronasal receptor Vmn2r25 precursor [Mus musculus]
NP_114079.1	843	822	24.818	101	206	5.19e-55	XP_017176270.1 vomeronasal 2, receptor 15 isoform X1 [Mus musculus]
NP_114079.1	843	810	26.296	85	206	7.11e-55	NP_001098094.1 vomeronasal 2, receptor 13 precursor [Mus musculus]
NP_114079.1	843	792	25.000	67	206	4.88e-55	NP_001098045.1 vomeronasal receptor Vmn2r112 precursor [Mus musculus]
NP_114078.1	858	846	24.232	76	206	3.21e-54	XP_006512612.1 metabotropic glutamate receptor 1 isoform X1 [Mus musculus]
NP_114078.1	858	846	24.232	76	206	3.21e-54	NP_058672.1 metabotropic glutamate receptor 1 isoform alpha precursor [Mus musculus]
NP_114078.1	858	842	25.416	90	205	1.28e-54	NP_001153825.1 metabotropic glutamate receptor 2 precursor [Mus musculus]
NP_114078.1	858	799	23.780	72	205	8.90e-55	NP_001013403.1 metabotropic glutamate receptor 4 isoform 2 precursor [Mus musculus]
NP_114078.1	858	797	24.592	60	205	1.48e-54	NP_001098061.1 vomeronasal receptor Vmn2r120 precursor [Mus musculus]
NP_114073.1	842	797	26.098	60	205	1.39e-54	XP_006519463.1 vomeronasal 2, receptor 88 isoform X1 [Mus musculus]
NP_114079.1	843	868	25.230	105	204	3.14e-54	NP_064301.2 vomeronasal type-2 receptor 26 precursor [Mus musculus]
NP_114079.1	843	824	24.150	48	204	3.08e-54	NP_001098102.1 vomeronasal receptor Vmn2r19 precursor [Mus musculus]
NP_114079.1	843	817	24.969	99	204	3.47e-54	XP_017176446.1 vomeronasal 2, receptor 11 isoform X1 [Mus musculus]
NP_114079.1	843	807	25.527	79	204	2.47e-54	XP_030103820.1 vomeronasal 2, receptor 88 isoform X3 [Mus musculus]
NP_114079.1	843	804	25.622	89	204	2.69e-54	XP_030110504.1 vomeronasal 2, receptor 16 isoform X2 [Mus musculus]
NP_114079.1	843	793	25.977	83	204	3.10e-54	XP_030110276.1 vomeronasal 2, receptor 14 isoform X3 [Mus musculus]
NP_114079.1	843	791	25.917	82	204	1.85e-54	XP_017176349.1 vomeronasal 2, receptor 14 isoform X2 [Mus musculus]
NP_114078.1	858	818	24.572	96	204	3.38e-54	NP_001098052.1 vomeronasal 2, receptor 118 precursor [Mus musculus]
NP_114073.1	842	837	25.209	82	204	3.81e-54	XP_030110276.1 vomeronasal 2, receptor 14 isoform X3 [Mus musculus]
NP_114073.1	842	787	25.921	64	204	1.92e-54	NP_001192211.1 vomeronasal 2, receptor family protein precursor [Mus musculus]
NP_114073.1	842	863	24.681	62	203	4.39e-54	XP_017176270.1 vomeronasal 2, receptor 15 isoform X1 [Mus musculus]
NP_114073.1	842	839	25.387	84	203	5.18e-54	XP_030110275.1 vomeronasal 2, receptor 14 isoform X1 [Mus musculus]
NP_114073.1	842	748	25.936	55	203	4.42e-54	XP_017174390.1 vomeronasal 2, receptor, 122 isoform X2 [Mus musculus]
NP_114079.1	843	811	25.154	88	202	7.01e-54	NP_001098093.1 vomeronasal 2, receptor 12 precursor [Mus musculus]
NP_114079.1	843	806	25.186	73	202	9.54e-54	NP_001098098.1 vomeronasal receptor Vmn2r17 precursor [Mus musculus]
NP_114078.1	858	862	25.638	119	202	1.89e-53	NP_001098108.1 vomeronasal 2, receptor 23 precursor [Mus musculus]
NP_114078.1	858	850	23.765	94	202	1.30e-53	NP_001098531.1 vomeronasal 2, receptor 126 precursor [Mus musculus]
NP_114078.1	858	837	23.775	64	202	1.62e-53	NP_001096838.1 vomeronasal 2, receptor 80 precursor [Mus musculus]
NP_114078.1	858	796	24.121	42	202	1.03e-53	NP_001098049.1 vomeronasal receptor Vmn2r115 precursor [Mus musculus]
NP_114078.1	858	786	24.809	43	202	1.26e-53	NP_001098050.1 vomeronasal type-2 receptor 116 precursor [Mus musculus]
NP_114073.1	842	802	23.192	75	202	9.83e-54	NP_001098048.1 vomeronasal receptor Vmn2r113 precursor [Mus musculus]
NP_114073.1	842	799	22.153	69	202	1.13e-53	NP_001098657.1 vomeronasal receptor Vmn2r74 precursor [Mus musculus]
NP_114073.1	842	790	23.671	57	202	9.01e-54	NP_001098652.1 vomeronasal 2, receptor 69 precursor [Mus musculus]
NP_114073.1	842	788	23.477	45	202	5.83e-54	NP_001096052.1 vomeronasal 2, receptor 18 [Mus musculus]
NP_114073.1	842	786	23.282	44	202	1.06e-53	NP_001096049.1 vomeronasal receptor Vmn2r67 precursor [Mus musculus]
NP_114073.1	842	724	25.967	50	202	6.73e-54	XP_017174525.1 vomeronasal type-2 receptor 116-like isoform X2 [Mus musculus]
NP_114079.1	843	810	26.296	86	201	2.66e-53	XP_017176347.1 vomeronasal 2, receptor 13 isoform X2 [Mus musculus]
NP_114079.1	843	730	26.712	74	201	1.37e-53	XP_017174525.1 vomeronasal type-2 receptor 116-like isoform X2 [Mus musculus]
NP_114078.1	858	844	23.697	52	201	2.94e-53	NP_001098007.1 vomeronasal 2, receptor 83 precursor [Mus musculus]
NP_114073.1	842	867	24.452	62	201	2.48e-53	NP_001098096.1 vomeronasal 2, receptor 15 precursor [Mus musculus]
NP_114073.1	842	838	25.298	83	201	3.38e-53	NP_001098095.1 vomeronasal 2, receptor 14 precursor [Mus musculus]
NP_114073.1	842	801	23.596	59	201	2.30e-53	NP_001096054.1 vomeronasal receptor Vmn2r114 precursor [Mus musculus]
NP_114079.1	843	830	24.578	109	200	7.91e-53	NP_001098096.1 vomeronasal 2, receptor 15 precursor [Mus musculus]
NP_114078.1	858	837	24.134	131	200	5.33e-53	XP_006505365.1 metabotropic glutamate receptor 7 isoform X5 [Mus musculus]
NP_114073.1	842	823	23.208	97	200	5.16e-53	NP_001098650.1 vomeronasal 2, receptor 65 precursor [Mus musculus]
NP_114073.1	842	809	24.969	54	200	4.34e-53	XP_030110228.1 vomeronasal 2, receptor, 16 isoform X1 [Mus musculus]
NP_114073.1	842	807	24.783	52	200	5.15e-53	NP_033517.3 vomeronasal 2, receptor, 16 precursor [Mus musculus]
NP_114073.1	842	792	23.864	52	200	4.91e-53	XP_030110504.1 vomeronasal 2, receptor 16 isoform X2 [Mus musculus]
NP_114073.1	842	749	26.035	56	200	4.61e-53	XP_017174389.1 vomeronasal 2, receptor, 122 isoform X1 [Mus musculus]
NP_114079.1	843	827	22.733	65	199	8.64e-53	XP_030105847.1 vomeronasal receptor Vmn2r94 isoform X1 [Mus musculus]
NP_114079.1	843	827	22.733	65	199	8.64e-53	NP_001098013.1 vomeronasal receptor Vmn2r94 [Mus musculus]
NP_114079.1	843	807	25.527	80	199	9.45e-53	NP_001355861.1 vomeronasal 2, receptor 88 isoform 1 precursor [Mus musculus]
NP_114079.1	843	799	24.656	82	199	1.76e-52	NP_001098050.1 vomeronasal type-2 receptor 116 precursor [Mus musculus]
NP_114079.1	843	796	26.005	85	199	4.12e-53	XP_030100634.1 vomeronasal type-2 receptor 116-like isoform X1 [Mus musculus]
NP_114078.1	858	814	25.061	73	199	7.57e-53	NP_001096052.1 vomeronasal 2, receptor 18 [Mus musculus]
NP_114078.1	858	789	24.588	48	199	2.07e-52	NP_001098043.1 vomeronasal receptor Vmn2r111 precursor [Mus musculus]
NP_114073.1	842	796	23.367	68	199	1.82e-52	NP_001098656.1 vomeronasal 2, receptor 73 precursor [Mus musculus]
NP_114079.1	843	817	25.214	99	198	1.94e-52	NP_001098091.1 vomeronasal 2, receptor 9 precursor [Mus musculus]
NP_114079.1	843	809	25.464	94	198	2.25e-52	XP_030110503.1 vomeronasal 2, receptor 16 isoform X1 [Mus musculus]
NP_114079.1	843	804	25.622	89	198	2.51e-52	XP_017171474.1 vomeronasal 2, receptor 89 isoform X2 [Mus musculus]
NP_114079.1	843	795	25.912	85	198	1.99e-52	XP_030110275.1 vomeronasal 2, receptor 14 isoform X1 [Mus musculus]
NP_114078.1	858	858	25.291	65	198	2.29e-52	NP_001098650.1 vomeronasal 2, receptor 65 precursor [Mus musculus]
NP_114073.1	842	798	22.682	58	198	3.28e-52	NP_001106939.1 vomeronasal 2, receptor 29 precursor [Mus musculus]
NP_114073.1	842	797	23.338	67	198	2.71e-52	NP_001098653.1 vomeronasal 2, receptor 70 precursor [Mus musculus]
NP_114073.1	842	779	24.904	55	198	2.11e-52	XP_017176346.1 vomeronasal 2, receptor 13 isoform X1 [Mus musculus]
NP_114073.1	842	777	24.710	53	198	2.13e-52	XP_017176347.1 vomeronasal 2, receptor 13 isoform X2 [Mus musculus]
NP_114079.1	843	851	24.794	81	197	6.76e-52	NP_001098105.1 vomeronasal receptor Vmn2r21 precursor [Mus musculus]
NP_114079.1	843	840	25.119	72	197	8.20e-52	NP_001098109.1 vomeronasal receptor Vmn2r24 precursor [Mus musculus]
NP_114079.1	843	811	25.154	89	197	3.12e-52	XP_017176547.1 vomeronasal 2, receptor 12 isoform X1 [Mus musculus]
NP_114079.1	843	806	25.186	74	197	3.83e-52	XP_030110509.1 vomeronasal receptor Vmn2r17 isoform X3 [Mus musculus]
NP_114079.1	843	800	24.750	67	197	5.18e-52	NP_001098660.1 vomeronasal receptor Vmn2r79 precursor [Mus musculus]
NP_114073.1	842	838	25.298	83	197	4.97e-52	XP_017176349.1 vomeronasal 2, receptor 14 isoform X2 [Mus musculus]
NP_114073.1	842	796	23.618	55	197	6.09e-52	XP_030110503.1 vomeronasal 2, receptor 16 isoform X1 [Mus musculus]
NP_114073.1	842	793	23.960	53	197	4.86e-52	NP_001098097.1 vomeronasal 2, receptor 16 precursor [Mus musculus]
NP_114073.1	842	790	25.316	48	197	4.83e-52	NP_001098090.1 vomeronasal 2, receptor 8 precursor [Mus musculus]
NP_114079.1	843	866	24.827	111	196	1.59e-51	NP_001098104.1 vomeronasal receptor Vmn2r20 precursor [Mus musculus]
NP_114079.1	843	812	26.232	88	196	1.44e-51	XP_017176346.1 vomeronasal 2, receptor 13 isoform X1 [Mus musculus]
NP_114079.1	843	802	24.813	92	196	1.39e-51	XP_017173039.1 vomeronasal 2, receptor 118 isoform X1 [Mus musculus]
NP_114079.1	843	742	26.280	77	196	1.45e-51	XP_017174389.1 vomeronasal 2, receptor, 122 isoform X1 [Mus musculus]
NP_114078.1	858	870	24.138	84	196	1.86e-51	NP_001098009.1 vomeronasal receptor Vmn2r90 precursor [Mus musculus]
NP_114078.1	858	775	23.355	38	196	1.02e-51	XP_030100634.1 vomeronasal type-2 receptor 116-like isoform X1 [Mus musculus]
NP_114073.1	842	804	24.254	81	196	9.95e-52	XP_030110507.1 vomeronasal receptor Vmn2r17 isoform X1 [Mus musculus]
NP_114073.1	842	802	24.065	79	196	1.04e-51	XP_030110509.1 vomeronasal receptor Vmn2r17 isoform X3 [Mus musculus]
NP_114073.1	842	790	24.810	48	196	9.27e-52	XP_017176446.1 vomeronasal 2, receptor 11 isoform X1 [Mus musculus]
NP_114073.1	842	784	22.066	44	196	1.47e-51	NP_001098651.1 vomeronasal receptor Vmn2r68 precursor [Mus musculus]
NP_114073.1	842	778	24.807	54	196	1.75e-51	NP_001098094.1 vomeronasal 2, receptor 13 precursor [Mus musculus]
NP_114079.1	843	834	24.221	69	195	2.20e-51	NP_001098107.1 vomeronasal receptor Vmn2r22 precursor [Mus musculus]
NP_114079.1	843	796	23.744	59	195	2.30e-51	NP_001098659.1 vomeronasal 2, receptor 78 precursor [Mus musculus]
NP_114073.1	842	810	23.333	80	195	3.20e-51	XP_017177811.1 vomeronasal 2, receptor 43 isoform X1 [Mus musculus]
NP_114073.1	842	771	24.125	42	195	3.10e-51	XP_017176547.1 vomeronasal 2, receptor 12 isoform X1 [Mus musculus]
NP_114079.1	843	817	25.459	99	194	8.29e-51	NP_001098090.1 vomeronasal 2, receptor 8 precursor [Mus musculus]
NP_114079.1	843	817	25.214	100	194	6.53e-51	XP_030110514.1 vomeronasal 2, receptor 9 isoform X1 [Mus musculus]
NP_114079.1	843	815	26.135	91	194	2.53e-51	NP_001096052.1 vomeronasal 2, receptor 18 [Mus musculus]
NP_114079.1	843	809	25.464	82	194	4.08e-51	XP_030103819.1 vomeronasal 2, receptor 88 isoform X2 [Mus musculus]
NP_114079.1	843	804	25.622	90	194	8.44e-51	XP_017171475.1 vomeronasal 2, receptor 89 isoform X3 [Mus musculus]
NP_114079.1	843	800	25.875	77	194	8.83e-51	NP_001192211.1 vomeronasal 2, receptor family protein precursor [Mus musculus]
NP_114079.1	843	798	24.937	79	194	5.32e-51	NP_001098043.1 vomeronasal receptor Vmn2r111 precursor [Mus musculus]
NP_114078.1	858	850	23.765	83	194	7.75e-51	NP_001098107.1 vomeronasal receptor Vmn2r22 precursor [Mus musculus]
NP_114073.1	842	807	23.544	76	194	4.22e-51	NP_033519.1 vomeronasal 2, receptor 42 precursor [Mus musculus]
NP_114073.1	842	803	24.159	80	194	7.69e-51	NP_001098098.1 vomeronasal receptor Vmn2r17 precursor [Mus musculus]
NP_114073.1	842	803	24.159	80	194	5.71e-51	XP_030110508.1 vomeronasal receptor Vmn2r17 isoform X2 [Mus musculus]
NP_114079.1	843	834	25.300	118	193	1.10e-50	XP_030110228.1 vomeronasal 2, receptor, 16 isoform X1 [Mus musculus]
NP_114079.1	843	832	25.361	116	193	9.28e-51	NP_033517.3 vomeronasal 2, receptor, 16 precursor [Mus musculus]
NP_114079.1	843	807	25.155	75	193	1.48e-50	XP_030110508.1 vomeronasal receptor Vmn2r17 isoform X2 [Mus musculus]
NP_114079.1	843	686	26.968	82	193	3.84e-51	XP_030105687.1 metabotropic glutamate receptor 4 isoform X2 [Mus musculus]
NP_114079.1	843	686	26.968	82	193	3.84e-51	NP_001347121.1 metabotropic glutamate receptor 4 isoform 3 [Mus musculus]
NP_114078.1	858	855	23.158	93	193	1.90e-50	NP_001098104.1 vomeronasal receptor Vmn2r20 precursor [Mus musculus]
NP_114073.1	842	799	24.531	53	193	1.24e-50	NP_001098092.1 vomeronasal 2, receptor 11 precursor [Mus musculus]
NP_114073.1	842	786	24.300	41	193	9.37e-51	XP_030110514.1 vomeronasal 2, receptor 9 isoform X1 [Mus musculus]
NP_114079.1	843	808	25.124	76	192	2.03e-50	XP_030110507.1 vomeronasal receptor Vmn2r17 isoform X1 [Mus musculus]
NP_114078.1	858	854	23.419	91	192	2.02e-50	NP_001098105.1 vomeronasal receptor Vmn2r21 precursor [Mus musculus]
NP_114078.1	858	847	24.557	83	192	2.94e-50	NP_001098111.1 vomeronasal receptor Vmn2r25 precursor [Mus musculus]
NP_114073.1	842	805	23.478	72	192	2.28e-50	NP_001098626.1 vomeronasal 2, receptor 49 precursor [Mus musculus]
NP_114073.1	842	804	23.507	68	192	3.05e-50	NP_001098535.2 vomeronasal 2, receptor33 precursor [Mus musculus]
NP_114073.1	842	789	23.701	52	192	2.46e-50	XP_006507878.1 vomeronasal 2, receptor 72 isoform X1 [Mus musculus]
NP_114073.1	842	772	24.223	43	192	2.72e-50	NP_001098093.1 vomeronasal 2, receptor 12 precursor [Mus musculus]
NP_114079.1	843	805	24.845	95	191	6.33e-50	NP_001098052.1 vomeronasal 2, receptor 118 precursor [Mus musculus]
NP_114079.1	843	795	24.906	73	191	1.01e-49	NP_001098658.1 vomeronasal receptor Vmn2r77 precursor [Mus musculus]
NP_114079.1	843	791	24.273	60	191	8.67e-50	NP_001096050.1 vomeronasal 2, receptor 76 precursor [Mus musculus]
NP_114079.1	843	742	26.280	78	191	5.48e-50	XP_017174390.1 vomeronasal 2, receptor, 122 isoform X2 [Mus musculus]
NP_114078.1	858	810	24.938	71	191	4.96e-50	NP_001098048.1 vomeronasal receptor Vmn2r113 precursor [Mus musculus]
NP_114078.1	858	795	23.522	41	191	5.01e-50	NP_001096054.1 vomeronasal receptor Vmn2r114 precursor [Mus musculus]
NP_114073.1	842	813	24.108	86	191	5.17e-50	NP_001098541.1 vomeronasal receptor Vmn2r39 precursor [Mus musculus]
NP_114073.1	842	804	23.507	68	191	5.51e-50	NP_001098540.1 vomeronasal 2, receptor 38 precursor [Mus musculus]
NP_114073.1	842	796	22.362	69	191	6.58e-50	NP_001096048.1 vomeronasal receptor Vmn2r75 precursor [Mus musculus]
NP_114073.1	842	788	23.731	52	191	5.74e-50	NP_001098655.1 vomeronasal 2, receptor 72 precursor [Mus musculus]
NP_114073.1	842	787	24.396	42	191	4.35e-50	NP_001098091.1 vomeronasal 2, receptor 9 precursor [Mus musculus]
NP_114078.1	858	867	23.068	112	190	2.34e-49	XP_030111034.1 metabotropic glutamate receptor 8 isoform X2 [Mus musculus]
NP_114078.1	858	867	23.068	112	190	2.34e-49	NP_001298001.1 metabotropic glutamate receptor 8 isoform 2 precursor [Mus musculus]
NP_114078.1	858	865	22.543	108	190	2.08e-49	XP_006505054.1 metabotropic glutamate receptor 8 isoform X1 [Mus musculus]
NP_114078.1	858	865	22.543	108	190	2.08e-49	XP_006505053.1 metabotropic glutamate receptor 8 isoform X1 [Mus musculus]
NP_114078.1	858	865	22.543	108	190	2.08e-49	XP_006505052.1 metabotropic glutamate receptor 8 isoform X1 [Mus musculus]
NP_114078.1	858	865	22.543	108	190	2.08e-49	NP_032200.2 metabotropic glutamate receptor 8 isoform 1 precursor [Mus musculus]
NP_114078.1	858	865	22.543	108	190	2.08e-49	NP_001348054.1 metabotropic glutamate receptor 8 isoform 1 precursor [Mus musculus]
NP_114078.1	858	861	23.810	104	190	1.24e-49	NP_001098102.1 vomeronasal receptor Vmn2r19 precursor [Mus musculus]
NP_114079.1	843	800	25.875	78	189	3.31e-49	XP_030107840.1 vomeronasal 2, receptor family protein isoform X2 [Mus musculus]
NP_114079.1	843	800	22.875	83	189	2.89e-49	NP_001098049.1 vomeronasal receptor Vmn2r115 precursor [Mus musculus]
NP_114078.1	858	870	25.172	107	189	4.06e-49	NP_001098109.1 vomeronasal receptor Vmn2r24 precursor [Mus musculus]
NP_114078.1	858	792	23.232	70	189	1.99e-49	XP_030105847.1 vomeronasal receptor Vmn2r94 isoform X1 [Mus musculus]
NP_114078.1	858	792	23.232	70	189	1.99e-49	NP_001098013.1 vomeronasal receptor Vmn2r94 [Mus musculus]
NP_114073.1	842	817	23.378	94	189	4.41e-49	NP_001098648.1 vomeronasal receptor Vmn2r50 precursor [Mus musculus]
NP_114073.1	842	809	23.857	79	189	2.81e-49	XP_030101325.1 metabotropic glutamate receptor 6 isoform X3 [Mus musculus]
NP_114073.1	842	809	23.857	79	189	2.81e-49	NP_775548.2 metabotropic glutamate receptor 6 precursor [Mus musculus]
NP_114073.1	842	805	23.106	72	189	2.29e-49	NP_001098533.1 vomeronasal 2, receptor 32 precursor [Mus musculus]
NP_114073.1	842	804	23.507	68	189	3.41e-49	NP_001098532.1 vomeronasal 2, receptor 31 precursor [Mus musculus]
NP_114073.1	842	803	23.910	64	189	1.93e-49	NP_001098537.1 vomeronasal receptor Vmn2r35 precursor [Mus musculus]
NP_114073.1	842	798	22.682	72	189	2.44e-49	NP_945199.1 vomeronasal 2, receptor 43 precursor [Mus musculus]
NP_114079.1	843	806	25.558	92	188	4.50e-49	XP_017171473.1 vomeronasal 2, receptor 89 isoform X1 [Mus musculus]
NP_114078.1	858	838	24.344	77	188	9.15e-49	XP_030101325.1 metabotropic glutamate receptor 6 isoform X3 [Mus musculus]
NP_114078.1	858	838	24.344	77	188	9.15e-49	NP_775548.2 metabotropic glutamate receptor 6 precursor [Mus musculus]
NP_114078.1	858	796	23.744	42	188	5.16e-49	NP_001098051.1 vomeronasal receptor Vmn2r117 precursor [Mus musculus]
NP_114073.1	842	801	22.846	66	188	4.82e-49	NP_001098538.1 vomeronasal 2, receptor 36 precursor [Mus musculus]
NP_114079.1	843	809	23.486	85	187	8.09e-49	NP_001098656.1 vomeronasal 2, receptor 73 precursor [Mus musculus]
NP_114078.1	858	852	25.000	93	187	9.67e-49	NP_064301.2 vomeronasal type-2 receptor 26 precursor [Mus musculus]
NP_114078.1	858	801	23.221	77	187	7.79e-49	XP_017176547.1 vomeronasal 2, receptor 12 isoform X1 [Mus musculus]
NP_114078.1	858	800	23.875	84	187	1.64e-48	XP_030110276.1 vomeronasal 2, receptor 14 isoform X3 [Mus musculus]
NP_114073.1	842	804	23.632	68	187	8.79e-49	NP_001098544.1 vomeronasal receptor Vmn2r44 precursor [Mus musculus]
NP_114078.1	858	825	23.273	80	186	3.32e-48	XP_030110504.1 vomeronasal 2, receptor 16 isoform X2 [Mus musculus]
NP_114078.1	858	806	23.821	75	186	3.94e-48	NP_001096072.1 vomeronasal 2, receptor 85 precursor [Mus musculus]
NP_114078.1	858	803	23.661	80	186	3.27e-48	XP_017176347.1 vomeronasal 2, receptor 13 isoform X2 [Mus musculus]
NP_114078.1	858	802	23.815	86	186	4.93e-48	XP_030110275.1 vomeronasal 2, receptor 14 isoform X1 [Mus musculus]
NP_114073.1	842	811	22.565	86	186	3.99e-48	NP_001098649.1 vomeronasal 2, receptor 51 precursor [Mus musculus]
NP_114073.1	842	801	23.471	78	186	3.68e-48	XP_030098660.1 vomeronasal receptor Vmn2r39 isoform X1 [Mus musculus]
NP_114073.1	842	411	29.684	43	186	6.70e-50	XP_006501822.1 vomeronasal type-2 receptor 1 isoform X3 [Mus musculus]
NP_114079.1	843	855	25.497	119	185	5.46e-48	NP_001098112.1 vomeronasal 2, receptor27 precursor [Mus musculus]
NP_114078.1	858	830	23.133	85	185	7.88e-48	XP_030110503.1 vomeronasal 2, receptor 16 isoform X1 [Mus musculus]
NP_114078.1	858	802	23.192	78	185	6.85e-48	NP_001098093.1 vomeronasal 2, receptor 12 precursor [Mus musculus]
NP_114078.1	858	341	31.378	3	185	5.86e-48	XP_006501821.1 vomeronasal type-2 receptor 1 isoform X2 [Mus musculus]
NP_114073.1	842	411	29.684	43	185	5.80e-50	XP_006501823.1 vomeronasal type-2 receptor 1 isoform X4 [Mus musculus]
NP_114079.1	843	803	25.903	82	184	1.64e-47	XP_030107839.1 vomeronasal 2, receptor family protein isoform X1 [Mus musculus]
NP_114079.1	843	799	23.905	80	184	9.39e-48	NP_001096048.1 vomeronasal receptor Vmn2r75 precursor [Mus musculus]
NP_114078.1	858	822	24.209	105	184	1.44e-47	NP_033517.3 vomeronasal 2, receptor, 16 precursor [Mus musculus]
NP_114078.1	858	822	24.209	105	184	1.26e-47	XP_030110228.1 vomeronasal 2, receptor, 16 isoform X1 [Mus musculus]
NP_114078.1	858	805	23.602	82	184	8.75e-48	XP_017176346.1 vomeronasal 2, receptor 13 isoform X1 [Mus musculus]
NP_114078.1	858	801	23.845	85	184	1.58e-47	NP_001098095.1 vomeronasal 2, receptor 14 precursor [Mus musculus]
NP_114078.1	858	798	24.311	50	184	1.02e-47	NP_001098660.1 vomeronasal receptor Vmn2r79 precursor [Mus musculus]
NP_114078.1	858	689	23.512	33	184	5.41e-48	XP_017174525.1 vomeronasal type-2 receptor 116-like isoform X2 [Mus musculus]
NP_114073.1	842	806	22.581	76	184	8.61e-48	NP_033516.3 vomeronasal 2, receptor, 15 precursor [Mus musculus]
NP_114078.1	858	826	23.245	81	183	2.66e-47	NP_001098097.1 vomeronasal 2, receptor 16 precursor [Mus musculus]
NP_114078.1	858	804	23.632	81	183	3.37e-47	NP_001098094.1 vomeronasal 2, receptor 13 precursor [Mus musculus]
NP_114073.1	842	809	22.991	82	183	2.90e-47	NP_001098622.1 vomeronasal receptor Vmn2r48 [Mus musculus]
NP_114079.1	843	808	25.124	81	182	4.71e-47	XP_006519463.1 vomeronasal 2, receptor 88 isoform X1 [Mus musculus]
NP_114079.1	843	793	23.707	69	182	5.22e-47	XP_006507656.1 vomeronasal receptor Vmn2r71 isoform X1 [Mus musculus]
NP_114078.1	858	815	22.699	84	182	8.59e-47	NP_001098658.1 vomeronasal receptor Vmn2r77 precursor [Mus musculus]
NP_114078.1	858	812	23.276	84	182	7.39e-47	NP_001098092.1 vomeronasal 2, receptor 11 precursor [Mus musculus]
NP_114078.1	858	809	23.609	85	182	6.48e-47	XP_017176349.1 vomeronasal 2, receptor 14 isoform X2 [Mus musculus]
NP_114078.1	858	805	23.354	83	182	8.84e-47	XP_017176446.1 vomeronasal 2, receptor 11 isoform X1 [Mus musculus]
NP_114078.1	858	799	23.529	63	182	8.84e-47	NP_001096835.1 vomeronasal 2, receptor 86 precursor [Mus musculus]
NP_114078.1	858	794	23.048	52	182	7.83e-47	NP_001074917.1 vomeronasal receptor Vmn2r84 precursor [Mus musculus]
NP_114073.1	842	811	22.811	86	182	4.55e-47	NP_001098542.1 vomeronasal 2, receptor 40 precursor [Mus musculus]
NP_114079.1	843	801	23.471	83	181	9.11e-47	NP_001029050.3 vomeronasal 2, receptor 66 precursor [Mus musculus]
NP_114079.1	843	799	23.154	81	181	2.03e-46	NP_001098051.1 vomeronasal receptor Vmn2r117 precursor [Mus musculus]
NP_114079.1	843	684	23.830	48	181	1.64e-46	NP_001098654.1 vomeronasal receptor Vmn2r71 precursor [Mus musculus]
NP_114078.1	858	800	22.750	53	181	1.86e-46	XP_017171475.1 vomeronasal 2, receptor 89 isoform X3 [Mus musculus]
NP_114078.1	858	342	30.994	3	181	9.51e-47	XP_017174901.1 vomeronasal 2, receptor 2 isoform X1 [Mus musculus]
NP_114078.1	858	342	30.994	3	181	6.36e-47	XP_017174902.1 vomeronasal 2, receptor 2 isoform X2 [Mus musculus]
NP_114073.1	842	811	22.811	86	181	8.69e-47	NP_001098543.1 vomeronasal 2, receptor 41 precursor [Mus musculus]
NP_114078.1	858	817	23.378	78	180	3.97e-46	XP_030110507.1 vomeronasal receptor Vmn2r17 isoform X1 [Mus musculus]
NP_114078.1	858	816	23.407	78	180	3.49e-46	XP_030110509.1 vomeronasal receptor Vmn2r17 isoform X3 [Mus musculus]
NP_114078.1	858	804	23.507	66	180	2.89e-46	NP_001098659.1 vomeronasal 2, receptor 78 precursor [Mus musculus]
NP_114079.1	843	808	23.639	98	179	7.29e-46	NP_001098652.1 vomeronasal 2, receptor 69 precursor [Mus musculus]
NP_114078.1	858	802	22.693	55	179	7.92e-46	XP_017171473.1 vomeronasal 2, receptor 89 isoform X1 [Mus musculus]
NP_114078.1	858	785	23.057	55	179	5.20e-46	NP_001355861.1 vomeronasal 2, receptor 88 isoform 1 precursor [Mus musculus]
NP_114073.1	842	271	36.162	6	179	4.10e-46	XP_017174901.1 vomeronasal 2, receptor 2 isoform X1 [Mus musculus]
NP_114079.1	843	796	23.995	78	178	1.26e-45	NP_001098048.1 vomeronasal receptor Vmn2r113 precursor [Mus musculus]
NP_114078.1	858	816	23.284	77	178	1.72e-45	XP_030110508.1 vomeronasal receptor Vmn2r17 isoform X2 [Mus musculus]
NP_114079.1	843	841	22.711	93	177	2.22e-45	NP_001096054.1 vomeronasal receptor Vmn2r114 precursor [Mus musculus]
NP_114079.1	843	823	22.965	90	177	2.73e-45	NP_001098535.2 vomeronasal 2, receptor33 precursor [Mus musculus]
NP_114079.1	843	819	23.687	82	177	1.80e-45	NP_001098541.1 vomeronasal receptor Vmn2r39 precursor [Mus musculus]
NP_114078.1	858	817	23.378	79	177	3.48e-45	NP_001098098.1 vomeronasal receptor Vmn2r17 precursor [Mus musculus]
NP_114078.1	858	815	24.294	65	177	2.36e-45	NP_001029050.3 vomeronasal 2, receptor 66 precursor [Mus musculus]
NP_114078.1	858	812	23.645	87	177	2.72e-45	XP_017176270.1 vomeronasal 2, receptor 15 isoform X1 [Mus musculus]
NP_114078.1	858	801	22.722	54	177	1.83e-45	XP_017171474.1 vomeronasal 2, receptor 89 isoform X2 [Mus musculus]
NP_114078.1	858	787	22.999	57	177	2.43e-45	XP_030103819.1 vomeronasal 2, receptor 88 isoform X2 [Mus musculus]
NP_114073.1	842	808	22.649	78	177	3.68e-45	XP_001479019.1 vomeronasal type-2 receptor 116-like isoform X1 [Mus musculus]
NP_114073.1	842	808	22.649	78	177	3.68e-45	NP_001098621.1 vomeronasal 2, receptor 47 precursor [Mus musculus]
NP_114073.1	842	805	22.236	74	177	2.34e-45	NP_001098545.1 vomeronasal 2, receptor 45 precursor [Mus musculus]
NP_114073.1	842	341	31.378	11	177	1.96e-45	XP_017174901.1 vomeronasal 2, receptor 2 isoform X1 [Mus musculus]
NP_114073.1	842	341	31.378	11	177	1.56e-45	XP_017174902.1 vomeronasal 2, receptor 2 isoform X2 [Mus musculus]
NP_114079.1	843	823	22.843	90	176	6.16e-45	NP_001098540.1 vomeronasal 2, receptor 38 precursor [Mus musculus]
NP_114079.1	843	819	23.687	82	176	6.16e-45	XP_017177811.1 vomeronasal 2, receptor 43 isoform X1 [Mus musculus]
NP_114079.1	843	819	23.565	82	176	6.50e-45	NP_001098648.1 vomeronasal receptor Vmn2r50 precursor [Mus musculus]
NP_114079.1	843	800	24.000	81	176	6.07e-45	NP_001096049.1 vomeronasal receptor Vmn2r67 precursor [Mus musculus]
NP_114079.1	843	690	23.913	50	176	7.06e-45	NP_001098653.1 vomeronasal 2, receptor 70 precursor [Mus musculus]
NP_114078.1	858	801	22.347	83	176	4.99e-45	NP_001094086.1 vomeronasal 2, receptor 121 precursor [Mus musculus]
NP_114078.1	858	798	22.807	89	176	6.82e-45	XP_030107840.1 vomeronasal 2, receptor family protein isoform X2 [Mus musculus]
NP_114078.1	858	786	23.028	56	176	4.21e-45	XP_030103820.1 vomeronasal 2, receptor 88 isoform X3 [Mus musculus]
NP_114073.1	842	794	22.166	52	176	4.14e-45	NP_001098536.1 vomeronasal 2, receptor 34 precursor [Mus musculus]
NP_114073.1	842	728	24.588	90	176	2.84e-45	NP_033514.2 vomeronasal 2, receptor, 122 isoform 1 precursor [Mus musculus]
NP_114079.1	843	828	23.188	100	175	1.58e-44	NP_001106939.1 vomeronasal 2, receptor 29 precursor [Mus musculus]
NP_114079.1	843	674	24.036	55	175	3.39e-45	NP_001098017.1 vomeronasal 2, receptor 96 [Mus musculus]
NP_114078.1	858	799	23.029	63	175	9.97e-45	NP_001096836.1 vomeronasal receptor Vmn2r87 precursor [Mus musculus]
NP_114073.1	842	797	22.334	58	175	1.04e-44	XP_017177616.1 vomeronasal 2, receptor, 14 isoform X1 [Mus musculus]
NP_114079.1	843	834	24.101	96	174	1.84e-44	NP_001098538.1 vomeronasal 2, receptor 36 precursor [Mus musculus]
NP_114078.1	858	801	22.597	42	174	3.07e-44	NP_001096049.1 vomeronasal receptor Vmn2r67 precursor [Mus musculus]
NP_114078.1	858	800	22.750	91	174	3.23e-44	XP_030107839.1 vomeronasal 2, receptor family protein isoform X1 [Mus musculus]
NP_114079.1	843	824	23.301	92	173	7.04e-44	NP_001098532.1 vomeronasal 2, receptor 31 precursor [Mus musculus]
NP_114079.1	843	797	23.338	75	173	5.20e-44	NP_001098655.1 vomeronasal 2, receptor 72 precursor [Mus musculus]
NP_114079.1	843	797	23.338	75	173	4.81e-44	XP_006507878.1 vomeronasal 2, receptor 72 isoform X1 [Mus musculus]
NP_114079.1	843	789	22.814	58	173	4.36e-44	NP_001098657.1 vomeronasal receptor Vmn2r74 precursor [Mus musculus]
NP_114078.1	858	802	23.317	78	173	5.08e-44	XP_030110514.1 vomeronasal 2, receptor 9 isoform X1 [Mus musculus]
NP_114078.1	858	799	22.778	90	173	6.78e-44	NP_001192211.1 vomeronasal 2, receptor family protein precursor [Mus musculus]
NP_114078.1	858	813	23.370	81	172	1.78e-43	NP_001098096.1 vomeronasal 2, receptor 15 precursor [Mus musculus]
NP_114073.1	842	634	26.498	49	172	1.72e-43	XP_006512613.1 metabotropic glutamate receptor 1 isoform X2 [Mus musculus]
NP_114073.1	842	262	36.260	6	172	4.44e-44	XP_017174902.1 vomeronasal 2, receptor 2 isoform X2 [Mus musculus]
NP_114078.1	858	866	24.480	123	171	2.09e-43	NP_001098112.1 vomeronasal 2, receptor27 precursor [Mus musculus]
NP_114078.1	858	803	23.288	79	171	3.53e-43	NP_001098091.1 vomeronasal 2, receptor 9 precursor [Mus musculus]
NP_114078.1	858	795	23.648	60	171	1.95e-43	NP_001106939.1 vomeronasal 2, receptor 29 precursor [Mus musculus]
NP_114073.1	842	809	23.239	82	171	1.91e-43	NP_001074874.1 vomeronasal 2, receptor 28 precursor [Mus musculus]
NP_114079.1	843	834	24.341	96	170	4.04e-43	NP_001098622.1 vomeronasal receptor Vmn2r48 [Mus musculus]
NP_114073.1	842	804	23.259	62	170	5.42e-43	NP_001098661.1 vomeronasal 2, receptor 52 precursor [Mus musculus]
NP_114073.1	842	664	23.343	60	170	1.93e-43	XP_030105687.1 metabotropic glutamate receptor 4 isoform X2 [Mus musculus]
NP_114073.1	842	664	23.343	60	170	1.93e-43	NP_001347121.1 metabotropic glutamate receptor 4 isoform 3 [Mus musculus]
NP_114079.1	843	822	23.236	88	169	7.92e-43	NP_001098544.1 vomeronasal receptor Vmn2r44 precursor [Mus musculus]
NP_114079.1	843	409	26.650	47	169	3.06e-44	XP_006501822.1 vomeronasal type-2 receptor 1 isoform X3 [Mus musculus]
NP_114079.1	843	409	26.650	47	169	2.69e-44	XP_006501823.1 vomeronasal type-2 receptor 1 isoform X4 [Mus musculus]
NP_114078.1	858	813	23.370	66	169	1.75e-42	NP_001098535.2 vomeronasal 2, receptor33 precursor [Mus musculus]
NP_114078.1	858	697	23.816	61	169	9.49e-43	NP_001098090.1 vomeronasal 2, receptor 8 precursor [Mus musculus]
NP_114078.1	858	691	23.010	72	169	3.18e-43	NP_001098017.1 vomeronasal 2, receptor 96 [Mus musculus]
NP_114073.1	842	762	22.835	66	169	9.13e-43	NP_001098546.1 vomeronasal 2, receptor 46 precursor [Mus musculus]
NP_114079.1	843	791	24.147	56	168	1.75e-42	NP_001098650.1 vomeronasal 2, receptor 65 precursor [Mus musculus]
NP_114078.1	858	819	23.321	78	168	2.46e-42	NP_001098540.1 vomeronasal 2, receptor 38 precursor [Mus musculus]
NP_114078.1	858	815	23.313	70	168	2.10e-42	NP_001098544.1 vomeronasal receptor Vmn2r44 precursor [Mus musculus]
NP_114078.1	858	813	23.124	66	168	2.62e-42	NP_001098532.1 vomeronasal 2, receptor 31 precursor [Mus musculus]
NP_114078.1	858	807	22.429	50	168	2.33e-42	XP_017177811.1 vomeronasal 2, receptor 43 isoform X1 [Mus musculus]
NP_114078.1	858	796	23.995	62	168	1.94e-42	NP_001098536.1 vomeronasal 2, receptor 34 precursor [Mus musculus]
NP_114079.1	843	820	23.171	100	167	3.13e-42	XP_030098660.1 vomeronasal receptor Vmn2r39 isoform X1 [Mus musculus]
NP_114079.1	843	818	23.105	96	167	6.19e-42	NP_945199.1 vomeronasal 2, receptor 43 precursor [Mus musculus]
NP_114079.1	843	805	22.360	79	167	3.85e-42	NP_001098651.1 vomeronasal receptor Vmn2r68 precursor [Mus musculus]
NP_114078.1	858	810	22.840	45	167	4.31e-42	NP_001098653.1 vomeronasal 2, receptor 70 precursor [Mus musculus]
NP_114078.1	858	806	22.705	52	167	3.34e-42	NP_001098537.1 vomeronasal receptor Vmn2r35 precursor [Mus musculus]
NP_114078.1	858	799	24.030	68	167	4.02e-42	XP_017177616.1 vomeronasal 2, receptor, 14 isoform X1 [Mus musculus]
NP_114073.1	842	780	25.128	91	167	3.55e-42	XP_030107841.1 vomeronasal 2, receptor family protein isoform X3 [Mus musculus]
NP_114079.1	843	834	24.101	96	166	9.13e-42	NP_001098542.1 vomeronasal 2, receptor 40 precursor [Mus musculus]
NP_114079.1	843	832	23.918	92	166	7.04e-42	NP_001098649.1 vomeronasal 2, receptor 51 precursor [Mus musculus]
NP_114079.1	843	789	24.588	115	166	7.91e-42	XP_030110277.1 vomeronasal 2, receptor 14 isoform X4 [Mus musculus]
NP_114078.1	858	809	23.362	56	166	8.30e-42	NP_001098648.1 vomeronasal receptor Vmn2r50 precursor [Mus musculus]
NP_114078.1	858	803	22.665	48	166	1.74e-41	NP_001098655.1 vomeronasal 2, receptor 72 precursor [Mus musculus]
NP_114078.1	858	795	23.899	60	166	1.52e-41	NP_001098538.1 vomeronasal 2, receptor 36 precursor [Mus musculus]
NP_114078.1	858	793	23.960	56	166	1.10e-41	NP_001098545.1 vomeronasal 2, receptor 45 precursor [Mus musculus]
NP_114073.1	842	831	24.188	110	166	1.20e-41	XP_030110277.1 vomeronasal 2, receptor 14 isoform X4 [Mus musculus]
NP_114073.1	842	786	23.028	80	166	7.40e-42	XP_030110506.1 vomeronasal 2, receptor 16 isoform X3 [Mus musculus]
NP_114073.1	842	743	25.303	85	166	6.26e-42	NP_033518.2 vomeronasal 2, receptor, 122 isoform 2 precursor [Mus musculus]
NP_114079.1	843	834	24.101	96	165	1.69e-41	NP_001098543.1 vomeronasal 2, receptor 41 precursor [Mus musculus]
NP_114078.1	858	785	22.420	54	165	2.73e-41	XP_006519463.1 vomeronasal 2, receptor 88 isoform X1 [Mus musculus]
NP_114078.1	858	308	30.844	17	165	8.82e-43	XP_006501823.1 vomeronasal type-2 receptor 1 isoform X4 [Mus musculus]
NP_114078.1	858	308	30.844	17	165	1.85e-41	XP_006501821.1 vomeronasal type-2 receptor 1 isoform X2 [Mus musculus]
NP_114078.1	858	308	30.844	17	165	1.13e-42	XP_006501822.1 vomeronasal type-2 receptor 1 isoform X3 [Mus musculus]
NP_114079.1	843	837	23.895	102	164	3.34e-41	NP_033516.3 vomeronasal 2, receptor, 15 precursor [Mus musculus]
NP_114079.1	843	827	23.579	82	164	4.33e-41	NP_001098537.1 vomeronasal receptor Vmn2r35 precursor [Mus musculus]
NP_114079.1	843	821	22.777	86	164	3.79e-41	NP_033519.1 vomeronasal 2, receptor 42 precursor [Mus musculus]
NP_114079.1	843	807	24.164	135	164	5.53e-41	XP_030110506.1 vomeronasal 2, receptor 16 isoform X3 [Mus musculus]
NP_114079.1	843	497	29.376	70	164	6.22e-42	XP_006524384.1 metabotropic glutamate receptor 4 isoform X4 [Mus musculus]
NP_114078.1	858	804	22.512	48	164	3.30e-41	XP_006507878.1 vomeronasal 2, receptor 72 isoform X1 [Mus musculus]
NP_114078.1	858	804	22.264	60	164	4.20e-41	NP_945199.1 vomeronasal 2, receptor 43 precursor [Mus musculus]
NP_114078.1	858	789	22.814	48	164	4.29e-41	NP_001098542.1 vomeronasal 2, receptor 40 precursor [Mus musculus]
NP_114073.1	842	748	22.594	64	164	1.67e-41	XP_006539495.1 vomeronasal 2, receptor 46 isoform X1 [Mus musculus]
NP_114073.1	842	455	29.011	27	164	2.65e-41	XP_006512617.1 metabotropic glutamate receptor 1 isoform X4 [Mus musculus]
NP_114078.1	858	815	22.331	76	163	1.24e-40	NP_001098656.1 vomeronasal 2, receptor 73 precursor [Mus musculus]
NP_114078.1	858	799	23.905	68	163	7.93e-41	NP_033516.3 vomeronasal 2, receptor, 15 precursor [Mus musculus]
NP_114078.1	858	789	22.814	48	163	8.07e-41	NP_001098543.1 vomeronasal 2, receptor 41 precursor [Mus musculus]
NP_114078.1	858	819	22.711	81	162	2.60e-40	NP_001098657.1 vomeronasal receptor Vmn2r74 precursor [Mus musculus]
NP_114078.1	858	813	22.386	62	162	2.83e-40	NP_001098541.1 vomeronasal receptor Vmn2r39 precursor [Mus musculus]
NP_114078.1	858	792	22.854	54	162	2.44e-40	NP_001098622.1 vomeronasal receptor Vmn2r48 [Mus musculus]
NP_114078.1	858	792	22.727	54	162	2.71e-40	NP_033519.1 vomeronasal 2, receptor 42 precursor [Mus musculus]
NP_114078.1	858	804	23.881	57	161	4.76e-40	NP_001096050.1 vomeronasal 2, receptor 76 precursor [Mus musculus]
NP_114073.1	842	797	23.212	106	161	3.75e-40	XP_017177618.1 vomeronasal 2, receptor 42 isoform X1 [Mus musculus]
NP_114079.1	843	831	22.864	90	160	5.85e-40	NP_001098626.1 vomeronasal 2, receptor 49 precursor [Mus musculus]
NP_114079.1	843	735	25.170	104	160	7.92e-40	NP_033518.2 vomeronasal 2, receptor, 122 isoform 2 precursor [Mus musculus]
NP_114078.1	858	790	22.532	60	160	6.23e-40	XP_006507656.1 vomeronasal receptor Vmn2r71 isoform X1 [Mus musculus]
NP_114073.1	842	771	23.606	81	160	6.38e-40	XP_017176348.1 vomeronasal 2, receptor 13 isoform X3 [Mus musculus]
NP_114079.1	843	831	22.864	90	159	2.00e-39	NP_001098533.1 vomeronasal 2, receptor 32 precursor [Mus musculus]
NP_114079.1	843	806	24.566	118	159	1.33e-39	XP_017176348.1 vomeronasal 2, receptor 13 isoform X3 [Mus musculus]
NP_114079.1	843	790	22.152	93	159	1.55e-39	NP_001098546.1 vomeronasal 2, receptor 46 precursor [Mus musculus]
NP_114078.1	858	815	23.067	71	159	2.64e-39	NP_001098652.1 vomeronasal 2, receptor 69 precursor [Mus musculus]
NP_114078.1	858	801	21.473	42	159	2.20e-39	NP_001098651.1 vomeronasal receptor Vmn2r68 precursor [Mus musculus]
NP_114078.1	858	795	22.893	60	159	2.54e-39	NP_001098626.1 vomeronasal 2, receptor 49 precursor [Mus musculus]
NP_114073.1	842	795	23.145	102	159	1.73e-39	XP_017177925.1 vomeronasal 2, receptor 49 isoform X1 [Mus musculus]
NP_114078.1	858	810	22.222	72	158	4.45e-39	XP_030098660.1 vomeronasal receptor Vmn2r39 isoform X1 [Mus musculus]
NP_114078.1	858	799	23.529	68	158	2.96e-39	XP_001479019.1 vomeronasal type-2 receptor 116-like isoform X1 [Mus musculus]
NP_114078.1	858	799	23.529	68	158	2.96e-39	NP_001098621.1 vomeronasal 2, receptor 47 precursor [Mus musculus]
NP_114078.1	858	794	22.544	64	158	4.83e-39	NP_001098654.1 vomeronasal receptor Vmn2r71 precursor [Mus musculus]
NP_114079.1	843	843	23.488	114	157	8.65e-39	XP_001479019.1 vomeronasal type-2 receptor 116-like isoform X1 [Mus musculus]
NP_114079.1	843	843	23.488	114	157	8.65e-39	NP_001098621.1 vomeronasal 2, receptor 47 precursor [Mus musculus]
NP_114079.1	843	837	23.656	102	157	9.29e-39	NP_001098536.1 vomeronasal 2, receptor 34 precursor [Mus musculus]
NP_114078.1	858	817	22.154	75	157	9.07e-39	NP_001096048.1 vomeronasal receptor Vmn2r75 precursor [Mus musculus]
NP_114079.1	843	837	23.775	102	156	1.97e-38	NP_001098545.1 vomeronasal 2, receptor 45 precursor [Mus musculus]
NP_114078.1	858	795	22.767	60	156	1.70e-38	NP_001098533.1 vomeronasal 2, receptor 32 precursor [Mus musculus]
NP_114073.1	842	795	22.767	102	156	1.41e-38	XP_017177619.1 vomeronasal 2, receptor 32 isoform X1 [Mus musculus]
NP_114079.1	843	837	23.417	102	155	3.21e-38	XP_017177616.1 vomeronasal 2, receptor, 14 isoform X1 [Mus musculus]
NP_114079.1	843	807	24.040	116	155	2.10e-38	XP_030110510.1 vomeronasal receptor Vmn2r17 isoform X4 [Mus musculus]
NP_114078.1	858	797	22.334	64	155	4.41e-38	NP_001098649.1 vomeronasal 2, receptor 51 precursor [Mus musculus]
NP_114073.1	842	794	22.922	103	155	1.81e-38	XP_030110510.1 vomeronasal receptor Vmn2r17 isoform X4 [Mus musculus]
NP_114079.1	843	696	22.557	83	154	3.60e-38	XP_006539495.1 vomeronasal 2, receptor 46 isoform X1 [Mus musculus]
NP_114078.1	858	806	23.077	86	154	9.95e-38	NP_001074874.1 vomeronasal 2, receptor 28 precursor [Mus musculus]
NP_114078.1	858	802	23.067	78	154	7.63e-38	NP_001098661.1 vomeronasal 2, receptor 52 precursor [Mus musculus]
NP_114073.1	842	804	22.637	118	154	6.56e-38	XP_006539494.1 vomeronasal 2, receptor 31 isoform X1 [Mus musculus]
NP_114073.1	842	791	22.503	96	154	8.32e-38	XP_017177381.1 vomeronasal 2, receptor 36 isoform X1 [Mus musculus]
NP_114078.1	858	755	23.046	77	153	1.21e-37	XP_017174390.1 vomeronasal 2, receptor, 122 isoform X2 [Mus musculus]
NP_114078.1	858	455	25.495	36	153	1.85e-37	NP_001096051.1 vomeronasal 2, receptor 95 precursor [Mus musculus]
NP_114078.1	858	798	22.431	120	152	1.79e-37	XP_030110277.1 vomeronasal 2, receptor 14 isoform X4 [Mus musculus]
NP_114078.1	858	749	23.364	60	152	3.93e-37	NP_001098546.1 vomeronasal 2, receptor 46 precursor [Mus musculus]
NP_114073.1	842	804	22.761	118	152	2.21e-37	XP_006540225.1 vomeronasal receptor Vmn2r44 isoform X1 [Mus musculus]
NP_114079.1	843	795	25.031	108	151	5.34e-37	XP_030107841.1 vomeronasal 2, receptor family protein isoform X3 [Mus musculus]
NP_114078.1	858	276	29.348	7	151	3.71e-37	XP_017174901.1 vomeronasal 2, receptor 2 isoform X1 [Mus musculus]
NP_114073.1	842	797	22.208	106	151	6.09e-37	XP_017177617.1 vomeronasal 2, receptor, 15 isoform X1 [Mus musculus]
NP_114073.1	842	795	21.887	104	151	4.01e-37	XP_017177387.1 vomeronasal 2, receptor 51 isoform X1 [Mus musculus]
NP_114079.1	843	476	27.731	45	150	3.55e-37	XP_030105688.1 metabotropic glutamate receptor 4 isoform X3 [Mus musculus]
NP_114079.1	843	476	27.731	45	150	3.55e-37	XP_006524383.1 metabotropic glutamate receptor 4 isoform X3 [Mus musculus]
NP_114078.1	858	756	23.016	78	150	1.28e-36	XP_017174389.1 vomeronasal 2, receptor, 122 isoform X1 [Mus musculus]
NP_114079.1	843	733	24.011	81	149	2.36e-36	NP_001074874.1 vomeronasal 2, receptor 28 precursor [Mus musculus]
NP_114078.1	858	801	22.097	116	149	2.79e-36	XP_017176348.1 vomeronasal 2, receptor 13 isoform X3 [Mus musculus]
NP_114078.1	858	264	29.545	7	149	2.99e-36	XP_017174902.1 vomeronasal 2, receptor 2 isoform X2 [Mus musculus]
NP_114073.1	842	795	22.264	104	149	3.40e-36	XP_017177384.1 vomeronasal 2, receptor 41 isoform X1 [Mus musculus]
NP_114073.1	842	793	22.446	100	149	2.80e-36	XP_017177924.1 vomeronasal receptor Vmn2r48 isoform X1 [Mus musculus]
NP_114073.1	842	795	22.264	104	148	4.09e-36	XP_017177382.1 vomeronasal 2, receptor 40 isoform X1 [Mus musculus]
NP_114078.1	858	823	21.750	116	147	7.89e-36	XP_030110506.1 vomeronasal 2, receptor 16 isoform X3 [Mus musculus]
NP_114079.1	843	732	23.907	79	146	3.01e-35	NP_001098661.1 vomeronasal 2, receptor 52 precursor [Mus musculus]
NP_114078.1	858	742	23.181	60	145	2.33e-35	XP_006539495.1 vomeronasal 2, receptor 46 isoform X1 [Mus musculus]
NP_114073.1	842	455	25.714	32	145	1.25e-35	XP_030105688.1 metabotropic glutamate receptor 4 isoform X3 [Mus musculus]
NP_114073.1	842	455	25.714	32	145	1.25e-35	XP_006524383.1 metabotropic glutamate receptor 4 isoform X3 [Mus musculus]
NP_114079.1	843	833	23.169	144	143	1.64e-34	XP_017177381.1 vomeronasal 2, receptor 36 isoform X1 [Mus musculus]
NP_114078.1	858	808	22.525	102	143	2.34e-34	XP_030110510.1 vomeronasal receptor Vmn2r17 isoform X4 [Mus musculus]
NP_114073.1	842	798	22.306	108	142	3.19e-34	XP_017177386.1 vomeronasal 2, receptor 47 isoform X1 [Mus musculus]
NP_114073.1	842	798	22.306	108	142	3.19e-34	XP_017167901.1 vomeronasal type-2 receptor 116-like isoform X2 [Mus musculus]
NP_114073.1	842	795	21.887	104	142	2.79e-34	XP_017177383.1 vomeronasal 2, receptor 45 isoform X1 [Mus musculus]
NP_114079.1	843	823	22.357	140	141	6.43e-34	XP_006539494.1 vomeronasal 2, receptor 31 isoform X1 [Mus musculus]
NP_114073.1	842	794	21.285	102	141	6.34e-34	XP_017177380.1 vomeronasal 2, receptor 34 isoform X1 [Mus musculus]
NP_114073.1	842	797	21.205	108	140	1.50e-33	NP_033515.2 vomeronasal 2, receptor, 14 precursor [Mus musculus]
NP_114079.1	843	833	23.409	144	139	3.16e-33	XP_017177924.1 vomeronasal receptor Vmn2r48 isoform X1 [Mus musculus]
NP_114079.1	843	822	22.384	138	139	4.26e-33	XP_006540225.1 vomeronasal receptor Vmn2r44 isoform X1 [Mus musculus]
NP_114078.1	858	815	22.822	120	139	5.08e-33	XP_006540225.1 vomeronasal receptor Vmn2r44 isoform X1 [Mus musculus]
NP_114078.1	858	813	22.632	116	139	5.69e-33	XP_006539494.1 vomeronasal 2, receptor 31 isoform X1 [Mus musculus]
NP_114078.1	858	796	23.492	112	139	4.41e-33	XP_017177380.1 vomeronasal 2, receptor 34 isoform X1 [Mus musculus]
NP_114078.1	858	789	21.673	111	139	4.99e-33	XP_030107841.1 vomeronasal 2, receptor family protein isoform X3 [Mus musculus]
NP_114073.1	842	468	25.427	51	138	2.20e-33	XP_006524384.1 metabotropic glutamate receptor 4 isoform X4 [Mus musculus]
NP_114079.1	843	608	23.191	84	137	2.28e-32	XP_006512613.1 metabotropic glutamate receptor 1 isoform X2 [Mus musculus]
NP_114078.1	858	797	23.463	114	137	1.08e-32	NP_033515.2 vomeronasal 2, receptor, 14 precursor [Mus musculus]
NP_114078.1	858	795	23.396	110	137	1.89e-32	XP_017177381.1 vomeronasal 2, receptor 36 isoform X1 [Mus musculus]
NP_114078.1	858	793	23.455	106	137	2.22e-32	XP_017177383.1 vomeronasal 2, receptor 45 isoform X1 [Mus musculus]
NP_114078.1	858	789	22.433	98	137	1.69e-32	XP_017177382.1 vomeronasal 2, receptor 40 isoform X1 [Mus musculus]
NP_114078.1	858	789	22.433	98	137	1.56e-32	XP_017177384.1 vomeronasal 2, receptor 41 isoform X1 [Mus musculus]
NP_114079.1	843	833	23.169	144	135	6.88e-32	XP_017177382.1 vomeronasal 2, receptor 40 isoform X1 [Mus musculus]
NP_114079.1	843	833	23.169	144	135	6.30e-32	XP_017177384.1 vomeronasal 2, receptor 41 isoform X1 [Mus musculus]
NP_114079.1	843	833	22.929	144	134	1.84e-31	XP_017177617.1 vomeronasal 2, receptor, 15 isoform X1 [Mus musculus]
NP_114079.1	843	831	22.864	140	134	1.36e-31	XP_017177387.1 vomeronasal 2, receptor 51 isoform X1 [Mus musculus]
NP_114079.1	843	826	21.792	146	134	1.84e-31	XP_017177618.1 vomeronasal 2, receptor 42 isoform X1 [Mus musculus]
NP_114078.1	858	799	23.404	118	134	1.41e-31	XP_017177617.1 vomeronasal 2, receptor, 15 isoform X1 [Mus musculus]
NP_114078.1	858	792	22.475	104	134	1.22e-31	XP_017177924.1 vomeronasal receptor Vmn2r48 isoform X1 [Mus musculus]
NP_114078.1	858	667	21.739	57	133	2.05e-31	XP_030105687.1 metabotropic glutamate receptor 4 isoform X2 [Mus musculus]
NP_114078.1	858	667	21.739	57	133	2.05e-31	NP_001347121.1 metabotropic glutamate receptor 4 isoform 3 [Mus musculus]
NP_114079.1	843	335	30.448	45	132	1.98e-32	XP_030111035.1 metabotropic glutamate receptor 8 isoform X3 [Mus musculus]
NP_114078.1	858	792	22.222	104	132	4.39e-31	XP_017177618.1 vomeronasal 2, receptor 42 isoform X1 [Mus musculus]
NP_114078.1	858	480	25.208	40	131	4.40e-31	XP_006524384.1 metabotropic glutamate receptor 4 isoform X4 [Mus musculus]
NP_114079.1	843	836	21.890	150	130	3.45e-30	XP_017177925.1 vomeronasal 2, receptor 49 isoform X1 [Mus musculus]
NP_114079.1	843	486	26.543	50	130	7.62e-31	XP_017169707.1 metabotropic glutamate receptor 6 isoform X1 [Mus musculus]
NP_114079.1	843	486	26.543	50	130	4.75e-31	XP_006532027.1 metabotropic glutamate receptor 6 isoform X2 [Mus musculus]
NP_114079.1	843	469	24.307	56	130	1.73e-30	XP_006512617.1 metabotropic glutamate receptor 1 isoform X4 [Mus musculus]
NP_114078.1	858	799	23.029	118	129	4.54e-30	XP_017177386.1 vomeronasal 2, receptor 47 isoform X1 [Mus musculus]
NP_114078.1	858	799	23.029	118	129	4.54e-30	XP_017167901.1 vomeronasal type-2 receptor 116-like isoform X2 [Mus musculus]
NP_114078.1	858	795	22.390	110	129	5.50e-30	XP_017177925.1 vomeronasal 2, receptor 49 isoform X1 [Mus musculus]
NP_114079.1	843	836	21.890	150	128	1.08e-29	XP_017177619.1 vomeronasal 2, receptor 32 isoform X1 [Mus musculus]
NP_114078.1	858	795	22.264	110	127	1.97e-29	XP_017177619.1 vomeronasal 2, receptor 32 isoform X1 [Mus musculus]
NP_114079.1	843	842	22.684	162	126	4.30e-29	XP_017177380.1 vomeronasal 2, receptor 34 isoform X1 [Mus musculus]
NP_114079.1	843	842	22.565	162	126	4.95e-29	XP_017177386.1 vomeronasal 2, receptor 47 isoform X1 [Mus musculus]
NP_114079.1	843	842	22.565	162	126	4.95e-29	XP_017167901.1 vomeronasal type-2 receptor 116-like isoform X2 [Mus musculus]
NP_114078.1	858	797	21.832	114	126	5.90e-29	XP_017177387.1 vomeronasal 2, receptor 51 isoform X1 [Mus musculus]
NP_114078.1	858	637	23.862	52	125	1.35e-28	XP_006512613.1 metabotropic glutamate receptor 1 isoform X2 [Mus musculus]
NP_114079.1	843	842	22.922	162	124	1.45e-28	XP_017177383.1 vomeronasal 2, receptor 45 isoform X1 [Mus musculus]
NP_114079.1	843	836	22.488	150	124	1.61e-28	NP_033515.2 vomeronasal 2, receptor, 14 precursor [Mus musculus]
NP_114078.1	858	287	26.481	21	122	4.78e-29	XP_030111035.1 metabotropic glutamate receptor 8 isoform X3 [Mus musculus]
NP_114073.1	842	308	26.623	28	117	4.13e-27	XP_030111035.1 metabotropic glutamate receptor 8 isoform X3 [Mus musculus]
NP_114078.1	858	753	21.514	113	116	6.01e-26	NP_033518.2 vomeronasal 2, receptor, 122 isoform 2 precursor [Mus musculus]
NP_114078.1	858	387	25.581	27	114	1.71e-25	NP_033514.2 vomeronasal 2, receptor, 122 isoform 1 precursor [Mus musculus]
NP_114078.1	858	450	24.889	33	112	1.56e-24	XP_006512617.1 metabotropic glutamate receptor 1 isoform X4 [Mus musculus]
NP_114079.1	843	291	27.148	16	107	3.05e-23	NP_033514.2 vomeronasal 2, receptor, 122 isoform 1 precursor [Mus musculus]
NP_114073.1	842	457	24.289	33	105	7.24e-23	XP_017169707.1 metabotropic glutamate receptor 6 isoform X1 [Mus musculus]
NP_114073.1	842	457	24.508	33	104	8.25e-23	XP_006532027.1 metabotropic glutamate receptor 6 isoform X2 [Mus musculus]
NP_114078.1	858	455	21.538	42	102	6.88e-22	XP_030105688.1 metabotropic glutamate receptor 4 isoform X3 [Mus musculus]
NP_114078.1	858	455	21.538	42	102	6.88e-22	XP_006524383.1 metabotropic glutamate receptor 4 isoform X3 [Mus musculus]
NP_114079.1	843	369	27.913	47	95.5	1.91e-19	NP_033514.2 vomeronasal 2, receptor, 122 isoform 1 precursor [Mus musculus]
NP_114079.1	843	369	27.913	47	93.6	2.36e-19	XP_017174391.1 vomeronasal 2, receptor, 122 isoform X3 [Mus musculus]
NP_114079.1	843	369	27.913	47	93.6	2.20e-19	XP_017174392.1 vomeronasal 2, receptor, 122 isoform X4 [Mus musculus]
NP_114079.1	843	354	26.271	51	93.2	3.36e-19	XP_017176350.1 vomeronasal 2, receptor 14 isoform X5 [Mus musculus]
NP_114079.1	843	347	26.513	37	93.2	3.02e-19	XP_017176351.1 vomeronasal 2, receptor 14 isoform X6 [Mus musculus]
NP_114079.1	843	367	26.703	43	92.4	6.55e-19	XP_017173819.1 vomeronasal 2, receptor 121 isoform X2 [Mus musculus]
NP_114079.1	843	367	26.703	43	92.4	5.93e-19	XP_017173818.1 vomeronasal 2, receptor 121 isoform X1 [Mus musculus]
NP_114073.1	842	380	26.316	38	92.4	5.91e-19	XP_017174391.1 vomeronasal 2, receptor, 122 isoform X3 [Mus musculus]
NP_114073.1	842	351	26.211	28	92.0	7.69e-19	XP_017174392.1 vomeronasal 2, receptor, 122 isoform X4 [Mus musculus]
NP_114078.1	858	487	24.230	51	91.3	1.91e-18	XP_006532027.1 metabotropic glutamate receptor 6 isoform X2 [Mus musculus]
NP_114079.1	843	376	25.266	52	90.9	1.98e-18	XP_017176548.1 vomeronasal 2, receptor 12 isoform X2 [Mus musculus]
NP_114078.1	858	487	24.230	51	90.9	3.96e-18	XP_017169707.1 metabotropic glutamate receptor 6 isoform X1 [Mus musculus]
NP_114079.1	843	367	26.703	43	87.8	1.77e-17	NP_001355863.1 vomeronasal 2, receptor 88 isoform 2 precursor [Mus musculus]
NP_114079.1	843	367	26.703	43	87.8	1.62e-17	XP_017171625.1 vomeronasal 2, receptor 88 isoform X4 [Mus musculus]
NP_114079.1	843	366	25.956	60	86.7	4.73e-17	XP_017176448.1 vomeronasal 2, receptor 11 isoform X3 [Mus musculus]
NP_114079.1	843	367	26.975	62	86.3	6.63e-17	XP_017176546.1 vomeronasal 2, receptor 8 isoform X1 [Mus musculus]
NP_114079.1	843	366	25.956	60	86.3	5.70e-17	XP_017176447.1 vomeronasal 2, receptor 11 isoform X2 [Mus musculus]
NP_114079.1	843	370	25.676	43	85.9	1.25e-16	NP_033513.1 vomeronasal 2, receptor 89 isoform 2 precursor [Mus musculus]
NP_114079.1	843	378	24.603	56	85.5	1.11e-16	XP_017176272.1 vomeronasal 2, receptor 15 isoform X3 [Mus musculus]
NP_114079.1	843	370	26.216	47	85.5	1.06e-16	NP_033512.1 vomeronasal 2, receptor 89 isoform 1 precursor [Mus musculus]
NP_114079.1	843	378	24.603	56	85.1	1.25e-16	XP_017176271.1 vomeronasal 2, receptor 15 isoform X2 [Mus musculus]
NP_114078.1	858	232	25.000	13	84.0	8.82e-16	NP_001096051.1 vomeronasal 2, receptor 95 precursor [Mus musculus]
NP_114073.1	842	350	26.571	36	84.0	3.61e-16	NP_001355863.1 vomeronasal 2, receptor 88 isoform 2 precursor [Mus musculus]
NP_114073.1	842	346	26.590	28	84.0	3.28e-16	XP_017171625.1 vomeronasal 2, receptor 88 isoform X4 [Mus musculus]
NP_114073.1	842	377	25.199	38	79.3	8.88e-15	XP_017173818.1 vomeronasal 2, receptor 121 isoform X1 [Mus musculus]
NP_114073.1	842	376	24.734	37	79.0	1.49e-14	XP_017173819.1 vomeronasal 2, receptor 121 isoform X2 [Mus musculus]
NP_114073.1	842	349	24.928	34	78.2	2.31e-14	NP_033512.1 vomeronasal 2, receptor 89 isoform 1 precursor [Mus musculus]
NP_114073.1	842	349	24.642	34	78.2	3.01e-14	NP_033513.1 vomeronasal 2, receptor 89 isoform 2 precursor [Mus musculus]
NP_114079.1	843	362	25.414	40	77.8	3.52e-14	XP_017174706.1 vomeronasal 2, receptor family protein isoform X5 [Mus musculus]
NP_114079.1	843	362	25.414	40	77.8	3.51e-14	XP_017174705.1 vomeronasal 2, receptor family protein isoform X4 [Mus musculus]
NP_114073.1	842	361	26.039	53	75.9	1.32e-13	XP_017176351.1 vomeronasal 2, receptor 14 isoform X6 [Mus musculus]
NP_114073.1	842	361	26.039	53	75.5	1.53e-13	XP_017176350.1 vomeronasal 2, receptor 14 isoform X5 [Mus musculus]
NP_114078.1	858	371	22.372	51	75.1	2.53e-13	XP_017176448.1 vomeronasal 2, receptor 11 isoform X3 [Mus musculus]
NP_114078.1	858	371	22.372	51	74.7	2.73e-13	XP_017176447.1 vomeronasal 2, receptor 11 isoform X2 [Mus musculus]
NP_114073.1	842	369	24.119	23	73.6	6.31e-13	XP_017174706.1 vomeronasal 2, receptor family protein isoform X5 [Mus musculus]
NP_114073.1	842	348	24.713	28	73.2	1.02e-12	XP_017176448.1 vomeronasal 2, receptor 11 isoform X3 [Mus musculus]
NP_114073.1	842	343	24.490	22	73.2	9.35e-13	XP_017174705.1 vomeronasal 2, receptor family protein isoform X4 [Mus musculus]
NP_114073.1	842	348	24.713	28	72.8	1.11e-12	XP_017176447.1 vomeronasal 2, receptor 11 isoform X2 [Mus musculus]
NP_114073.1	842	346	24.566	24	71.2	3.40e-12	XP_017176546.1 vomeronasal 2, receptor 8 isoform X1 [Mus musculus]
NP_114078.1	858	374	21.123	51	70.5	7.43e-12	XP_017176351.1 vomeronasal 2, receptor 14 isoform X6 [Mus musculus]
NP_114073.1	842	415	23.855	30	70.5	6.65e-12	XP_017176272.1 vomeronasal 2, receptor 15 isoform X3 [Mus musculus]
NP_114078.1	858	374	21.123	51	70.1	8.52e-12	XP_017176350.1 vomeronasal 2, receptor 14 isoform X5 [Mus musculus]
NP_114073.1	842	415	23.855	30	70.1	8.11e-12	XP_017176271.1 vomeronasal 2, receptor 15 isoform X2 [Mus musculus]
NP_114078.1	858	351	21.368	34	69.3	1.40e-11	NP_001355863.1 vomeronasal 2, receptor 88 isoform 2 precursor [Mus musculus]
NP_114078.1	858	351	21.368	34	69.3	1.39e-11	XP_017171625.1 vomeronasal 2, receptor 88 isoform X4 [Mus musculus]
NP_114078.1	858	368	20.924	45	67.8	5.28e-11	XP_017176548.1 vomeronasal 2, receptor 12 isoform X2 [Mus musculus]
NP_114078.1	858	353	19.830	34	67.8	4.99e-11	XP_017173818.1 vomeronasal 2, receptor 121 isoform X1 [Mus musculus]
NP_114078.1	858	353	19.830	34	67.8	4.59e-11	XP_017173819.1 vomeronasal 2, receptor 121 isoform X2 [Mus musculus]
NP_114078.1	858	277	22.744	25	67.4	1.03e-10	NP_033514.2 vomeronasal 2, receptor, 122 isoform 1 precursor [Mus musculus]
NP_114078.1	858	284	22.183	39	67.0	8.55e-11	XP_017174705.1 vomeronasal 2, receptor family protein isoform X4 [Mus musculus]
NP_114078.1	858	284	22.183	39	67.0	8.30e-11	XP_017174706.1 vomeronasal 2, receptor family protein isoform X5 [Mus musculus]
NP_114078.1	858	277	22.744	25	66.2	1.53e-10	XP_017174391.1 vomeronasal 2, receptor, 122 isoform X3 [Mus musculus]
NP_114078.1	858	277	22.744	25	66.2	1.44e-10	XP_017174392.1 vomeronasal 2, receptor, 122 isoform X4 [Mus musculus]
NP_114078.1	858	377	19.894	24	64.3	6.75e-10	NP_033513.1 vomeronasal 2, receptor 89 isoform 2 precursor [Mus musculus]
NP_114078.1	858	377	19.894	24	63.5	1.08e-09	NP_033512.1 vomeronasal 2, receptor 89 isoform 1 precursor [Mus musculus]
NP_114078.1	858	265	22.264	33	63.5	1.01e-09	XP_017176546.1 vomeronasal 2, receptor 8 isoform X1 [Mus musculus]
NP_114078.1	858	141	29.078	16	63.2	2.17e-09	NP_001074610.1 gamma-aminobutyric acid type B receptor subunit 2 precursor [Mus musculus]
NP_114078.1	858	372	22.312	53	62.4	2.54e-09	XP_017176271.1 vomeronasal 2, receptor 15 isoform X2 [Mus musculus]
NP_114078.1	858	372	22.043	53	62.4	2.51e-09	XP_017176272.1 vomeronasal 2, receptor 15 isoform X3 [Mus musculus]
NP_114078.1	858	382	19.634	49	53.9	1.58e-06	XP_006528904.1 retinal guanylyl cyclase 2 isoform X1 [Mus musculus]
NP_114078.1	858	382	19.634	49	53.9	1.58e-06	NP_001007577.1 retinal guanylyl cyclase 2 precursor [Mus musculus]
NP_114073.1	842	222	25.225	24	53.1	2.82e-06	XP_006524695.1 gamma-aminobutyric acid type B receptor subunit 1 isoform X1 [Mus musculus]
NP_114073.1	842	222	25.225	24	53.1	2.80e-06	NP_062312.3 gamma-aminobutyric acid type B receptor subunit 1 precursor [Mus musculus]
NP_114073.1	842	222	25.225	24	52.8	3.89e-06	XP_030105769.1 gamma-aminobutyric acid type B receptor subunit 1 isoform X3 [Mus musculus]
NP_114073.1	842	222	25.225	24	52.8	3.42e-06	XP_030105768.1 gamma-aminobutyric acid type B receptor subunit 1 isoform X2 [Mus musculus]
There are 275 unique query sequences with significant hits 41 contain the term metabotropic 4 contain taste and 216 contain vomeronasal
