NP_114073.1	842	735	25.034	69	219	7.20e-61	XP_012559805.1 PREDICTED: extracellular calcium-sensing receptor-like [Hydra vulgaris]
NP_114079.1	843	859	24.447	90	214	5.69e-58	XP_012561582.1 PREDICTED: metabotropic glutamate receptor 3-like [Hydra vulgaris]
NP_114078.1	858	840	24.524	113	203	1.30e-54	XP_012557482.1 PREDICTED: extracellular calcium-sensing receptor-like [Hydra vulgaris]
NP_114073.1	842	848	22.288	76	203	2.52e-54	XP_012561582.1 PREDICTED: metabotropic glutamate receptor 3-like [Hydra vulgaris]
NP_114079.1	843	735	23.946	80	200	4.10e-54	XP_012559805.1 PREDICTED: extracellular calcium-sensing receptor-like [Hydra vulgaris]
NP_114073.1	842	726	24.656	70	199	2.54e-53	XP_012563439.1 PREDICTED: extracellular calcium-sensing receptor-like [Hydra vulgaris]
NP_114079.1	843	748	24.198	70	198	6.13e-53	XP_012563439.1 PREDICTED: extracellular calcium-sensing receptor-like [Hydra vulgaris]
NP_114073.1	842	818	23.716	101	190	4.23e-50	XP_012556497.1 PREDICTED: extracellular calcium-sensing receptor-like [Hydra vulgaris]
NP_114078.1	858	735	23.265	66	189	8.28e-50	XP_012563439.1 PREDICTED: extracellular calcium-sensing receptor-like [Hydra vulgaris]
NP_114078.1	858	665	23.459	61	187	8.61e-50	XP_012559805.1 PREDICTED: extracellular calcium-sensing receptor-like [Hydra vulgaris]
NP_114078.1	858	801	24.469	87	184	4.67e-48	XP_012557517.1 PREDICTED: extracellular calcium-sensing receptor-like [Hydra vulgaris]
NP_114078.1	858	633	24.013	78	183	6.02e-48	XP_012558649.1 PREDICTED: extracellular calcium-sensing receptor-like [Hydra vulgaris]
NP_114078.1	858	836	23.086	105	181	3.69e-47	XP_012556497.1 PREDICTED: extracellular calcium-sensing receptor-like [Hydra vulgaris]
NP_114073.1	842	831	23.947	68	181	1.68e-47	XP_012559971.1 PREDICTED: extracellular calcium-sensing receptor-like [Hydra vulgaris]
NP_114073.1	842	791	22.882	39	177	3.42e-46	XP_012559955.1 PREDICTED: extracellular calcium-sensing receptor-like [Hydra vulgaris]
NP_114079.1	843	849	23.557	93	175	1.92e-45	XP_012557482.1 PREDICTED: extracellular calcium-sensing receptor-like [Hydra vulgaris]
NP_114073.1	842	746	23.861	97	174	3.40e-45	XP_012557482.1 PREDICTED: extracellular calcium-sensing receptor-like [Hydra vulgaris]
NP_114078.1	858	840	23.452	73	172	1.58e-44	XP_002163014.1 PREDICTED: extracellular calcium-sensing receptor-like [Hydra vulgaris]
NP_114073.1	842	860	22.791	55	172	2.44e-44	XP_002163014.1 PREDICTED: extracellular calcium-sensing receptor-like [Hydra vulgaris]
NP_114073.1	842	816	24.632	85	172	2.57e-44	XP_002156932.2 PREDICTED: extracellular calcium-sensing receptor-like [Hydra vulgaris]
NP_114079.1	843	845	23.195	80	171	3.57e-44	XP_012559971.1 PREDICTED: extracellular calcium-sensing receptor-like [Hydra vulgaris]
NP_114079.1	843	821	22.168	53	168	4.58e-43	XP_002163014.1 PREDICTED: extracellular calcium-sensing receptor-like [Hydra vulgaris]
NP_114073.1	842	780	22.692	83	168	5.11e-43	XP_012557517.1 PREDICTED: extracellular calcium-sensing receptor-like [Hydra vulgaris]
NP_114078.1	858	809	23.486	84	166	1.58e-42	XP_012553619.1 PREDICTED: metabotropic glutamate receptor 3-like isoform X1 [Hydra vulgaris]
NP_114078.1	858	857	23.104	97	163	1.47e-41	XP_012559955.1 PREDICTED: extracellular calcium-sensing receptor-like [Hydra vulgaris]
NP_114078.1	858	511	25.636	73	157	9.85e-41	XP_012553932.1 PREDICTED: metabotropic glutamate receptor 3-like [Hydra vulgaris]
NP_114079.1	843	579	25.907	85	155	2.05e-39	XP_012553929.1 PREDICTED: metabotropic glutamate receptor 3-like [Hydra vulgaris]
NP_114078.1	858	878	22.096	96	155	4.90e-39	XP_012559971.1 PREDICTED: extracellular calcium-sensing receptor-like [Hydra vulgaris]
NP_114073.1	842	561	23.351	48	154	1.90e-38	XP_012558649.1 PREDICTED: extracellular calcium-sensing receptor-like [Hydra vulgaris]
NP_114078.1	858	519	24.663	87	153	1.06e-38	XP_012553929.1 PREDICTED: metabotropic glutamate receptor 3-like [Hydra vulgaris]
NP_114079.1	843	782	22.251	74	151	1.16e-37	XP_012556497.1 PREDICTED: extracellular calcium-sensing receptor-like [Hydra vulgaris]
NP_114073.1	842	474	27.848	39	150	1.84e-38	XP_012553932.1 PREDICTED: metabotropic glutamate receptor 3-like [Hydra vulgaris]
NP_114079.1	843	843	22.894	88	149	7.36e-37	XP_012559926.1 PREDICTED: extracellular calcium-sensing receptor-like [Hydra vulgaris]
NP_114079.1	843	562	25.623	74	149	8.34e-38	XP_012553932.1 PREDICTED: metabotropic glutamate receptor 3-like [Hydra vulgaris]
NP_114078.1	858	811	22.441	83	149	5.07e-37	XP_012555835.1 PREDICTED: metabotropic glutamate receptor 3-like [Hydra vulgaris]
NP_114079.1	843	876	22.831	97	148	1.22e-36	XP_002156932.2 PREDICTED: extracellular calcium-sensing receptor-like [Hydra vulgaris]
NP_114073.1	842	773	20.828	81	148	6.76e-37	XP_012555835.1 PREDICTED: metabotropic glutamate receptor 3-like [Hydra vulgaris]
NP_114079.1	843	852	21.714	115	147	2.07e-36	XP_012559955.1 PREDICTED: extracellular calcium-sensing receptor-like [Hydra vulgaris]
NP_114079.1	843	813	23.247	80	147	2.40e-36	XP_012555835.1 PREDICTED: metabotropic glutamate receptor 3-like [Hydra vulgaris]
NP_114079.1	843	876	22.831	133	145	5.17e-36	XP_012553451.1 PREDICTED: metabotropic glutamate receptor 8-like [Hydra vulgaris]
NP_114073.1	842	781	22.663	58	145	6.11e-36	XP_012553619.1 PREDICTED: metabotropic glutamate receptor 3-like isoform X1 [Hydra vulgaris]
NP_114078.1	858	849	23.557	118	144	1.41e-35	XP_012559926.1 PREDICTED: extracellular calcium-sensing receptor-like [Hydra vulgaris]
NP_114073.1	842	880	22.955	150	144	1.68e-35	XP_012562936.1 PREDICTED: extracellular calcium-sensing receptor-like [Hydra vulgaris]
NP_114079.1	843	788	23.096	96	142	9.21e-35	XP_012557517.1 PREDICTED: extracellular calcium-sensing receptor-like [Hydra vulgaris]
NP_114078.1	858	883	21.178	122	141	2.17e-34	XP_012561582.1 PREDICTED: metabotropic glutamate receptor 3-like [Hydra vulgaris]
NP_114073.1	842	611	22.422	107	141	6.62e-35	XP_012553929.1 PREDICTED: metabotropic glutamate receptor 3-like [Hydra vulgaris]
NP_114073.1	842	820	21.220	98	137	3.39e-33	XP_012559926.1 PREDICTED: extracellular calcium-sensing receptor-like [Hydra vulgaris]
NP_114079.1	843	590	23.898	85	136	5.37e-33	XP_012558649.1 PREDICTED: extracellular calcium-sensing receptor-like [Hydra vulgaris]
NP_114079.1	843	884	22.964	124	135	1.50e-32	XP_012555362.1 PREDICTED: metabotropic glutamate receptor 3-like [Hydra vulgaris]
NP_114078.1	858	872	22.018	117	135	1.16e-32	XP_002156932.2 PREDICTED: extracellular calcium-sensing receptor-like [Hydra vulgaris]
NP_114073.1	842	623	22.632	66	135	7.81e-33	XP_012559266.1 PREDICTED: extracellular calcium-sensing receptor-like [Hydra vulgaris]
NP_114078.1	858	920	20.326	146	133	5.18e-32	XP_012562936.1 PREDICTED: extracellular calcium-sensing receptor-like [Hydra vulgaris]
NP_114078.1	858	604	24.007	98	132	9.78e-32	XP_012563518.1 PREDICTED: metabotropic glutamate receptor 3-like [Hydra vulgaris]
NP_114073.1	842	844	21.564	100	132	1.45e-31	XP_012559030.1 PREDICTED: metabotropic glutamate receptor 8-like [Hydra vulgaris]
NP_114079.1	843	713	23.562	69	130	5.18e-31	XP_012563144.1 PREDICTED: extracellular calcium-sensing receptor-like [Hydra vulgaris]
NP_114073.1	842	534	23.970	77	130	8.97e-32	XP_004212424.2 PREDICTED: LOW QUALITY PROTEIN: metabotropic glutamate receptor 3-like, partial [Hydra vulgaris]
NP_114079.1	843	848	21.934	98	129	1.49e-30	XP_012559030.1 PREDICTED: metabotropic glutamate receptor 8-like [Hydra vulgaris]
NP_114079.1	843	592	24.155	42	126	3.30e-30	XP_012560804.1 PREDICTED: metabotropic glutamate receptor 3-like [Hydra vulgaris]
NP_114078.1	858	671	22.206	85	126	7.80e-30	XP_012559266.1 PREDICTED: extracellular calcium-sensing receptor-like [Hydra vulgaris]
NP_114078.1	858	584	23.973	73	126	3.73e-30	XP_004212999.2 PREDICTED: extracellular calcium-sensing receptor-like, partial [Hydra vulgaris]
NP_114078.1	858	541	23.660	90	124	3.35e-29	XP_002165597.2 PREDICTED: extracellular calcium-sensing receptor-like [Hydra vulgaris]
NP_114079.1	843	755	22.119	90	121	3.02e-28	XP_012553619.1 PREDICTED: metabotropic glutamate receptor 3-like isoform X1 [Hydra vulgaris]
NP_114073.1	842	515	23.883	70	121	4.75e-29	XP_002164463.2 PREDICTED: metabotropic glutamate receptor 3-like, partial [Hydra vulgaris]
NP_114079.1	843	598	21.070	65	120	4.51e-28	XP_012563518.1 PREDICTED: metabotropic glutamate receptor 3-like [Hydra vulgaris]
NP_114073.1	842	837	20.789	134	120	5.08e-28	XP_012555770.1 PREDICTED: metabotropic glutamate receptor 3-like [Hydra vulgaris]
NP_114079.1	843	877	21.437	138	119	1.88e-27	XP_012562936.1 PREDICTED: extracellular calcium-sensing receptor-like [Hydra vulgaris]
NP_114073.1	842	830	20.843	111	119	1.68e-27	XP_012562521.1 PREDICTED: metabotropic glutamate receptor 3-like [Hydra vulgaris]
NP_114073.1	842	442	23.982	31	119	1.05e-27	XP_012563518.1 PREDICTED: metabotropic glutamate receptor 3-like [Hydra vulgaris]
NP_114078.1	858	843	20.996	88	117	4.68e-27	XP_012559030.1 PREDICTED: metabotropic glutamate receptor 8-like [Hydra vulgaris]
NP_114073.1	842	416	23.077	35	117	3.49e-27	XP_004210524.2 PREDICTED: extracellular calcium-sensing receptor-like, partial [Hydra vulgaris]
NP_114078.1	858	874	22.197	163	116	1.42e-26	XP_012555362.1 PREDICTED: metabotropic glutamate receptor 3-like [Hydra vulgaris]
NP_114073.1	842	854	22.482	154	116	1.17e-26	XP_012555362.1 PREDICTED: metabotropic glutamate receptor 3-like [Hydra vulgaris]
NP_114073.1	842	413	25.666	33	114	2.55e-26	XP_012560804.1 PREDICTED: metabotropic glutamate receptor 3-like [Hydra vulgaris]
NP_114078.1	858	840	21.429	106	113	8.53e-26	XP_012553451.1 PREDICTED: metabotropic glutamate receptor 8-like [Hydra vulgaris]
NP_114078.1	858	547	23.766	78	112	1.26e-25	XP_004210524.2 PREDICTED: extracellular calcium-sensing receptor-like, partial [Hydra vulgaris]
NP_114073.1	842	858	21.445	104	112	1.84e-25	XP_012553451.1 PREDICTED: metabotropic glutamate receptor 8-like [Hydra vulgaris]
NP_114073.1	842	481	25.156	44	111	3.13e-25	XP_012553931.1 PREDICTED: metabotropic glutamate receptor 3-like [Hydra vulgaris]
NP_114073.1	842	409	23.472	28	111	2.96e-25	XP_002165597.2 PREDICTED: extracellular calcium-sensing receptor-like [Hydra vulgaris]
NP_114079.1	843	811	21.825	142	108	4.34e-24	XP_012555770.1 PREDICTED: metabotropic glutamate receptor 3-like [Hydra vulgaris]
NP_114079.1	843	461	23.644	36	108	3.24e-24	XP_012553931.1 PREDICTED: metabotropic glutamate receptor 3-like [Hydra vulgaris]
NP_114073.1	842	460	25.652	46	108	1.08e-24	XP_012566606.1 PREDICTED: metabotropic glutamate receptor 3-like [Hydra vulgaris]
NP_114079.1	843	777	21.107	147	107	4.98e-24	XP_012562725.1 PREDICTED: metabotropic glutamate receptor 3-like [Hydra vulgaris]
NP_114079.1	843	649	20.339	62	107	6.77e-24	XP_012559266.1 PREDICTED: extracellular calcium-sensing receptor-like [Hydra vulgaris]
NP_114073.1	842	292	24.658	33	107	2.34e-25	XP_004210296.1 PREDICTED: extracellular calcium-sensing receptor-like, partial [Hydra vulgaris]
NP_114079.1	843	524	23.092	112	106	3.00e-24	XP_012558195.1 PREDICTED: G-protein coupled receptor family C group 6 member A-like, partial [Hydra vulgaris]
NP_114073.1	842	689	22.642	126	104	3.44e-23	XP_004212999.2 PREDICTED: extracellular calcium-sensing receptor-like, partial [Hydra vulgaris]
NP_114079.1	843	679	23.270	115	102	2.62e-22	XP_012556181.1 PREDICTED: G-protein coupled receptor family C group 6 member A-like [Hydra vulgaris]
NP_114079.1	843	433	23.326	37	102	1.87e-22	XP_002165597.2 PREDICTED: extracellular calcium-sensing receptor-like [Hydra vulgaris]
NP_114078.1	858	457	22.757	16	102	7.70e-23	XP_012566606.1 PREDICTED: metabotropic glutamate receptor 3-like [Hydra vulgaris]
NP_114078.1	858	294	25.850	19	99.8	1.76e-22	XP_012559171.1 PREDICTED: G-protein coupled receptor family C group 6 member A-like, partial [Hydra vulgaris]
NP_114078.1	858	578	22.491	80	97.8	6.81e-21	XP_012556181.1 PREDICTED: G-protein coupled receptor family C group 6 member A-like [Hydra vulgaris]
NP_114078.1	858	266	29.323	33	97.8	1.03e-21	XP_004211778.1 PREDICTED: extracellular calcium-sensing receptor-like [Hydra vulgaris]
NP_114073.1	842	295	24.407	27	97.8	1.11e-21	XP_012556285.1 PREDICTED: extracellular calcium-sensing receptor-like [Hydra vulgaris]
NP_114079.1	843	677	22.304	131	97.1	9.60e-21	XP_004212999.2 PREDICTED: extracellular calcium-sensing receptor-like, partial [Hydra vulgaris]
NP_114078.1	858	634	20.032	115	96.7	1.20e-20	XP_012560804.1 PREDICTED: metabotropic glutamate receptor 3-like [Hydra vulgaris]
NP_114078.1	858	242	29.339	17	96.7	6.02e-21	XP_012558195.1 PREDICTED: G-protein coupled receptor family C group 6 member A-like, partial [Hydra vulgaris]
NP_114079.1	843	832	21.635	130	96.3	2.16e-20	XP_012562521.1 PREDICTED: metabotropic glutamate receptor 3-like [Hydra vulgaris]
NP_114078.1	858	663	22.323	108	95.5	3.86e-20	XP_012562725.1 PREDICTED: metabotropic glutamate receptor 3-like [Hydra vulgaris]
NP_114078.1	858	299	24.749	42	95.5	1.36e-20	XP_002164463.2 PREDICTED: metabotropic glutamate receptor 3-like, partial [Hydra vulgaris]
NP_114079.1	843	173	32.370	10	95.1	2.12e-20	XP_002164463.2 PREDICTED: metabotropic glutamate receptor 3-like, partial [Hydra vulgaris]
NP_114078.1	858	306	27.124	39	95.1	2.06e-20	XP_004212626.1 PREDICTED: extracellular calcium-sensing receptor-like, partial [Hydra vulgaris]
NP_114079.1	843	187	29.947	11	94.7	3.19e-20	XP_004212424.2 PREDICTED: LOW QUALITY PROTEIN: metabotropic glutamate receptor 3-like, partial [Hydra vulgaris]
NP_114073.1	842	538	22.491	81	93.6	1.69e-19	XP_012563989.1 PREDICTED: extracellular calcium-sensing receptor-like [Hydra vulgaris]
NP_114073.1	842	586	23.208	77	93.2	1.90e-19	XP_012556181.1 PREDICTED: G-protein coupled receptor family C group 6 member A-like [Hydra vulgaris]
NP_114079.1	843	576	21.007	70	92.0	2.71e-19	XP_004210524.2 PREDICTED: extracellular calcium-sensing receptor-like, partial [Hydra vulgaris]
NP_114078.1	858	297	24.242	40	91.3	9.38e-20	XP_004210296.1 PREDICTED: extracellular calcium-sensing receptor-like, partial [Hydra vulgaris]
NP_114079.1	843	173	30.636	10	90.5	1.58e-19	XP_004210296.1 PREDICTED: extracellular calcium-sensing receptor-like, partial [Hydra vulgaris]
NP_114078.1	858	297	24.579	41	89.7	1.12e-18	XP_004212424.2 PREDICTED: LOW QUALITY PROTEIN: metabotropic glutamate receptor 3-like, partial [Hydra vulgaris]
NP_114078.1	858	180	30.556	9	89.7	2.49e-18	XP_002163444.2 PREDICTED: metabotropic glutamate receptor 5-like [Hydra vulgaris]
NP_114073.1	842	292	22.603	37	89.7	9.35e-19	XP_004212626.1 PREDICTED: extracellular calcium-sensing receptor-like, partial [Hydra vulgaris]
NP_114079.1	843	393	22.901	19	89.0	2.14e-18	XP_012566606.1 PREDICTED: metabotropic glutamate receptor 3-like [Hydra vulgaris]
NP_114073.1	842	231	25.541	11	89.0	9.19e-19	XP_004212545.2 PREDICTED: extracellular calcium-sensing receptor-like [Hydra vulgaris]
NP_114078.1	858	301	24.585	33	87.4	2.76e-18	XP_012556285.1 PREDICTED: extracellular calcium-sensing receptor-like [Hydra vulgaris]
NP_114073.1	842	668	21.707	70	87.0	1.63e-17	XP_012563144.1 PREDICTED: extracellular calcium-sensing receptor-like [Hydra vulgaris]
NP_114078.1	858	256	25.391	34	86.7	2.15e-17	XP_012562521.1 PREDICTED: metabotropic glutamate receptor 3-like [Hydra vulgaris]
NP_114079.1	843	315	29.206	46	84.3	2.59e-17	XP_004211778.1 PREDICTED: extracellular calcium-sensing receptor-like [Hydra vulgaris]
NP_114078.1	858	321	22.741	51	84.0	1.40e-16	XP_012563989.1 PREDICTED: extracellular calcium-sensing receptor-like [Hydra vulgaris]
NP_114078.1	858	234	23.504	14	84.0	4.31e-17	XP_004212545.2 PREDICTED: extracellular calcium-sensing receptor-like [Hydra vulgaris]
NP_114078.1	858	509	20.629	48	83.6	1.80e-16	XP_012553931.1 PREDICTED: metabotropic glutamate receptor 3-like [Hydra vulgaris]
NP_114078.1	858	218	29.358	17	83.2	2.45e-16	XP_012556581.1 PREDICTED: metabotropic glutamate receptor 8-like [Hydra vulgaris]
NP_114073.1	842	304	24.342	29	82.4	1.04e-16	XP_012559171.1 PREDICTED: G-protein coupled receptor family C group 6 member A-like, partial [Hydra vulgaris]
NP_114073.1	842	780	20.256	95	82.0	5.80e-16	XP_012558180.1 PREDICTED: extracellular calcium-sensing receptor-like [Hydra vulgaris]
NP_114073.1	842	780	20.256	95	82.0	5.80e-16	XP_002170612.2 PREDICTED: extracellular calcium-sensing receptor-like [Hydra vulgaris]
NP_114073.1	842	238	24.790	16	82.0	5.44e-16	XP_012556581.1 PREDICTED: metabotropic glutamate receptor 8-like [Hydra vulgaris]
NP_114079.1	843	595	22.521	102	81.6	7.07e-16	XP_012563989.1 PREDICTED: extracellular calcium-sensing receptor-like [Hydra vulgaris]
NP_114073.1	842	245	25.714	20	81.3	4.82e-16	XP_012558195.1 PREDICTED: G-protein coupled receptor family C group 6 member A-like, partial [Hydra vulgaris]
NP_114079.1	843	278	23.381	30	79.7	9.73e-16	XP_004212545.2 PREDICTED: extracellular calcium-sensing receptor-like [Hydra vulgaris]
NP_114078.1	858	296	25.000	52	79.7	3.47e-15	XP_012555770.1 PREDICTED: metabotropic glutamate receptor 3-like [Hydra vulgaris]
NP_114073.1	842	706	19.122	96	79.7	2.81e-15	XP_012562725.1 PREDICTED: metabotropic glutamate receptor 3-like [Hydra vulgaris]
NP_114079.1	843	232	25.431	16	77.8	1.31e-14	XP_012556581.1 PREDICTED: metabotropic glutamate receptor 8-like [Hydra vulgaris]
NP_114073.1	842	221	28.959	31	76.6	8.97e-15	XP_004211778.1 PREDICTED: extracellular calcium-sensing receptor-like [Hydra vulgaris]
NP_114078.1	858	665	20.451	81	75.9	5.46e-14	XP_012563144.1 PREDICTED: extracellular calcium-sensing receptor-like [Hydra vulgaris]
NP_114079.1	843	179	27.374	12	73.9	1.67e-13	XP_002163444.2 PREDICTED: metabotropic glutamate receptor 5-like [Hydra vulgaris]
NP_114073.1	842	165	29.091	17	73.6	2.42e-13	XP_002163444.2 PREDICTED: metabotropic glutamate receptor 5-like [Hydra vulgaris]
NP_114079.1	843	363	21.763	75	73.2	3.12e-13	XP_012556581.1 PREDICTED: metabotropic glutamate receptor 8-like [Hydra vulgaris]
NP_114079.1	843	314	22.611	48	73.2	1.42e-13	XP_012556285.1 PREDICTED: extracellular calcium-sensing receptor-like [Hydra vulgaris]
NP_114079.1	843	296	23.649	30	73.2	1.05e-13	XP_012559171.1 PREDICTED: G-protein coupled receptor family C group 6 member A-like, partial [Hydra vulgaris]
NP_114073.1	842	623	20.225	85	71.6	8.92e-13	XP_012562497.1 PREDICTED: metabotropic glutamate receptor 3-like [Hydra vulgaris]
NP_114079.1	843	388	21.649	21	70.1	3.10e-12	XP_012558180.1 PREDICTED: extracellular calcium-sensing receptor-like [Hydra vulgaris]
NP_114079.1	843	388	21.649	21	70.1	3.10e-12	XP_002170612.2 PREDICTED: extracellular calcium-sensing receptor-like [Hydra vulgaris]
NP_114078.1	858	303	22.442	30	67.4	1.90e-11	XP_012555770.1 PREDICTED: metabotropic glutamate receptor 3-like [Hydra vulgaris]
NP_114079.1	843	245	23.265	25	63.5	2.02e-10	XP_004212626.1 PREDICTED: extracellular calcium-sensing receptor-like, partial [Hydra vulgaris]
NP_114079.1	843	436	22.248	70	58.5	1.16e-08	XP_004209910.2 PREDICTED: atrial natriuretic peptide receptor 1-like isoform X1 [Hydra vulgaris]
NP_114073.1	842	119	27.731	3	57.8	6.24e-10	XP_004207649.2 PREDICTED: probable metabotropic glutamate receptor mgl-1 [Hydra vulgaris]
NP_114078.1	858	121	26.446	5	55.8	2.87e-09	XP_004207649.2 PREDICTED: probable metabotropic glutamate receptor mgl-1 [Hydra vulgaris]
NP_114073.1	842	336	20.833	45	55.8	8.06e-08	XP_012556581.1 PREDICTED: metabotropic glutamate receptor 8-like [Hydra vulgaris]
NP_114073.1	842	132	25.758	9	54.7	1.60e-07	XP_012555693.1 PREDICTED: metabotropic glutamate receptor 8-like, partial [Hydra vulgaris]
NP_114073.1	842	440	21.818	48	54.3	2.13e-07	XP_002163444.2 PREDICTED: metabotropic glutamate receptor 5-like [Hydra vulgaris]
NP_114079.1	843	285	18.947	24	53.5	3.32e-07	XP_012555693.1 PREDICTED: metabotropic glutamate receptor 8-like, partial [Hydra vulgaris]
NP_114078.1	858	189	25.397	36	51.6	1.62e-06	XP_012555023.1 PREDICTED: metabotropic glutamate receptor 8-like [Hydra vulgaris]
NP_114079.1	843	186	23.656	27	51.2	2.67e-07	XP_012554061.1 PREDICTED: glutamate [NMDA] receptor subunit 1-like [Hydra vulgaris]
NP_114078.1	858	164	23.171	8	50.4	5.27e-07	XP_012554061.1 PREDICTED: glutamate [NMDA] receptor subunit 1-like [Hydra vulgaris]
NP_114079.1	843	104	25.962	14	45.8	7.78e-06	XP_004207649.2 PREDICTED: probable metabotropic glutamate receptor mgl-1 [Hydra vulgaris]
There are 53 unique query sequences with significant hits 23 contain the term metabotropic 0 contain taste and 0 contain vomeronasal
