NP_114073.1	842	822	40.146	30	656	0.0	NP_001034614.2 taste receptor type 1 member 2 precursor [Danio rerio]
NP_114073.1	842	832	35.817	22	553	0.0	NP_001077325.1 taste receptor, type 1, member 2, tandem duplicate 2 precursor [Danio rerio]
NP_114078.1	858	813	35.424	22	520	8.51e-172	NP_001034717.1 taste receptor type 1 member 3 precursor [Danio rerio]
NP_114073.1	842	813	35.916	26	517	3.85e-171	NP_001034920.1 taste receptor, type 1, member 2, tandem duplicate 1 [Danio rerio]
NP_114079.1	843	826	34.625	34	478	4.80e-156	NP_001034614.2 taste receptor type 1 member 2 precursor [Danio rerio]
NP_114079.1	843	822	34.063	24	476	1.34e-155	NP_001077325.1 taste receptor, type 1, member 2, tandem duplicate 2 precursor [Danio rerio]
NP_114079.1	843	821	33.496	28	449	5.10e-145	NP_001034920.1 taste receptor, type 1, member 2, tandem duplicate 1 [Danio rerio]
NP_114073.1	842	815	33.129	26	437	4.17e-140	NP_001034717.1 taste receptor type 1 member 3 precursor [Danio rerio]
NP_114078.1	858	834	29.257	42	416	1.95e-132	NP_001077325.1 taste receptor, type 1, member 2, tandem duplicate 2 precursor [Danio rerio]
NP_114073.1	842	861	31.475	56	414	3.84e-131	XP_003200515.2 extracellular calcium-sensing receptor [Danio rerio]
NP_114073.1	842	861	31.359	56	412	1.18e-130	XP_021328992.1 extracellular calcium-sensing receptor [Danio rerio]
NP_114073.1	842	839	31.585	47	410	1.28e-129	XP_021328986.1 extracellular calcium-sensing receptor-like isoform X1 [Danio rerio]
NP_114078.1	858	817	29.376	36	409	1.15e-129	NP_001034920.1 taste receptor, type 1, member 2, tandem duplicate 1 [Danio rerio]
NP_114073.1	842	839	31.466	47	409	3.67e-129	XP_009291997.1 extracellular calcium-sensing receptor-like isoform X1 [Danio rerio]
NP_114078.1	858	819	29.915	50	404	9.32e-128	NP_001034614.2 taste receptor type 1 member 2 precursor [Danio rerio]
NP_114073.1	842	862	31.439	57	397	1.02e-124	XP_683668.6 extracellular calcium-sensing receptor isoform X1 [Danio rerio]
NP_114073.1	842	841	30.440	57	397	6.53e-124	NP_001338594.1 extracellular calcium-sensing receptor precursor [Danio rerio]
NP_114073.1	842	840	30.714	63	395	3.33e-124	XP_685037.5 extracellular calcium-sensing receptor-like isoform X1 [Danio rerio]
NP_114073.1	842	837	31.063	56	395	5.42e-124	NP_001103760.1 olfactory receptor C family, h1 precursor [Danio rerio]
NP_114073.1	842	821	31.547	43	395	9.95e-125	NP_001076568.1 olfactory receptor C family, q1 [Danio rerio]
NP_114073.1	842	840	30.595	63	393	2.82e-123	XP_002665412.3 extracellular calcium-sensing receptor-like isoform X1 [Danio rerio]
NP_114073.1	842	825	31.394	49	392	5.53e-123	XP_683954.5 extracellular calcium-sensing receptor-like [Danio rerio]
NP_114073.1	842	839	30.513	58	391	1.40e-122	XP_021328990.1 extracellular calcium-sensing receptor-like isoform X4 [Danio rerio]
NP_114073.1	842	851	30.200	67	390	3.10e-121	XP_017211901.1 extracellular calcium-sensing receptor isoform X1 [Danio rerio]
NP_114073.1	842	832	31.250	44	390	2.58e-122	NP_001103761.1 olfactory receptor C family, j1 precursor [Danio rerio]
NP_114073.1	842	814	31.572	49	389	2.20e-122	NP_001018157.1 olfactory receptor C family, w1 [Danio rerio]
NP_114073.1	842	835	31.377	47	387	4.02e-121	XP_001332214.6 extracellular calcium-sensing receptor isoform X1 [Danio rerio]
NP_114073.1	842	830	31.205	49	386	1.11e-120	XP_001332817.5 extracellular calcium-sensing receptor isoform X1 [Danio rerio]
NP_114073.1	842	841	30.678	66	385	5.64e-120	XP_021328981.1 extracellular calcium-sensing receptor [Danio rerio]
NP_114073.1	842	838	30.430	61	385	2.85e-120	XP_685124.6 extracellular calcium-sensing receptor [Danio rerio]
NP_114073.1	842	830	30.241	49	385	3.19e-120	XP_009292019.1 extracellular calcium-sensing receptor isoform X1 [Danio rerio]
NP_114073.1	842	837	31.302	49	384	7.44e-120	XP_021328976.1 extracellular calcium-sensing receptor-like [Danio rerio]
NP_114073.1	842	846	30.851	54	382	4.73e-119	XP_001332644.4 extracellular calcium-sensing receptor [Danio rerio]
NP_114073.1	842	830	31.084	61	380	2.09e-118	NP_001076358.1 olfactory receptor C family, q3 precursor [Danio rerio]
NP_114073.1	842	780	30.769	36	380	2.34e-119	XP_021323521.1 extracellular calcium-sensing receptor [Danio rerio]
NP_114073.1	842	829	30.277	50	379	8.11e-118	XP_001333318.4 extracellular calcium-sensing receptor isoform X2 [Danio rerio]
NP_114073.1	842	786	31.425	42	379	1.58e-118	XP_021323526.1 extracellular calcium-sensing receptor isoform X2 [Danio rerio]
NP_114073.1	842	830	30.120	55	377	3.87e-117	XP_017207596.1 extracellular calcium-sensing receptor isoform X3 [Danio rerio]
NP_114073.1	842	850	30.706	60	376	6.49e-117	NP_001076368.1 olfactory receptor C family, u1 precursor [Danio rerio]
NP_114073.1	842	839	30.274	80	376	4.09e-117	XP_021328987.1 extracellular calcium-sensing receptor-like isoform X2 [Danio rerio]
NP_114073.1	842	816	29.902	33	375	1.08e-116	NP_001103759.1 olfactory receptor C family, g2 precursor [Danio rerio]
NP_114073.1	842	839	30.155	80	374	1.65e-116	XP_009291998.1 extracellular calcium-sensing receptor-like isoform X2 [Danio rerio]
NP_114073.1	842	789	30.672	64	374	1.02e-116	XP_021323524.1 extracellular calcium-sensing receptor [Danio rerio]
NP_114078.1	858	854	29.274	69	372	1.62e-114	NP_001338594.1 extracellular calcium-sensing receptor precursor [Danio rerio]
NP_114073.1	842	840	29.643	73	372	2.37e-115	NP_001077346.1 olfactory receptor C family, q19 precursor [Danio rerio]
NP_114073.1	842	831	30.084	56	372	2.77e-115	XP_021323513.1 extracellular calcium-sensing receptor isoform X1 [Danio rerio]
NP_114073.1	842	831	30.084	56	372	2.77e-115	XP_001335160.3 extracellular calcium-sensing receptor isoform X1 [Danio rerio]
NP_114078.1	858	864	29.051	79	370	2.60e-113	XP_017211901.1 extracellular calcium-sensing receptor isoform X1 [Danio rerio]
NP_114073.1	842	876	29.224	75	370	1.62e-114	XP_001332717.1 extracellular calcium-sensing receptor-like [Danio rerio]
NP_114073.1	842	842	28.622	54	370	8.08e-115	XP_009291983.1 extracellular calcium-sensing receptor-like [Danio rerio]
NP_114073.1	842	830	30.723	48	370	8.82e-115	NP_001038510.1 pheromone receptor-like [Danio rerio]
NP_114073.1	842	826	30.387	49	370	8.57e-115	XP_009292025.1 extracellular calcium-sensing receptor [Danio rerio]
NP_114073.1	842	836	30.981	54	369	3.59e-114	XP_684341.5 extracellular calcium-sensing receptor [Danio rerio]
NP_114073.1	842	868	30.069	58	368	8.87e-114	XP_021328985.1 extracellular calcium-sensing receptor-like [Danio rerio]
NP_114073.1	842	875	29.829	72	366	3.95e-113	XP_001334567.2 extracellular calcium-sensing receptor-like [Danio rerio]
NP_114078.1	858	860	28.605	70	365	1.10e-112	XP_009291997.1 extracellular calcium-sensing receptor-like isoform X1 [Danio rerio]
NP_114073.1	842	846	30.260	61	365	7.73e-113	XP_021328978.1 extracellular calcium-sensing receptor isoform X1 [Danio rerio]
NP_114079.1	843	860	29.419	73	363	8.00e-112	XP_003200515.2 extracellular calcium-sensing receptor [Danio rerio]
NP_114078.1	858	860	28.488	70	363	7.61e-112	XP_021328986.1 extracellular calcium-sensing receptor-like isoform X1 [Danio rerio]
NP_114073.1	842	829	28.951	52	363	7.16e-112	XP_696754.5 extracellular calcium-sensing receptor [Danio rerio]
NP_114073.1	842	826	30.266	50	363	8.17e-112	XP_684062.4 extracellular calcium-sensing receptor-like [Danio rerio]
NP_114073.1	842	815	30.061	35	363	2.39e-112	NP_001122034.1 olfactory receptor C family, g4 precursor [Danio rerio]
NP_114079.1	843	838	29.714	66	362	1.60e-111	XP_021328981.1 extracellular calcium-sensing receptor [Danio rerio]
NP_114079.1	843	835	30.299	59	362	1.31e-111	XP_683668.6 extracellular calcium-sensing receptor isoform X1 [Danio rerio]
NP_114079.1	843	826	30.266	47	362	1.66e-111	XP_683954.5 extracellular calcium-sensing receptor-like [Danio rerio]
NP_114073.1	842	846	30.024	61	362	9.75e-112	XP_001919635.1 extracellular calcium-sensing receptor isoform X1 [Danio rerio]
NP_114073.1	842	821	29.842	46	362	6.83e-112	XP_021328973.1 extracellular calcium-sensing receptor-like isoform X1 [Danio rerio]
NP_114073.1	842	821	29.842	46	362	6.83e-112	XP_001345668.3 extracellular calcium-sensing receptor-like isoform X1 [Danio rerio]
NP_114079.1	843	860	29.302	73	360	6.04e-111	XP_021328992.1 extracellular calcium-sensing receptor [Danio rerio]
NP_114073.1	842	832	29.928	63	360	4.29e-111	NP_001119923.1 olfactory receptor C family, q10 [Danio rerio]
NP_114073.1	842	821	28.989	38	359	2.28e-110	XP_017207581.2 extracellular calcium-sensing receptor-like [Danio rerio]
NP_114079.1	843	854	28.923	77	358	2.35e-109	NP_001338594.1 extracellular calcium-sensing receptor precursor [Danio rerio]
NP_114078.1	858	844	30.332	71	358	3.58e-110	NP_001018157.1 olfactory receptor C family, w1 [Danio rerio]
NP_114073.1	842	843	29.656	55	358	4.56e-110	XP_021328991.1 extracellular calcium-sensing receptor isoform X1 [Danio rerio]
NP_114073.1	842	821	29.842	47	358	2.77e-110	XP_021328974.1 extracellular calcium-sensing receptor-like isoform X2 [Danio rerio]
NP_114073.1	842	821	29.842	47	358	2.77e-110	XP_017207578.1 extracellular calcium-sensing receptor-like isoform X2 [Danio rerio]
NP_114079.1	843	841	29.608	73	357	9.55e-110	XP_685124.6 extracellular calcium-sensing receptor [Danio rerio]
NP_114073.1	842	826	29.540	36	357	7.41e-110	NP_001074079.1 olfactory receptor C family, d2 precursor [Danio rerio]
NP_114073.1	842	844	29.265	57	355	5.21e-109	XP_017207589.2 extracellular calcium-sensing receptor isoform X1 [Danio rerio]
NP_114073.1	842	842	30.998	69	355	3.62e-109	NP_001094425.1 olfactory receptor C family, s2 [Danio rerio]
NP_114073.1	842	839	29.440	94	355	6.64e-109	XP_009291967.1 olfactory receptor C family, q19 isoform X1 [Danio rerio]
NP_114079.1	843	840	31.071	67	354	1.28e-108	XP_021328976.1 extracellular calcium-sensing receptor-like [Danio rerio]
NP_114073.1	842	834	28.417	51	353	2.39e-108	NP_001008731.1 G-protein coupled receptor family C group 6 member A precursor [Danio rerio]
NP_114079.1	843	835	28.982	61	352	9.66e-108	XP_009291997.1 extracellular calcium-sensing receptor-like isoform X1 [Danio rerio]
NP_114078.1	858	847	27.627	64	352	1.45e-107	XP_021328990.1 extracellular calcium-sensing receptor-like isoform X4 [Danio rerio]
NP_114073.1	842	844	30.450	56	352	6.89e-108	XP_021328984.1 extracellular calcium-sensing receptor [Danio rerio]
NP_114073.1	842	844	30.450	56	352	6.89e-108	XP_001335414.4 extracellular calcium-sensing receptor [Danio rerio]
NP_114073.1	842	836	29.904	44	352	7.92e-108	XP_696250.7 extracellular calcium-sensing receptor isoform X1 [Danio rerio]
NP_114079.1	843	864	28.588	87	351	1.22e-106	XP_017211901.1 extracellular calcium-sensing receptor isoform X1 [Danio rerio]
NP_114073.1	842	825	28.848	49	351	1.32e-107	NP_001103413.1 olfactory receptor C family, g5 precursor [Danio rerio]
NP_114079.1	843	865	28.902	65	350	3.45e-107	XP_021328990.1 extracellular calcium-sensing receptor-like isoform X4 [Danio rerio]
NP_114079.1	843	835	28.982	61	350	3.06e-107	XP_021328986.1 extracellular calcium-sensing receptor-like isoform X1 [Danio rerio]
NP_114073.1	842	842	29.691	51	349	8.51e-107	XP_021328980.1 extracellular calcium-sensing receptor isoform X2 [Danio rerio]
NP_114073.1	842	829	28.227	41	349	8.50e-107	NP_001153312.1 olfactory receptor C family, g1 precursor [Danio rerio]
NP_114079.1	843	837	29.391	57	348	2.25e-106	XP_685037.5 extracellular calcium-sensing receptor-like isoform X1 [Danio rerio]
NP_114079.1	843	833	29.892	55	348	3.23e-106	XP_001332644.4 extracellular calcium-sensing receptor [Danio rerio]
NP_114073.1	842	820	29.146	43	347	2.23e-106	XP_009291957.1 extracellular calcium-sensing receptor-like isoform X1 [Danio rerio]
NP_114079.1	843	834	28.657	47	346	1.27e-105	XP_001332817.5 extracellular calcium-sensing receptor isoform X1 [Danio rerio]
NP_114079.1	843	833	30.012	54	346	1.31e-105	NP_001034717.1 taste receptor type 1 member 3 precursor [Danio rerio]
NP_114073.1	842	819	29.182	34	346	1.59e-105	XP_009292006.1 extracellular calcium-sensing receptor-like isoform X1 [Danio rerio]
NP_114073.1	842	819	29.182	34	346	1.05e-105	XP_021328982.1 extracellular calcium-sensing receptor-like isoform X1 [Danio rerio]
NP_114073.1	842	787	29.733	50	346	1.77e-106	XP_017207591.1 extracellular calcium-sensing receptor isoform X2 [Danio rerio]
NP_114079.1	843	886	29.233	90	345	2.39e-105	NP_001076358.1 olfactory receptor C family, q3 precursor [Danio rerio]
NP_114079.1	843	815	29.816	67	344	2.85e-105	NP_001018157.1 olfactory receptor C family, w1 [Danio rerio]
NP_114079.1	843	796	30.025	55	344	2.26e-105	XP_021323526.1 extracellular calcium-sensing receptor isoform X2 [Danio rerio]
NP_114079.1	843	837	29.271	57	343	2.11e-104	XP_002665412.3 extracellular calcium-sensing receptor-like isoform X1 [Danio rerio]
NP_114078.1	858	856	28.388	95	343	1.62e-104	XP_009291998.1 extracellular calcium-sensing receptor-like isoform X2 [Danio rerio]
NP_114073.1	842	848	29.245	73	343	5.57e-104	XP_009292045.1 vomeronasal type-2 receptor 1 [Danio rerio]
NP_114073.1	842	835	29.820	78	343	7.67e-105	XP_009292037.1 extracellular calcium-sensing receptor isoform X2 [Danio rerio]
NP_114078.1	858	868	29.378	78	342	8.89e-104	NP_001008731.1 G-protein coupled receptor family C group 6 member A precursor [Danio rerio]
NP_114073.1	842	820	29.512	76	342	1.25e-104	XP_021328975.1 extracellular calcium-sensing receptor-like isoform X3 [Danio rerio]
NP_114073.1	842	820	29.512	76	342	1.25e-104	XP_009291932.1 extracellular calcium-sensing receptor-like isoform X3 [Danio rerio]
NP_114078.1	858	856	28.271	95	341	8.44e-104	XP_021328987.1 extracellular calcium-sensing receptor-like isoform X2 [Danio rerio]
NP_114079.1	843	834	30.815	62	340	2.88e-103	XP_684062.4 extracellular calcium-sensing receptor-like [Danio rerio]
NP_114079.1	843	832	29.808	57	340	3.09e-103	XP_009292025.1 extracellular calcium-sensing receptor [Danio rerio]
NP_114079.1	843	827	29.867	51	340	9.19e-104	NP_001076568.1 olfactory receptor C family, q1 [Danio rerio]
NP_114073.1	842	822	28.589	44	339	7.23e-103	XP_017207428.1 si:ch211-203b20.7 isoform X1 [Danio rerio]
NP_114079.1	843	829	30.760	48	338	1.47e-102	NP_001008731.1 G-protein coupled receptor family C group 6 member A precursor [Danio rerio]
NP_114079.1	843	839	31.585	69	337	6.84e-102	NP_001076368.1 olfactory receptor C family, u1 precursor [Danio rerio]
NP_114079.1	843	835	28.263	60	337	2.09e-102	NP_001103760.1 olfactory receptor C family, h1 precursor [Danio rerio]
NP_114073.1	842	815	28.712	35	337	2.04e-102	NP_001153313.1 olfactory receptor C family, g6 precursor [Danio rerio]
NP_114079.1	843	833	29.172	54	335	1.69e-101	XP_021328985.1 extracellular calcium-sensing receptor-like [Danio rerio]
NP_114079.1	843	836	29.306	60	334	4.71e-101	XP_001334567.2 extracellular calcium-sensing receptor-like [Danio rerio]
NP_114079.1	843	834	29.376	60	333	5.03e-101	NP_001038510.1 pheromone receptor-like [Danio rerio]
NP_114079.1	843	823	28.919	45	333	9.61e-101	XP_009292019.1 extracellular calcium-sensing receptor isoform X1 [Danio rerio]
NP_114079.1	843	787	29.225	53	333	2.13e-101	XP_021323524.1 extracellular calcium-sensing receptor [Danio rerio]
NP_114073.1	842	812	28.695	41	333	6.72e-101	XP_021323509.1 extracellular calcium-sensing receptor [Danio rerio]
NP_114073.1	842	704	30.682	54	333	2.89e-102	XP_021328979.1 extracellular calcium-sensing receptor isoform X2 [Danio rerio]
NP_114079.1	843	830	29.518	59	331	2.58e-100	NP_001119923.1 olfactory receptor C family, q10 [Danio rerio]
NP_114079.1	843	844	27.607	80	330	9.70e-100	XP_009291983.1 extracellular calcium-sensing receptor-like [Danio rerio]
NP_114079.1	843	831	28.520	51	330	1.28e-99	NP_001077346.1 olfactory receptor C family, q19 precursor [Danio rerio]
NP_114079.1	843	821	28.989	44	330	1.12e-99	XP_001333318.4 extracellular calcium-sensing receptor isoform X2 [Danio rerio]
NP_114078.1	858	845	28.757	51	330	1.59e-99	XP_021328991.1 extracellular calcium-sensing receptor isoform X1 [Danio rerio]
NP_114078.1	858	845	28.639	51	330	2.13e-99	XP_017207589.2 extracellular calcium-sensing receptor isoform X1 [Danio rerio]
NP_114078.1	858	839	28.248	42	328	1.04e-98	XP_021328984.1 extracellular calcium-sensing receptor [Danio rerio]
NP_114078.1	858	839	28.248	42	328	1.04e-98	XP_001335414.4 extracellular calcium-sensing receptor [Danio rerio]
NP_114073.1	842	812	28.818	30	328	6.43e-99	NP_001103412.1 olfactory receptor C family, g3 precursor [Danio rerio]
NP_114078.1	858	831	27.918	37	327	2.47e-98	XP_021328976.1 extracellular calcium-sensing receptor-like [Danio rerio]
NP_114079.1	843	823	28.797	51	326	5.30e-98	XP_017207596.1 extracellular calcium-sensing receptor isoform X3 [Danio rerio]
NP_114078.1	858	832	28.486	59	325	7.40e-98	NP_001122034.1 olfactory receptor C family, g4 precursor [Danio rerio]
NP_114078.1	858	848	28.656	73	324	2.39e-97	XP_683954.5 extracellular calcium-sensing receptor-like [Danio rerio]
NP_114073.1	842	812	28.695	31	324	1.03e-97	XP_009291943.1 olfactory receptor C family, g3 isoform X1 [Danio rerio]
NP_114078.1	858	843	27.046	64	323	5.68e-97	XP_009291983.1 extracellular calcium-sensing receptor-like [Danio rerio]
NP_114078.1	858	838	26.969	52	323	7.90e-97	XP_001332717.1 extracellular calcium-sensing receptor-like [Danio rerio]
NP_114079.1	843	813	29.766	44	322	3.61e-96	NP_001186897.2 G-protein coupled receptor family C group 6 member A-like precursor [Danio rerio]
NP_114078.1	858	832	28.846	43	322	1.32e-96	NP_001076568.1 olfactory receptor C family, q1 [Danio rerio]
NP_114079.1	843	858	28.438	74	321	2.66e-96	XP_001332214.6 extracellular calcium-sensing receptor isoform X1 [Danio rerio]
NP_114079.1	843	845	27.219	56	321	4.03e-96	XP_009292006.1 extracellular calcium-sensing receptor-like isoform X1 [Danio rerio]
NP_114079.1	843	845	27.219	56	321	2.78e-96	XP_021328982.1 extracellular calcium-sensing receptor-like isoform X1 [Danio rerio]
NP_114078.1	858	843	28.470	53	321	4.84e-96	XP_021328978.1 extracellular calcium-sensing receptor isoform X1 [Danio rerio]
NP_114078.1	858	818	27.751	33	321	3.37e-96	XP_021328974.1 extracellular calcium-sensing receptor-like isoform X2 [Danio rerio]
NP_114078.1	858	818	27.751	33	321	3.37e-96	XP_017207578.1 extracellular calcium-sensing receptor-like isoform X2 [Danio rerio]
NP_114078.1	858	849	26.973	63	320	7.58e-96	XP_685124.6 extracellular calcium-sensing receptor [Danio rerio]
NP_114078.1	858	848	28.184	60	320	9.66e-96	NP_001103761.1 olfactory receptor C family, j1 precursor [Danio rerio]
NP_114078.1	858	846	28.960	61	320	1.23e-95	XP_021328980.1 extracellular calcium-sensing receptor isoform X2 [Danio rerio]
NP_114078.1	858	841	28.894	56	320	8.65e-96	XP_696250.7 extracellular calcium-sensing receptor isoform X1 [Danio rerio]
NP_114078.1	858	819	27.717	34	320	5.93e-96	XP_021328973.1 extracellular calcium-sensing receptor-like isoform X1 [Danio rerio]
NP_114078.1	858	819	27.717	34	320	5.93e-96	XP_001345668.3 extracellular calcium-sensing receptor-like isoform X1 [Danio rerio]
NP_114078.1	858	843	28.470	53	319	1.86e-95	XP_001919635.1 extracellular calcium-sensing receptor isoform X1 [Danio rerio]
NP_114079.1	843	861	27.875	64	318	3.27e-95	XP_696250.7 extracellular calcium-sensing receptor isoform X1 [Danio rerio]
NP_114079.1	843	852	29.577	62	318	3.02e-95	XP_684341.5 extracellular calcium-sensing receptor [Danio rerio]
NP_114079.1	843	840	28.214	57	318	4.79e-95	NP_001094425.1 olfactory receptor C family, s2 [Danio rerio]
NP_114079.1	843	835	27.904	94	318	2.80e-95	XP_009291998.1 extracellular calcium-sensing receptor-like isoform X2 [Danio rerio]
NP_114079.1	843	834	26.739	66	318	3.42e-95	XP_001332717.1 extracellular calcium-sensing receptor-like [Danio rerio]
NP_114078.1	858	870	28.736	64	318	7.68e-95	XP_021328985.1 extracellular calcium-sensing receptor-like [Danio rerio]
NP_114078.1	858	843	27.046	49	318	8.96e-95	XP_685037.5 extracellular calcium-sensing receptor-like isoform X1 [Danio rerio]
NP_114079.1	843	847	26.919	48	317	5.35e-95	NP_001103759.1 olfactory receptor C family, g2 precursor [Danio rerio]
NP_114078.1	858	870	28.736	64	317	9.05e-95	XP_001334567.2 extracellular calcium-sensing receptor-like [Danio rerio]
NP_114078.1	858	851	28.085	60	317	8.78e-95	NP_001076358.1 olfactory receptor C family, q3 precursor [Danio rerio]
NP_114078.1	858	850	26.824	64	317	2.54e-94	XP_021328981.1 extracellular calcium-sensing receptor [Danio rerio]
NP_114078.1	858	843	27.046	49	317	1.41e-94	XP_002665412.3 extracellular calcium-sensing receptor-like isoform X1 [Danio rerio]
NP_114078.1	858	828	27.174	51	317	1.12e-94	XP_009291957.1 extracellular calcium-sensing receptor-like isoform X1 [Danio rerio]
NP_114079.1	843	835	27.904	94	316	1.45e-94	XP_021328987.1 extracellular calcium-sensing receptor-like isoform X2 [Danio rerio]
NP_114078.1	858	853	28.605	59	316	3.72e-94	NP_001076368.1 olfactory receptor C family, u1 precursor [Danio rerio]
NP_114079.1	843	860	30.465	88	315	4.45e-94	XP_021328978.1 extracellular calcium-sensing receptor isoform X1 [Danio rerio]
NP_114079.1	843	834	28.777	68	315	2.17e-94	XP_009291957.1 extracellular calcium-sensing receptor-like isoform X1 [Danio rerio]
NP_114079.1	843	866	27.829	69	314	9.99e-94	XP_021328980.1 extracellular calcium-sensing receptor isoform X2 [Danio rerio]
NP_114079.1	843	860	30.233	88	313	4.11e-93	XP_001919635.1 extracellular calcium-sensing receptor isoform X1 [Danio rerio]
NP_114079.1	843	818	28.117	44	313	1.74e-93	XP_696754.5 extracellular calcium-sensing receptor [Danio rerio]
NP_114078.1	858	849	29.446	37	313	4.41e-93	NP_001186897.2 G-protein coupled receptor family C group 6 member A-like precursor [Danio rerio]
NP_114079.1	843	783	28.991	47	312	8.34e-94	XP_021323521.1 extracellular calcium-sensing receptor [Danio rerio]
NP_114078.1	858	828	27.536	45	312	6.41e-93	NP_001153312.1 olfactory receptor C family, g1 precursor [Danio rerio]
NP_114079.1	843	861	30.662	90	310	5.25e-92	XP_021328991.1 extracellular calcium-sensing receptor isoform X1 [Danio rerio]
NP_114079.1	843	846	26.832	50	310	3.10e-92	XP_017207581.2 extracellular calcium-sensing receptor-like [Danio rerio]
NP_114078.1	858	823	26.610	39	310	4.02e-92	NP_001103413.1 olfactory receptor C family, g5 precursor [Danio rerio]
NP_114078.1	858	841	28.656	58	309	1.17e-91	XP_021328982.1 extracellular calcium-sensing receptor-like isoform X1 [Danio rerio]
NP_114079.1	843	856	29.907	85	308	2.60e-91	XP_021328984.1 extracellular calcium-sensing receptor [Danio rerio]
NP_114079.1	843	856	29.907	85	308	2.60e-91	XP_001335414.4 extracellular calcium-sensing receptor [Danio rerio]
NP_114078.1	858	851	26.910	67	308	2.01e-91	XP_021328992.1 extracellular calcium-sensing receptor [Danio rerio]
NP_114078.1	858	851	26.910	67	308	1.89e-91	XP_003200515.2 extracellular calcium-sensing receptor [Danio rerio]
NP_114078.1	858	841	28.656	58	308	3.48e-91	XP_009292006.1 extracellular calcium-sensing receptor-like isoform X1 [Danio rerio]
NP_114078.1	858	837	27.360	51	308	1.61e-91	XP_009292019.1 extracellular calcium-sensing receptor isoform X1 [Danio rerio]
NP_114078.1	858	832	27.284	49	308	9.79e-92	NP_001103759.1 olfactory receptor C family, g2 precursor [Danio rerio]
NP_114079.1	843	840	27.262	68	307	1.92e-91	NP_001122034.1 olfactory receptor C family, g4 precursor [Danio rerio]
NP_114078.1	858	835	27.305	50	307	6.74e-91	XP_001333318.4 extracellular calcium-sensing receptor isoform X2 [Danio rerio]
NP_114079.1	843	861	30.546	90	306	8.53e-91	XP_017207589.2 extracellular calcium-sensing receptor isoform X1 [Danio rerio]
NP_114078.1	858	854	28.103	71	306	1.71e-90	XP_683668.6 extracellular calcium-sensing receptor isoform X1 [Danio rerio]
NP_114078.1	858	845	27.929	53	306	1.37e-90	XP_001332644.4 extracellular calcium-sensing receptor [Danio rerio]
NP_114078.1	858	795	28.428	50	306	2.76e-91	XP_017207591.1 extracellular calcium-sensing receptor isoform X2 [Danio rerio]
NP_114078.1	858	856	27.921	74	305	2.64e-90	XP_684341.5 extracellular calcium-sensing receptor [Danio rerio]
NP_114078.1	858	849	27.444	69	305	4.84e-90	XP_001332817.5 extracellular calcium-sensing receptor isoform X1 [Danio rerio]
NP_114078.1	858	844	27.251	64	305	2.52e-90	NP_001103760.1 olfactory receptor C family, h1 precursor [Danio rerio]
NP_114073.1	842	815	27.730	80	305	6.40e-91	XP_021328983.1 extracellular calcium-sensing receptor-like isoform X2 [Danio rerio]
NP_114073.1	842	815	27.730	80	305	6.40e-91	XP_009292007.1 extracellular calcium-sensing receptor-like isoform X2 [Danio rerio]
NP_114079.1	843	843	26.809	79	304	2.78e-90	NP_001103413.1 olfactory receptor C family, g5 precursor [Danio rerio]
NP_114078.1	858	892	26.457	82	304	1.17e-89	NP_001077346.1 olfactory receptor C family, q19 precursor [Danio rerio]
NP_114078.1	858	827	26.844	45	304	6.85e-90	NP_001153313.1 olfactory receptor C family, g6 precursor [Danio rerio]
NP_114079.1	843	840	28.929	73	303	1.02e-89	XP_017207428.1 si:ch211-203b20.7 isoform X1 [Danio rerio]
NP_114078.1	858	865	27.746	59	303	2.93e-89	XP_001332214.6 extracellular calcium-sensing receptor isoform X1 [Danio rerio]
NP_114073.1	842	802	28.554	26	303	1.49e-89	NP_001186897.2 G-protein coupled receptor family C group 6 member A-like precursor [Danio rerio]
NP_114078.1	858	837	27.001	53	302	2.16e-89	NP_001119923.1 olfactory receptor C family, q10 [Danio rerio]
NP_114078.1	858	836	27.153	55	302	3.86e-89	XP_017207596.1 extracellular calcium-sensing receptor isoform X3 [Danio rerio]
NP_114078.1	858	828	28.382	45	302	3.90e-89	XP_021323509.1 extracellular calcium-sensing receptor [Danio rerio]
NP_114079.1	843	855	27.836	68	301	3.05e-89	NP_001153313.1 olfactory receptor C family, g6 precursor [Danio rerio]
NP_114079.1	843	830	27.590	72	301	3.28e-89	XP_009291967.1 olfactory receptor C family, q19 isoform X1 [Danio rerio]
NP_114079.1	843	698	28.940	50	301	2.39e-90	XP_021328979.1 extracellular calcium-sensing receptor isoform X2 [Danio rerio]
NP_114078.1	858	843	26.690	46	301	8.25e-89	NP_001038510.1 pheromone receptor-like [Danio rerio]
NP_114078.1	858	827	26.360	52	301	7.02e-89	XP_017207581.2 extracellular calcium-sensing receptor-like [Danio rerio]
NP_114078.1	858	798	26.942	48	301	2.70e-89	XP_021323524.1 extracellular calcium-sensing receptor [Danio rerio]
NP_114079.1	843	823	27.582	57	300	1.96e-88	XP_021323509.1 extracellular calcium-sensing receptor [Danio rerio]
NP_114078.1	858	845	27.456	49	299	5.58e-88	NP_001094425.1 olfactory receptor C family, s2 [Danio rerio]
NP_114079.1	843	865	27.746	62	298	8.14e-88	XP_021323513.1 extracellular calcium-sensing receptor isoform X1 [Danio rerio]
NP_114079.1	843	865	27.746	62	298	8.14e-88	XP_001335160.3 extracellular calcium-sensing receptor isoform X1 [Danio rerio]
NP_114078.1	858	865	26.590	50	298	9.60e-88	XP_696754.5 extracellular calcium-sensing receptor [Danio rerio]
NP_114078.1	858	842	27.553	59	298	1.01e-87	XP_009292025.1 extracellular calcium-sensing receptor [Danio rerio]
NP_114078.1	858	802	26.933	70	298	3.15e-88	XP_021323521.1 extracellular calcium-sensing receptor [Danio rerio]
NP_114079.1	843	846	27.541	54	296	3.29e-87	NP_001074079.1 olfactory receptor C family, d2 precursor [Danio rerio]
NP_114079.1	843	844	26.777	44	296	2.14e-87	XP_021328973.1 extracellular calcium-sensing receptor-like isoform X1 [Danio rerio]
NP_114079.1	843	844	26.777	44	296	2.14e-87	XP_001345668.3 extracellular calcium-sensing receptor-like isoform X1 [Danio rerio]
NP_114078.1	858	819	27.106	66	296	1.58e-87	XP_021328975.1 extracellular calcium-sensing receptor-like isoform X3 [Danio rerio]
NP_114078.1	858	819	27.106	66	296	1.58e-87	XP_009291932.1 extracellular calcium-sensing receptor-like isoform X3 [Danio rerio]
NP_114078.1	858	831	26.113	51	295	1.48e-86	XP_009291943.1 olfactory receptor C family, g3 isoform X1 [Danio rerio]
NP_114079.1	843	844	26.777	45	294	1.73e-86	XP_021328974.1 extracellular calcium-sensing receptor-like isoform X2 [Danio rerio]
NP_114079.1	843	844	26.777	45	294	1.73e-86	XP_017207578.1 extracellular calcium-sensing receptor-like isoform X2 [Danio rerio]
NP_114079.1	843	807	30.359	83	293	1.83e-86	XP_017207591.1 extracellular calcium-sensing receptor isoform X2 [Danio rerio]
NP_114078.1	858	832	26.202	52	293	6.23e-86	NP_001103412.1 olfactory receptor C family, g3 precursor [Danio rerio]
NP_114079.1	843	845	27.337	78	292	1.41e-85	NP_001103761.1 olfactory receptor C family, j1 precursor [Danio rerio]
NP_114078.1	858	847	27.391	62	291	5.04e-85	XP_684062.4 extracellular calcium-sensing receptor-like [Danio rerio]
NP_114078.1	858	838	27.088	55	290	1.45e-84	XP_017207428.1 si:ch211-203b20.7 isoform X1 [Danio rerio]
NP_114078.1	858	825	27.879	88	288	2.51e-84	XP_021323526.1 extracellular calcium-sensing receptor isoform X2 [Danio rerio]
NP_114079.1	843	824	26.820	51	287	8.17e-84	NP_001153312.1 olfactory receptor C family, g1 precursor [Danio rerio]
NP_114078.1	858	832	27.885	58	287	8.49e-84	XP_021323513.1 extracellular calcium-sensing receptor isoform X1 [Danio rerio]
NP_114078.1	858	832	27.885	58	287	8.49e-84	XP_001335160.3 extracellular calcium-sensing receptor isoform X1 [Danio rerio]
NP_114078.1	858	710	27.042	59	286	6.64e-85	XP_021328979.1 extracellular calcium-sensing receptor isoform X2 [Danio rerio]
NP_114078.1	858	842	28.385	68	285	6.54e-83	NP_001074079.1 olfactory receptor C family, d2 precursor [Danio rerio]
NP_114079.1	843	841	26.635	102	282	1.77e-82	XP_021328983.1 extracellular calcium-sensing receptor-like isoform X2 [Danio rerio]
NP_114079.1	843	841	26.635	102	282	1.77e-82	XP_009292007.1 extracellular calcium-sensing receptor-like isoform X2 [Danio rerio]
NP_114078.1	858	892	26.121	105	282	6.63e-82	XP_009291967.1 olfactory receptor C family, q19 isoform X1 [Danio rerio]
NP_114079.1	843	864	26.968	105	280	9.44e-81	XP_009292045.1 vomeronasal type-2 receptor 1 [Danio rerio]
NP_114079.1	843	858	27.156	95	277	6.22e-80	XP_005159074.1 metabotropic glutamate receptor 3 isoform X1 [Danio rerio]
NP_114079.1	843	858	27.156	95	277	6.22e-80	NP_001121815.1 metabotropic glutamate receptor 3 precursor [Danio rerio]
NP_114078.1	858	833	27.611	96	273	4.69e-79	XP_021328983.1 extracellular calcium-sensing receptor-like isoform X2 [Danio rerio]
NP_114078.1	858	833	27.611	96	273	4.69e-79	XP_009292007.1 extracellular calcium-sensing receptor-like isoform X2 [Danio rerio]
NP_114073.1	842	597	31.826	43	272	2.87e-80	XP_009291971.1 vomeronasal 2 receptor, h14 isoform X1 [Danio rerio]
NP_114079.1	843	858	27.040	105	271	5.26e-78	XP_009292037.1 extracellular calcium-sensing receptor isoform X2 [Danio rerio]
NP_114079.1	843	844	26.185	76	268	4.26e-77	XP_021328975.1 extracellular calcium-sensing receptor-like isoform X3 [Danio rerio]
NP_114079.1	843	844	26.185	76	268	4.26e-77	XP_009291932.1 extracellular calcium-sensing receptor-like isoform X3 [Danio rerio]
NP_114079.1	843	833	25.930	56	268	5.23e-77	NP_001103412.1 olfactory receptor C family, g3 precursor [Danio rerio]
NP_114079.1	843	833	25.810	57	266	3.41e-76	XP_009291943.1 olfactory receptor C family, g3 isoform X1 [Danio rerio]
NP_114079.1	843	894	26.957	122	262	2.57e-74	XP_695566.4 metabotropic glutamate receptor 4 isoform X1 [Danio rerio]
NP_114079.1	843	894	26.957	122	262	2.57e-74	XP_021332579.1 metabotropic glutamate receptor 4 isoform X1 [Danio rerio]
NP_114079.1	843	894	26.957	122	262	1.74e-74	XP_021332580.1 metabotropic glutamate receptor 4 isoform X2 [Danio rerio]
NP_114079.1	843	897	26.979	107	259	2.44e-73	NP_001073489.1 glutamate receptor, metabotropic 6b [Danio rerio]
NP_114079.1	843	894	26.846	122	259	1.84e-73	NP_001289170.1 metabotropic glutamate receptor 4 precursor [Danio rerio]
NP_114079.1	843	877	26.796	116	258	7.04e-73	NP_001116764.1 glutamate receptor, metabotropic 6a [Danio rerio]
NP_114079.1	843	877	26.796	115	258	4.07e-73	XP_021333966.1 glutamate receptor, metabotropic 6a isoform X1 [Danio rerio]
NP_114079.1	843	876	26.027	114	256	2.61e-72	NP_001289176.1 metabotropic glutamate receptor 7 precursor [Danio rerio]
NP_114073.1	842	859	25.960	87	256	6.42e-72	XP_009293059.1 metabotropic glutamate receptor 1 isoform X2 [Danio rerio]
NP_114078.1	858	865	26.127	90	255	2.55e-72	XP_009292037.1 extracellular calcium-sensing receptor isoform X2 [Danio rerio]
NP_114073.1	842	542	30.443	54	254	2.79e-74	XP_009291945.1 olfactory receptor C family, h1 isoform X1 [Danio rerio]
NP_114073.1	842	556	30.036	53	253	7.31e-74	XP_017207588.1 extracellular calcium-sensing receptor isoform X3 [Danio rerio]
NP_114073.1	842	859	26.310	87	252	5.16e-70	XP_002665785.3 metabotropic glutamate receptor 1 isoform X1 [Danio rerio]
NP_114073.1	842	851	25.734	92	251	2.59e-69	NP_001289167.1 metabotropic glutamate receptor 5 precursor [Danio rerio]
NP_114073.1	842	857	25.788	86	250	4.02e-70	XP_009291102.1 metabotropic glutamate receptor 1 isoform X2 [Danio rerio]
NP_114073.1	842	536	32.090	49	249	1.12e-72	XP_009292028.1 extracellular calcium-sensing receptor isoform X2 [Danio rerio]
NP_114073.1	842	857	25.671	86	248	1.66e-68	XP_009291101.1 metabotropic glutamate receptor 1 isoform X1 [Danio rerio]
NP_114079.1	843	863	25.145	84	246	4.81e-69	XP_005172971.1 metabotropic glutamate receptor 2 isoform X1 [Danio rerio]
NP_114079.1	843	863	25.145	84	246	4.81e-69	XP_005172970.1 metabotropic glutamate receptor 2 isoform X1 [Danio rerio]
NP_114079.1	843	863	25.145	84	246	4.81e-69	XP_005172969.1 metabotropic glutamate receptor 2 isoform X1 [Danio rerio]
NP_114079.1	843	863	25.145	84	246	4.81e-69	NP_001274476.1 metabotropic glutamate receptor 2 precursor [Danio rerio]
NP_114073.1	842	857	25.671	86	246	9.37e-68	NP_001289181.1 metabotropic glutamate receptor 1 precursor [Danio rerio]
NP_114079.1	843	865	24.624	113	245	2.40e-68	XP_009293059.1 metabotropic glutamate receptor 1 isoform X2 [Danio rerio]
NP_114073.1	842	872	25.000	90	245	2.41e-68	NP_001289176.1 metabotropic glutamate receptor 7 precursor [Danio rerio]
NP_114073.1	842	862	24.478	117	245	1.14e-68	XP_005159074.1 metabotropic glutamate receptor 3 isoform X1 [Danio rerio]
NP_114073.1	842	862	24.478	117	245	1.14e-68	NP_001121815.1 metabotropic glutamate receptor 3 precursor [Danio rerio]
NP_114073.1	842	858	25.291	85	245	2.61e-68	XP_021333966.1 glutamate receptor, metabotropic 6a isoform X1 [Danio rerio]
NP_114079.1	843	880	26.250	123	244	3.31e-68	XP_001922055.2 glutamate receptor, metabotropic 8b isoform X1 [Danio rerio]
NP_114079.1	843	880	26.250	123	244	3.31e-68	NP_001274468.1 glutamate receptor, metabotropic 8b precursor [Danio rerio]
NP_114073.1	842	512	31.836	42	244	3.06e-70	XP_009291999.1 extracellular calcium-sensing receptor-like isoform X3 [Danio rerio]
NP_114079.1	843	865	24.624	113	243	7.15e-67	XP_002665785.3 metabotropic glutamate receptor 1 isoform X1 [Danio rerio]
NP_114079.1	843	595	29.916	44	243	9.48e-70	XP_009291971.1 vomeronasal 2 receptor, h14 isoform X1 [Danio rerio]
NP_114073.1	842	858	25.408	86	243	1.37e-67	NP_001116764.1 glutamate receptor, metabotropic 6a [Danio rerio]
NP_114073.1	842	512	31.836	42	243	4.73e-70	XP_021328988.1 extracellular calcium-sensing receptor-like isoform X3 [Danio rerio]
NP_114073.1	842	889	23.847	87	242	2.45e-67	XP_695566.4 metabotropic glutamate receptor 4 isoform X1 [Danio rerio]
NP_114073.1	842	889	23.847	87	242	2.45e-67	XP_021332579.1 metabotropic glutamate receptor 4 isoform X1 [Danio rerio]
NP_114073.1	842	889	23.847	87	242	2.41e-67	XP_021332580.1 metabotropic glutamate receptor 4 isoform X2 [Danio rerio]
NP_114079.1	843	890	25.955	113	241	8.67e-67	XP_009298326.1 glutamate receptor, metabotropic 8a isoform X1 [Danio rerio]
NP_114079.1	843	890	25.955	113	241	8.67e-67	NP_001289157.1 glutamate receptor, metabotropic 8a [Danio rerio]
NP_114079.1	843	890	25.955	113	240	7.86e-67	XP_009298329.1 glutamate receptor, metabotropic 8a isoform X2 [Danio rerio]
NP_114073.1	842	889	23.847	87	240	1.08e-66	NP_001289170.1 metabotropic glutamate receptor 4 precursor [Danio rerio]
NP_114079.1	843	851	23.854	81	239	2.68e-66	XP_021332465.1 metabotropic glutamate receptor 2 isoform X1 [Danio rerio]
NP_114079.1	843	851	23.854	81	239	2.68e-66	XP_005166174.1 metabotropic glutamate receptor 2 isoform X1 [Danio rerio]
NP_114079.1	843	540	29.444	45	239	5.30e-69	XP_009292028.1 extracellular calcium-sensing receptor isoform X2 [Danio rerio]
NP_114079.1	843	851	23.854	81	238	7.84e-66	NP_001289154.1 metabotropic glutamate receptor 2 precursor [Danio rerio]
NP_114073.1	842	852	25.000	94	236	4.04e-65	XP_001922055.2 glutamate receptor, metabotropic 8b isoform X1 [Danio rerio]
NP_114073.1	842	852	25.000	94	236	4.04e-65	NP_001274468.1 glutamate receptor, metabotropic 8b precursor [Danio rerio]
NP_114073.1	842	533	29.831	53	235	4.21e-67	XP_021323514.1 extracellular calcium-sensing receptor isoform X2 [Danio rerio]
NP_114073.1	842	533	29.831	53	235	4.21e-67	XP_009291987.1 extracellular calcium-sensing receptor isoform X2 [Danio rerio]
NP_114078.1	858	655	25.954	47	234	2.98e-64	XP_009292045.1 vomeronasal type-2 receptor 1 [Danio rerio]
NP_114073.1	842	854	25.059	100	234	9.00e-64	NP_001315639.1 glutamate receptor, metabotropic 5a [Danio rerio]
NP_114073.1	842	854	25.059	100	234	1.03e-63	XP_009303580.3 glutamate receptor, metabotropic 5a isoform X1 [Danio rerio]
NP_114078.1	858	595	29.580	35	231	4.09e-65	XP_009291971.1 vomeronasal 2 receptor, h14 isoform X1 [Danio rerio]
NP_114073.1	842	534	29.026	49	231	6.41e-66	XP_009291982.2 extracellular calcium-sensing receptor [Danio rerio]
NP_114073.1	842	445	33.034	36	229	7.88e-66	XP_009292000.1 vomeronasal type-2 receptor 1-like isoform X4 [Danio rerio]
NP_114073.1	842	860	24.419	89	228	2.31e-62	NP_001073489.1 glutamate receptor, metabotropic 6b [Danio rerio]
NP_114079.1	843	535	27.850	50	227	2.70e-64	XP_009291945.1 olfactory receptor C family, h1 isoform X1 [Danio rerio]
NP_114073.1	842	877	24.629	106	225	1.43e-61	XP_009298326.1 glutamate receptor, metabotropic 8a isoform X1 [Danio rerio]
NP_114073.1	842	877	24.629	106	225	1.43e-61	NP_001289157.1 glutamate receptor, metabotropic 8a [Danio rerio]
NP_114073.1	842	877	24.629	106	225	1.38e-61	XP_009298329.1 glutamate receptor, metabotropic 8a isoform X2 [Danio rerio]
NP_114073.1	842	497	31.187	52	223	3.38e-63	XP_021323517.1 vomeronasal type-2 receptor 1-like isoform X2 [Danio rerio]
NP_114073.1	842	843	24.437	101	222	1.29e-60	XP_005172971.1 metabotropic glutamate receptor 2 isoform X1 [Danio rerio]
NP_114073.1	842	843	24.437	101	222	1.29e-60	XP_005172970.1 metabotropic glutamate receptor 2 isoform X1 [Danio rerio]
NP_114073.1	842	843	24.437	101	222	1.29e-60	XP_005172969.1 metabotropic glutamate receptor 2 isoform X1 [Danio rerio]
NP_114073.1	842	843	24.437	101	222	1.29e-60	NP_001274476.1 metabotropic glutamate receptor 2 precursor [Danio rerio]
NP_114073.1	842	478	31.590	21	221	5.36e-63	XP_021323612.1 extracellular calcium-sensing receptor-like, partial [Danio rerio]
NP_114078.1	858	516	29.264	50	219	1.97e-61	XP_009291999.1 extracellular calcium-sensing receptor-like isoform X3 [Danio rerio]
NP_114078.1	858	514	28.988	49	219	1.80e-61	XP_021328988.1 extracellular calcium-sensing receptor-like isoform X3 [Danio rerio]
NP_114073.1	842	844	24.763	103	219	1.20e-59	NP_001289154.1 metabotropic glutamate receptor 2 precursor [Danio rerio]
NP_114073.1	842	550	29.818	58	219	1.59e-61	XP_009291990.1 extracellular calcium-sensing receptor isoform X2 [Danio rerio]
NP_114079.1	843	459	30.937	45	218	9.22e-61	XP_021328988.1 extracellular calcium-sensing receptor-like isoform X3 [Danio rerio]
NP_114079.1	843	459	30.937	45	218	7.20e-61	XP_009291999.1 extracellular calcium-sensing receptor-like isoform X3 [Danio rerio]
NP_114073.1	842	523	28.681	46	218	5.26e-61	XP_009291944.1 olfactory receptor C family, g5 isoform X1 [Danio rerio]
NP_114073.1	842	503	30.815	58	218	4.00e-61	XP_021323516.1 vomeronasal type-2 receptor 1-like isoform X1 [Danio rerio]
NP_114078.1	858	844	23.697	87	217	1.40e-58	XP_021332465.1 metabotropic glutamate receptor 2 isoform X1 [Danio rerio]
NP_114078.1	858	844	23.697	87	217	1.40e-58	XP_005166174.1 metabotropic glutamate receptor 2 isoform X1 [Danio rerio]
NP_114073.1	842	844	24.645	103	217	8.35e-59	XP_021332465.1 metabotropic glutamate receptor 2 isoform X1 [Danio rerio]
NP_114073.1	842	844	24.645	103	217	8.35e-59	XP_005166174.1 metabotropic glutamate receptor 2 isoform X1 [Danio rerio]
NP_114079.1	843	864	23.611	112	216	4.19e-58	XP_009291102.1 metabotropic glutamate receptor 1 isoform X2 [Danio rerio]
NP_114078.1	858	889	23.735	125	216	3.64e-58	NP_001289176.1 metabotropic glutamate receptor 7 precursor [Danio rerio]
NP_114078.1	858	856	25.467	79	216	2.77e-58	XP_005159074.1 metabotropic glutamate receptor 3 isoform X1 [Danio rerio]
NP_114078.1	858	856	25.467	79	216	2.77e-58	NP_001121815.1 metabotropic glutamate receptor 3 precursor [Danio rerio]
NP_114073.1	842	525	28.952	33	216	3.74e-60	XP_009291954.1 olfactory receptor C family, d2 isoform X1 [Danio rerio]
NP_114079.1	843	864	23.611	112	215	1.40e-57	XP_009291101.1 metabotropic glutamate receptor 1 isoform X1 [Danio rerio]
NP_114079.1	843	589	28.183	52	215	5.11e-60	XP_017207588.1 extracellular calcium-sensing receptor isoform X3 [Danio rerio]
NP_114078.1	858	844	23.697	87	215	4.16e-58	NP_001289154.1 metabotropic glutamate receptor 2 precursor [Danio rerio]
NP_114079.1	843	864	23.611	112	214	4.12e-57	NP_001289181.1 metabotropic glutamate receptor 1 precursor [Danio rerio]
NP_114079.1	843	551	26.316	73	214	7.08e-60	XP_009291944.1 olfactory receptor C family, g5 isoform X1 [Danio rerio]
NP_114078.1	858	839	24.315	62	214	1.19e-57	XP_009291102.1 metabotropic glutamate receptor 1 isoform X2 [Danio rerio]
NP_114073.1	842	566	28.975	54	214	1.04e-59	XP_009291988.2 extracellular calcium-sensing receptor isoform X3 [Danio rerio]
NP_114073.1	842	466	31.974	49	214	5.67e-60	XP_021323385.1 vomeronasal 2 receptor, h7 isoform X1 [Danio rerio]
NP_114079.1	843	559	31.843	77	213	2.64e-59	XP_009291990.1 extracellular calcium-sensing receptor isoform X2 [Danio rerio]
NP_114079.1	843	547	28.336	47	213	2.30e-59	XP_009291958.1 extracellular calcium-sensing receptor-like isoform X2 [Danio rerio]
NP_114078.1	858	839	24.195	62	213	8.00e-57	XP_009291101.1 metabotropic glutamate receptor 1 isoform X1 [Danio rerio]
NP_114073.1	842	565	28.673	56	213	2.02e-59	XP_021323515.1 extracellular calcium-sensing receptor isoform X3 [Danio rerio]
NP_114073.1	842	540	28.889	51	213	1.67e-59	XP_009291958.1 extracellular calcium-sensing receptor-like isoform X2 [Danio rerio]
NP_114078.1	858	849	24.617	81	212	1.09e-56	XP_009293059.1 metabotropic glutamate receptor 1 isoform X2 [Danio rerio]
NP_114078.1	858	839	24.195	62	212	2.86e-56	NP_001289181.1 metabotropic glutamate receptor 1 precursor [Danio rerio]
NP_114078.1	858	542	28.229	48	212	5.88e-59	XP_009291945.1 olfactory receptor C family, h1 isoform X1 [Danio rerio]
NP_114073.1	842	522	28.161	38	212	5.37e-59	XP_021323241.1 olfactory receptor C family, g1 isoform X1 [Danio rerio]
NP_114073.1	842	458	31.223	51	212	3.74e-60	XP_021323520.1 vomeronasal type-2 receptor 1-like, partial [Danio rerio]
NP_114079.1	843	553	32.369	65	211	2.08e-58	XP_009291988.2 extracellular calcium-sensing receptor isoform X3 [Danio rerio]
NP_114078.1	858	855	24.561	93	211	3.92e-56	XP_002665785.3 metabotropic glutamate receptor 1 isoform X1 [Danio rerio]
NP_114073.1	842	397	34.509	7	211	2.53e-60	XP_009291947.1 olfactory receptor C family, h1 isoform X3 [Danio rerio]
NP_114079.1	843	857	23.687	98	210	9.52e-56	NP_001289167.1 metabotropic glutamate receptor 5 precursor [Danio rerio]
NP_114079.1	843	554	27.076	50	209	5.91e-58	XP_009291982.2 extracellular calcium-sensing receptor [Danio rerio]
NP_114079.1	843	553	32.369	65	209	1.03e-57	XP_021323515.1 extracellular calcium-sensing receptor isoform X3 [Danio rerio]
NP_114078.1	858	534	29.401	38	209	1.19e-57	XP_009291988.2 extracellular calcium-sensing receptor isoform X3 [Danio rerio]
NP_114078.1	858	455	29.011	35	209	5.22e-58	XP_021323517.1 vomeronasal type-2 receptor 1-like isoform X2 [Danio rerio]
NP_114078.1	858	539	29.128	38	208	1.60e-57	XP_021323515.1 extracellular calcium-sensing receptor isoform X3 [Danio rerio]
NP_114078.1	858	514	28.599	42	208	1.48e-57	XP_009291958.1 extracellular calcium-sensing receptor-like isoform X2 [Danio rerio]
NP_114079.1	843	565	28.319	51	207	3.41e-57	XP_021323514.1 extracellular calcium-sensing receptor isoform X2 [Danio rerio]
NP_114079.1	843	565	28.319	51	207	3.41e-57	XP_009291987.1 extracellular calcium-sensing receptor isoform X2 [Danio rerio]
NP_114079.1	843	441	30.612	45	207	9.07e-58	XP_009292000.1 vomeronasal type-2 receptor 1-like isoform X4 [Danio rerio]
NP_114073.1	842	430	32.558	56	206	8.30e-58	XP_009292011.1 vomeronasal type-2 receptor 1-like isoform X2 [Danio rerio]
NP_114073.1	842	430	32.558	56	206	6.87e-58	XP_009292013.1 extracellular calcium-sensing receptor-like isoform X2 [Danio rerio]
NP_114078.1	858	842	23.397	66	205	1.86e-54	NP_001073489.1 glutamate receptor, metabotropic 6b [Danio rerio]
NP_114078.1	858	869	22.325	75	204	3.58e-54	XP_021332580.1 metabotropic glutamate receptor 4 isoform X2 [Danio rerio]
NP_114078.1	858	841	23.424	64	204	4.29e-54	XP_021333966.1 glutamate receptor, metabotropic 6a isoform X1 [Danio rerio]
NP_114079.1	843	490	29.592	50	203	4.67e-56	XP_021323517.1 vomeronasal type-2 receptor 1-like isoform X2 [Danio rerio]
NP_114078.1	858	869	22.325	75	203	5.49e-54	XP_695566.4 metabotropic glutamate receptor 4 isoform X1 [Danio rerio]
NP_114078.1	858	869	22.325	75	203	5.49e-54	XP_021332579.1 metabotropic glutamate receptor 4 isoform X1 [Danio rerio]
NP_114078.1	858	461	28.633	41	203	6.10e-56	XP_021323516.1 vomeronasal type-2 receptor 1-like isoform X1 [Danio rerio]
NP_114078.1	858	869	22.209	75	202	1.16e-53	NP_001289170.1 metabotropic glutamate receptor 4 precursor [Danio rerio]
NP_114078.1	858	851	24.089	113	202	1.63e-53	XP_005172971.1 metabotropic glutamate receptor 2 isoform X1 [Danio rerio]
NP_114078.1	858	851	24.089	113	202	1.63e-53	XP_005172970.1 metabotropic glutamate receptor 2 isoform X1 [Danio rerio]
NP_114078.1	858	851	24.089	113	202	1.63e-53	XP_005172969.1 metabotropic glutamate receptor 2 isoform X1 [Danio rerio]
NP_114078.1	858	851	24.089	113	202	1.63e-53	NP_001274476.1 metabotropic glutamate receptor 2 precursor [Danio rerio]
NP_114078.1	858	841	23.543	65	202	1.91e-53	NP_001116764.1 glutamate receptor, metabotropic 6a [Danio rerio]
NP_114078.1	858	532	29.323	40	202	3.81e-55	XP_009291990.1 extracellular calcium-sensing receptor isoform X2 [Danio rerio]
NP_114078.1	858	458	28.603	40	201	8.10e-56	XP_009292000.1 vomeronasal type-2 receptor 1-like isoform X4 [Danio rerio]
NP_114073.1	842	407	30.221	11	201	1.10e-56	XP_009291991.1 extracellular calcium-sensing receptor isoform X3 [Danio rerio]
NP_114078.1	858	518	29.151	36	200	1.41e-54	XP_021323241.1 olfactory receptor C family, g1 isoform X1 [Danio rerio]
NP_114079.1	843	549	26.594	45	199	2.90e-54	XP_021323241.1 olfactory receptor C family, g1 isoform X1 [Danio rerio]
NP_114079.1	843	459	30.719	44	199	1.20e-54	XP_021323385.1 vomeronasal 2 receptor, h7 isoform X1 [Danio rerio]
NP_114078.1	858	867	23.760	124	199	3.06e-52	NP_001289167.1 metabotropic glutamate receptor 5 precursor [Danio rerio]
NP_114078.1	858	860	23.372	104	198	2.71e-52	XP_001922055.2 glutamate receptor, metabotropic 8b isoform X1 [Danio rerio]
NP_114078.1	858	860	23.372	104	198	2.71e-52	NP_001274468.1 glutamate receptor, metabotropic 8b precursor [Danio rerio]
NP_114079.1	843	498	29.719	60	197	6.45e-54	XP_021323516.1 vomeronasal type-2 receptor 1-like isoform X1 [Danio rerio]
NP_114079.1	843	488	30.328	25	197	2.61e-54	XP_021323612.1 extracellular calcium-sensing receptor-like, partial [Danio rerio]
NP_114079.1	843	854	22.014	94	196	2.63e-51	NP_001315639.1 glutamate receptor, metabotropic 5a [Danio rerio]
NP_114079.1	843	854	22.014	94	196	2.40e-51	XP_009303580.3 glutamate receptor, metabotropic 5a isoform X1 [Danio rerio]
NP_114078.1	858	864	23.495	120	196	4.79e-51	NP_001315639.1 glutamate receptor, metabotropic 5a [Danio rerio]
NP_114078.1	858	864	23.495	120	196	4.38e-51	XP_009303580.3 glutamate receptor, metabotropic 5a isoform X1 [Danio rerio]
NP_114078.1	858	553	29.476	57	195	6.63e-53	XP_017207588.1 extracellular calcium-sensing receptor isoform X3 [Danio rerio]
NP_114073.1	842	445	30.562	69	195	7.02e-54	XP_021328989.1 vomeronasal type-2 receptor 1-like isoform X6 [Danio rerio]
NP_114078.1	858	529	27.977	47	194	9.67e-53	XP_009292028.1 extracellular calcium-sensing receptor isoform X2 [Danio rerio]
NP_114078.1	858	518	27.799	38	194	1.06e-52	XP_009291944.1 olfactory receptor C family, g5 isoform X1 [Danio rerio]
NP_114079.1	843	547	27.422	43	192	1.75e-51	XP_009291954.1 olfactory receptor C family, d2 isoform X1 [Danio rerio]
NP_114073.1	842	408	29.657	3	192	4.31e-52	NP_001121719.1 olfactory receptor C family, r1 precursor [Danio rerio]
NP_114078.1	858	464	28.017	42	190	2.66e-52	XP_021323520.1 vomeronasal type-2 receptor 1-like, partial [Danio rerio]
NP_114079.1	843	405	30.370	37	189	7.50e-52	XP_021323520.1 vomeronasal type-2 receptor 1-like, partial [Danio rerio]
NP_114078.1	858	485	28.866	36	189	4.20e-51	XP_021323507.1 extracellular calcium-sensing receptor-like isoform X1 [Danio rerio]
NP_114073.1	842	405	28.642	40	189	8.07e-52	XP_009291946.1 olfactory receptor C family, h1 isoform X2 [Danio rerio]
NP_114079.1	843	406	30.788	37	187	6.02e-51	XP_009292011.1 vomeronasal type-2 receptor 1-like isoform X2 [Danio rerio]
NP_114079.1	843	406	30.788	37	186	1.15e-50	XP_009292013.1 extracellular calcium-sensing receptor-like isoform X2 [Danio rerio]
NP_114078.1	858	537	28.864	49	186	8.83e-50	XP_009291982.2 extracellular calcium-sensing receptor [Danio rerio]
NP_114078.1	858	495	28.687	36	186	2.71e-50	XP_021323612.1 extracellular calcium-sensing receptor-like, partial [Danio rerio]
NP_114079.1	843	443	27.314	39	184	1.31e-49	XP_021323507.1 extracellular calcium-sensing receptor-like isoform X1 [Danio rerio]
NP_114078.1	858	868	22.696	119	183	3.21e-47	XP_009298326.1 glutamate receptor, metabotropic 8a isoform X1 [Danio rerio]
NP_114078.1	858	868	22.696	119	183	3.21e-47	NP_001289157.1 glutamate receptor, metabotropic 8a [Danio rerio]
NP_114078.1	858	863	22.480	109	183	2.82e-47	XP_009298329.1 glutamate receptor, metabotropic 8a isoform X2 [Danio rerio]
NP_114079.1	843	683	25.329	88	180	4.30e-47	XP_021332581.1 metabotropic glutamate receptor 4 isoform X3 [Danio rerio]
NP_114078.1	858	531	29.190	57	179	5.26e-47	XP_021323514.1 extracellular calcium-sensing receptor isoform X2 [Danio rerio]
NP_114078.1	858	531	29.190	57	179	5.26e-47	XP_009291987.1 extracellular calcium-sensing receptor isoform X2 [Danio rerio]
NP_114078.1	858	454	28.194	65	179	3.09e-48	XP_021328989.1 vomeronasal type-2 receptor 1-like isoform X6 [Danio rerio]
NP_114078.1	858	403	29.777	30	178	6.33e-48	XP_009291946.1 olfactory receptor C family, h1 isoform X2 [Danio rerio]
NP_114079.1	843	404	28.218	41	177	7.73e-48	XP_021323508.1 extracellular calcium-sensing receptor-like isoform X2 [Danio rerio]
NP_114078.1	858	444	29.505	35	177	6.56e-48	XP_021323508.1 extracellular calcium-sensing receptor-like isoform X2 [Danio rerio]
NP_114073.1	842	394	30.203	37	176	2.31e-47	XP_009291964.2 extracellular calcium-sensing receptor-like [Danio rerio]
NP_114073.1	842	365	29.315	1	176	7.39e-48	XP_021323523.1 extracellular calcium-sensing receptor isoform X3 [Danio rerio]
NP_114079.1	843	441	28.571	78	173	4.26e-46	XP_021328989.1 vomeronasal type-2 receptor 1-like isoform X6 [Danio rerio]
NP_114073.1	842	480	26.667	40	173	7.49e-46	XP_021323507.1 extracellular calcium-sensing receptor-like isoform X1 [Danio rerio]
NP_114078.1	858	531	29.190	55	172	8.89e-45	XP_009291954.1 olfactory receptor C family, d2 isoform X1 [Danio rerio]
NP_114079.1	843	396	27.525	35	169	6.58e-45	XP_009291946.1 olfactory receptor C family, h1 isoform X2 [Danio rerio]
NP_114078.1	858	423	27.423	35	168	2.99e-44	XP_009292011.1 vomeronasal type-2 receptor 1-like isoform X2 [Danio rerio]
NP_114073.1	842	335	29.552	2	168	1.79e-45	XP_021323510.1 extracellular calcium-sensing receptor [Danio rerio]
NP_114079.1	843	416	29.567	22	166	4.00e-44	XP_009291947.1 olfactory receptor C family, h1 isoform X3 [Danio rerio]
NP_114078.1	858	475	27.579	39	166	2.81e-43	XP_021323385.1 vomeronasal 2 receptor, h7 isoform X1 [Danio rerio]
NP_114078.1	858	423	27.187	35	166	1.92e-43	XP_009292013.1 extracellular calcium-sensing receptor-like isoform X2 [Danio rerio]
NP_114073.1	842	673	22.883	58	166	2.02e-42	XP_021332581.1 metabotropic glutamate receptor 4 isoform X3 [Danio rerio]
NP_114073.1	842	471	28.238	25	164	5.08e-43	XP_017207378.1 olfactory receptor C family, g3 isoform X2 [Danio rerio]
NP_114073.1	842	354	29.944	4	164	7.94e-44	XP_021323244.1 odorant receptor isoform X1 [Danio rerio]
NP_114079.1	843	422	26.540	52	163	7.48e-43	XP_009291964.2 extracellular calcium-sensing receptor-like [Danio rerio]
NP_114078.1	858	479	26.305	33	162	2.55e-42	XP_017207378.1 olfactory receptor C family, g3 isoform X2 [Danio rerio]
NP_114078.1	858	414	27.778	18	162	1.17e-42	XP_009291991.1 extracellular calcium-sensing receptor isoform X3 [Danio rerio]
NP_114073.1	842	431	27.378	35	162	1.13e-42	XP_021323508.1 extracellular calcium-sensing receptor-like isoform X2 [Danio rerio]
NP_114078.1	858	397	27.708	19	160	5.33e-41	NP_001121719.1 olfactory receptor C family, r1 precursor [Danio rerio]
NP_114079.1	843	412	29.126	20	159	1.09e-41	XP_009291991.1 extracellular calcium-sensing receptor isoform X3 [Danio rerio]
NP_114078.1	858	266	33.835	16	158	2.30e-42	XP_009292002.1 vomeronasal type-2 receptor 1-like isoform X5 [Danio rerio]
NP_114078.1	858	422	27.962	20	156	1.48e-40	XP_009291964.2 extracellular calcium-sensing receptor-like [Danio rerio]
NP_114079.1	843	412	29.126	9	153	8.36e-39	NP_001121719.1 olfactory receptor C family, r1 precursor [Danio rerio]
NP_114073.1	842	256	32.422	14	147	9.06e-39	XP_009292002.1 vomeronasal type-2 receptor 1-like isoform X5 [Danio rerio]
NP_114079.1	843	474	23.629	43	142	1.42e-35	XP_017207378.1 olfactory receptor C family, g3 isoform X2 [Danio rerio]
NP_114078.1	858	387	27.649	31	141	6.90e-36	XP_021323523.1 extracellular calcium-sensing receptor isoform X3 [Danio rerio]
NP_114078.1	858	347	27.378	8	141	4.19e-36	XP_021323510.1 extracellular calcium-sensing receptor [Danio rerio]
NP_114073.1	842	306	28.758	7	139	6.60e-36	XP_021323613.1 extracellular calcium-sensing receptor isoform X1, partial [Danio rerio]
NP_114079.1	843	342	28.655	3	138	7.79e-35	XP_021323523.1 extracellular calcium-sensing receptor isoform X3 [Danio rerio]
NP_114078.1	858	242	31.818	7	137	1.34e-35	XP_017207580.1 extracellular calcium-sensing receptor-like isoform X3 [Danio rerio]
NP_114079.1	843	254	33.465	21	135	2.25e-34	XP_009292002.1 vomeronasal type-2 receptor 1-like isoform X5 [Danio rerio]
NP_114079.1	843	346	29.769	22	133	2.62e-33	XP_021323510.1 extracellular calcium-sensing receptor [Danio rerio]
NP_114078.1	858	408	25.980	26	129	1.13e-31	XP_009291947.1 olfactory receptor C family, h1 isoform X3 [Danio rerio]
NP_114078.1	858	669	20.179	61	126	2.14e-29	XP_021332581.1 metabotropic glutamate receptor 4 isoform X3 [Danio rerio]
NP_114078.1	858	362	25.414	12	125	1.75e-30	XP_021323244.1 odorant receptor isoform X1 [Danio rerio]
NP_114079.1	843	300	28.000	9	124	1.36e-30	XP_021323613.1 extracellular calcium-sensing receptor isoform X1, partial [Danio rerio]
NP_114078.1	858	318	26.730	20	124	1.58e-30	XP_021323613.1 extracellular calcium-sensing receptor isoform X1, partial [Danio rerio]
NP_114073.1	842	220	31.364	12	124	7.29e-31	XP_017207580.1 extracellular calcium-sensing receptor-like isoform X3 [Danio rerio]
NP_114079.1	843	364	29.121	34	122	1.05e-29	XP_021323244.1 odorant receptor isoform X1 [Danio rerio]
NP_114073.1	842	255	30.196	3	121	5.10e-30	XP_021323519.1 extracellular calcium-sensing receptor-like [Danio rerio]
NP_114078.1	858	263	26.996	19	108	7.62e-26	XP_021323519.1 extracellular calcium-sensing receptor-like [Danio rerio]
NP_114079.1	843	244	24.590	18	102	1.93e-23	XP_017207580.1 extracellular calcium-sensing receptor-like isoform X3 [Danio rerio]
NP_114079.1	843	259	27.799	8	95.9	2.47e-21	XP_021323519.1 extracellular calcium-sensing receptor-like [Danio rerio]
NP_114078.1	858	153	29.412	0	89.4	1.56e-17	XP_009292045.1 vomeronasal type-2 receptor 1 [Danio rerio]
NP_114078.1	858	136	31.618	5	70.5	1.93e-13	XP_021323518.1 vomeronasal type-2 receptor 1-like isoform X3 [Danio rerio]
NP_114073.1	842	141	31.206	10	62.8	7.40e-11	XP_021323518.1 vomeronasal type-2 receptor 1-like isoform X3 [Danio rerio]
NP_114079.1	843	165	25.455	11	59.7	1.92e-08	XP_005171834.1 glutamate receptor, ionotropic, N-methyl D-aspartate 1b isoform X2 [Danio rerio]
NP_114079.1	843	165	25.455	11	59.3	2.55e-08	NP_001137603.1 glutamate receptor, ionotropic, N-methyl D-aspartate 1b precursor [Danio rerio]
NP_114079.1	843	160	25.625	22	59.3	2.71e-08	XP_005171833.1 glutamate receptor, ionotropic, N-methyl D-aspartate 1b isoform X1 [Danio rerio]
NP_114079.1	843	165	25.455	11	58.5	4.12e-08	XP_005161125.1 glutamate receptor, ionotropic, N-methyl D-aspartate 1a isoform X6 [Danio rerio]
NP_114079.1	843	165	25.455	11	58.5	3.86e-08	NP_001070182.2 glutamate receptor, ionotropic, N-methyl D-aspartate 1a precursor [Danio rerio]
NP_114079.1	843	165	25.455	11	58.5	3.67e-08	XP_005161126.1 glutamate receptor, ionotropic, N-methyl D-aspartate 1a isoform X7 [Danio rerio]
NP_114079.1	843	165	25.455	11	58.2	5.71e-08	XP_009293491.1 glutamate receptor, ionotropic, N-methyl D-aspartate 1a isoform X2 [Danio rerio]
NP_114079.1	843	165	25.455	11	58.2	5.52e-08	XP_005161118.1 glutamate receptor, ionotropic, N-methyl D-aspartate 1a isoform X1 [Danio rerio]
NP_114079.1	843	165	25.455	11	58.2	5.22e-08	XP_021324588.1 glutamate receptor, ionotropic, N-methyl D-aspartate 1a isoform X8 [Danio rerio]
NP_114079.1	843	165	25.455	11	58.2	5.01e-08	XP_021324586.1 glutamate receptor, ionotropic, N-methyl D-aspartate 1a isoform X3 [Danio rerio]
NP_114079.1	843	441	21.542	80	56.6	1.46e-07	XP_694497.5 gamma-aminobutyric acid type B receptor subunit 1 [Danio rerio]
NP_114079.1	843	429	21.445	56	55.8	3.26e-07	XP_003200653.2 gamma-aminobutyric acid type B receptor subunit 1 isoform X2 [Danio rerio]
NP_114079.1	843	429	21.445	56	55.5	3.49e-07	XP_005170159.1 gamma-aminobutyric acid type B receptor subunit 1 isoform X1 [Danio rerio]
NP_114078.1	858	95	30.526	0	54.7	6.77e-07	NP_001137515.1 gamma-aminobutyric acid type B receptor subunit 2 precursor [Danio rerio]
NP_114079.1	843	191	24.607	25	53.9	1.18e-06	XP_005161127.1 glutamate receptor, ionotropic, N-methyl D-aspartate 1a isoform X10 [Danio rerio]
NP_114079.1	843	160	25.625	22	53.5	1.65e-06	XP_021324589.1 glutamate receptor, ionotropic, N-methyl D-aspartate 1a isoform X9 [Danio rerio]
NP_114079.1	843	160	25.625	22	53.5	1.65e-06	XP_009293494.1 glutamate receptor, ionotropic, N-methyl D-aspartate 1a isoform X5 [Danio rerio]
NP_114079.1	843	160	25.625	22	53.1	1.67e-06	XP_009293492.1 glutamate receptor, ionotropic, N-methyl D-aspartate 1a isoform X4 [Danio rerio]
NP_114078.1	858	159	25.786	11	51.2	7.36e-06	XP_005171833.1 glutamate receptor, ionotropic, N-methyl D-aspartate 1b isoform X1 [Danio rerio]
NP_114079.1	843	146	30.137	15	50.4	1.40e-06	XP_021323518.1 vomeronasal type-2 receptor 1-like isoform X3 [Danio rerio]
There are 176 unique query sequences with significant hits 31 contain the term metabotropic 4 contain taste and 11 contain vomeronasal
