NP_114073.1	842	881	24.972	108	242	2.14e-67	NP_524639.2 metabotropic glutamate receptor, isoform A [Drosophila melanogaster]
NP_114073.1	842	881	24.972	108	242	2.14e-67	NP_001259076.1 metabotropic glutamate receptor, isoform B [Drosophila melanogaster]
NP_114079.1	843	886	23.251	136	226	6.49e-62	NP_524639.2 metabotropic glutamate receptor, isoform A [Drosophila melanogaster]
NP_114079.1	843	886	23.251	136	226	6.49e-62	NP_001259076.1 metabotropic glutamate receptor, isoform B [Drosophila melanogaster]
NP_114079.1	843	837	25.687	80	224	9.56e-61	NP_724683.2 mangetout, isoform F [Drosophila melanogaster]
NP_114079.1	843	837	25.687	80	224	1.59e-60	NP_001137619.1 mangetout, isoform D [Drosophila melanogaster]
NP_114079.1	843	837	25.568	80	224	6.33e-61	NP_610386.2 mangetout, isoform E [Drosophila melanogaster]
NP_114079.1	843	837	25.687	80	223	3.49e-60	NP_001260806.1 mangetout, isoform G [Drosophila melanogaster]
NP_114073.1	842	835	25.030	86	214	3.92e-57	NP_001137619.1 mangetout, isoform D [Drosophila melanogaster]
NP_114073.1	842	835	25.030	86	214	1.98e-57	NP_724683.2 mangetout, isoform F [Drosophila melanogaster]
NP_114073.1	842	835	25.150	86	213	6.23e-57	NP_001260806.1 mangetout, isoform G [Drosophila melanogaster]
NP_114073.1	842	837	24.851	86	212	6.69e-57	NP_610386.2 mangetout, isoform E [Drosophila melanogaster]
NP_114078.1	858	919	24.483	143	199	1.67e-52	NP_524639.2 metabotropic glutamate receptor, isoform A [Drosophila melanogaster]
NP_114078.1	858	919	24.483	143	199	1.67e-52	NP_001259076.1 metabotropic glutamate receptor, isoform B [Drosophila melanogaster]
NP_114078.1	858	849	21.790	90	150	9.90e-37	NP_001137619.1 mangetout, isoform D [Drosophila melanogaster]
NP_114078.1	858	849	21.790	90	150	9.59e-37	NP_610386.2 mangetout, isoform E [Drosophila melanogaster]
NP_114078.1	858	849	21.790	90	150	7.67e-37	NP_724683.2 mangetout, isoform F [Drosophila melanogaster]
NP_114078.1	858	849	21.790	90	149	2.39e-36	NP_001260806.1 mangetout, isoform G [Drosophila melanogaster]
NP_114073.1	842	506	25.494	88	129	2.69e-31	NP_001259077.1 metabotropic glutamate receptor, isoform C [Drosophila melanogaster]
NP_114078.1	858	434	28.111	67	127	2.41e-30	NP_001259077.1 metabotropic glutamate receptor, isoform C [Drosophila melanogaster]
NP_114079.1	843	573	24.084	56	125	3.34e-29	NP_995780.1 mangetout, isoform C [Drosophila melanogaster]
NP_114079.1	843	520	23.269	115	118	1.44e-27	NP_001259077.1 metabotropic glutamate receptor, isoform C [Drosophila melanogaster]
NP_114073.1	842	579	23.143	65	113	1.68e-25	NP_995780.1 mangetout, isoform C [Drosophila melanogaster]
NP_114078.1	858	197	31.980	21	98.6	3.75e-22	NP_001284718.1 metabotropic glutamate receptor, isoform D [Drosophila melanogaster]
NP_114073.1	842	210	30.476	20	90.5	2.09e-19	NP_001284718.1 metabotropic glutamate receptor, isoform D [Drosophila melanogaster]
NP_114079.1	843	208	29.327	28	86.7	3.70e-18	NP_001284718.1 metabotropic glutamate receptor, isoform D [Drosophila melanogaster]
NP_114078.1	858	203	31.527	30	70.5	6.05e-12	NP_729905.2 uncharacterized protein Dmel_CG10738, isoform D [Drosophila melanogaster]
NP_114078.1	858	203	31.527	30	70.5	5.93e-12	NP_001246742.1 uncharacterized protein Dmel_CG10738, isoform E [Drosophila melanogaster]
NP_114078.1	858	203	31.527	30	70.1	6.53e-12	NP_648653.2 uncharacterized protein Dmel_CG10738, isoform C [Drosophila melanogaster]
NP_114078.1	858	203	31.527	30	70.1	6.14e-12	NP_001246743.1 uncharacterized protein Dmel_CG10738, isoform F [Drosophila melanogaster]
NP_114078.1	858	407	21.867	42	64.7	2.53e-10	NP_995780.1 mangetout, isoform C [Drosophila melanogaster]
NP_114078.1	858	188	27.660	30	63.2	5.16e-10	NP_001285552.1 metabotropic GABA-B receptor subtype 3, isoform H [Drosophila melanogaster]
NP_114078.1	858	188	27.128	30	62.4	7.19e-10	NP_001285553.1 metabotropic GABA-B receptor subtype 3, isoform F [Drosophila melanogaster]
NP_114078.1	858	151	29.801	14	62.4	1.33e-09	NP_001162846.1 metabotropic GABA-B receptor subtype 3, isoform C [Drosophila melanogaster]
NP_114078.1	858	188	27.128	30	62.0	1.92e-09	NP_722648.2 metabotropic GABA-B receptor subtype 3, isoform E [Drosophila melanogaster]
NP_114078.1	858	188	27.128	30	62.0	1.92e-09	NP_523447.2 metabotropic GABA-B receptor subtype 3, isoform A [Drosophila melanogaster]
NP_114078.1	858	188	27.128	30	62.0	1.92e-09	NP_001285554.1 metabotropic GABA-B receptor subtype 3, isoform G [Drosophila melanogaster]
NP_114078.1	858	188	27.128	30	62.0	1.92e-09	NP_001245826.1 metabotropic GABA-B receptor subtype 3, isoform D [Drosophila melanogaster]
NP_114079.1	843	207	26.087	28	60.5	5.57e-09	NP_523569.3 metabotropic GABA-B receptor subtype 1, isoform B [Drosophila melanogaster]
NP_114079.1	843	207	26.087	28	60.5	5.57e-09	NP_001246033.1 metabotropic GABA-B receptor subtype 1, isoform C [Drosophila melanogaster]
NP_114073.1	842	271	26.199	42	60.1	8.81e-09	NP_001285834.1 guanylyl cyclase at 32E, isoform G [Drosophila melanogaster]
NP_114073.1	842	261	26.054	37	60.1	8.95e-09	NP_001097148.1 guanylyl cyclase at 32E, isoform B [Drosophila melanogaster]
NP_114073.1	842	261	26.054	37	59.7	9.53e-09	NP_788027.1 guanylyl cyclase at 32E, isoform D [Drosophila melanogaster]
NP_114079.1	843	149	27.517	16	53.9	4.83e-07	NP_001162846.1 metabotropic GABA-B receptor subtype 3, isoform C [Drosophila melanogaster]
NP_114079.1	843	149	27.517	16	53.9	3.98e-07	NP_001285552.1 metabotropic GABA-B receptor subtype 3, isoform H [Drosophila melanogaster]
NP_114079.1	843	149	27.517	16	53.5	4.46e-07	NP_001285553.1 metabotropic GABA-B receptor subtype 3, isoform F [Drosophila melanogaster]
NP_114079.1	843	149	27.517	16	53.1	9.54e-07	NP_722648.2 metabotropic GABA-B receptor subtype 3, isoform E [Drosophila melanogaster]
NP_114079.1	843	149	27.517	16	53.1	9.54e-07	NP_523447.2 metabotropic GABA-B receptor subtype 3, isoform A [Drosophila melanogaster]
NP_114079.1	843	149	27.517	16	53.1	9.54e-07	NP_001285554.1 metabotropic GABA-B receptor subtype 3, isoform G [Drosophila melanogaster]
NP_114079.1	843	149	27.517	16	53.1	9.54e-07	NP_001245826.1 metabotropic GABA-B receptor subtype 3, isoform D [Drosophila melanogaster]
NP_114078.1	858	191	21.990	18	50.8	6.13e-06	NP_788027.1 guanylyl cyclase at 32E, isoform D [Drosophila melanogaster]
NP_114078.1	858	191	21.990	18	50.8	5.67e-06	NP_001285834.1 guanylyl cyclase at 32E, isoform G [Drosophila melanogaster]
NP_114078.1	858	191	21.990	18	50.8	5.42e-06	NP_001097148.1 guanylyl cyclase at 32E, isoform B [Drosophila melanogaster]
NP_114078.1	858	140	27.857	20	50.4	6.49e-06	NP_523569.3 metabotropic GABA-B receptor subtype 1, isoform B [Drosophila melanogaster]
NP_114078.1	858	140	27.857	20	50.4	6.49e-06	NP_001246033.1 metabotropic GABA-B receptor subtype 1, isoform C [Drosophila melanogaster]
There are 25 unique query sequences with significant hits 13 contain the term metabotropic 0 contain taste and 0 contain vomeronasal
